<?xml version="1.0" encoding="UTF-8"?>
<!-- Generated by org.testng.reporters.JUnitXMLReporter -->
<testsuite ignored="53" hostname="ggolatkarbm1072" failures="1" tests="1" name="Default test" time="4.937" errors="0" timestamp="18 Mar 2021 12:02:15 GMT">
  <testcase classname="com.sogo.api.API_TC" name="API_TC50" time="3.989">
    <failure type="java.lang.AssertionError" message="null">
      <![CDATA[java.lang.AssertionError: null
at org.testng.Assert.fail(Assert.java:96)
at org.testng.Assert.fail(Assert.java:103)
at pageobjects.APIs.getData(APIs.java:712)
at com.sogo.api.API_TC.API_TC50(API_TC.java:3199)
at java.base/jdk.internal.reflect.NativeMethodAccessorImpl.invoke0(Native Method)
at java.base/jdk.internal.reflect.NativeMethodAccessorImpl.invoke(NativeMethodAccessorImpl.java:62)
at java.base/jdk.internal.reflect.DelegatingMethodAccessorImpl.invoke(DelegatingMethodAccessorImpl.java:43)
at java.base/java.lang.reflect.Method.invoke(Method.java:564)
at org.testng.internal.MethodInvocationHelper.invokeMethod(MethodInvocationHelper.java:124)
at org.testng.internal.Invoker.invokeMethod(Invoker.java:583)
at org.testng.internal.Invoker.invokeTestMethod(Invoker.java:719)
at org.testng.internal.Invoker.invokeTestMethods(Invoker.java:989)
at org.testng.internal.TestMethodWorker.invokeTestMethods(TestMethodWorker.java:125)
at org.testng.internal.TestMethodWorker.run(TestMethodWorker.java:109)
at org.testng.TestRunner.privateRun(TestRunner.java:648)
at org.testng.TestRunner.run(TestRunner.java:505)
at org.testng.SuiteRunner.runTest(SuiteRunner.java:455)
at org.testng.SuiteRunner.runSequentially(SuiteRunner.java:450)
at org.testng.SuiteRunner.privateRun(SuiteRunner.java:415)
at org.testng.SuiteRunner.run(SuiteRunner.java:364)
at org.testng.SuiteRunnerWorker.runSuite(SuiteRunnerWorker.java:52)
at org.testng.SuiteRunnerWorker.run(SuiteRunnerWorker.java:84)
at org.testng.TestNG.runSuitesSequentially(TestNG.java:1208)
at org.testng.TestNG.runSuitesLocally(TestNG.java:1137)
at org.testng.TestNG.runSuites(TestNG.java:1049)
at org.testng.TestNG.run(TestNG.java:1017)
at org.testng.remote.AbstractRemoteTestNG.run(AbstractRemoteTestNG.java:115)
at org.testng.remote.RemoteTestNG.initAndRun(RemoteTestNG.java:251)
at org.testng.remote.RemoteTestNG.main(RemoteTestNG.java:77)
]]>
    </failure>
  </testcase> <!-- API_TC50 -->
  <testcase classname="com.sogo.api.API_TC" name="API_TC17" time="0.0">
    <ignored/>
  </testcase> <!-- API_TC17 -->
  <testcase classname="com.sogo.api.API_TC" name="API_TC45" time="0.0">
    <ignored/>
  </testcase> <!-- API_TC45 -->
  <testcase classname="com.sogo.api.API_TC" name="API_TC6" time="0.0">
    <ignored/>
  </testcase> <!-- API_TC6 -->
  <testcase classname="com.sogo.api.API_TC" name="API_TC47" time="0.0">
    <ignored/>
  </testcase> <!-- API_TC47 -->
  <testcase classname="com.sogo.api.API_TC" name="API_TC44" time="0.0">
    <ignored/>
  </testcase> <!-- API_TC44 -->
  <testcase classname="com.sogo.api.API_TC" name="API_TC41" time="0.0">
    <ignored/>
  </testcase> <!-- API_TC41 -->
  <testcase classname="com.sogo.api.API_TC" name="API_TC46" time="0.0">
    <ignored/>
  </testcase> <!-- API_TC46 -->
  <testcase classname="com.sogo.api.API_TC" name="API_TC43" time="0.0">
    <ignored/>
  </testcase> <!-- API_TC43 -->
  <testcase classname="com.sogo.api.API_TC" name="API_TC40" time="0.0">
    <ignored/>
  </testcase> <!-- API_TC40 -->
  <testcase classname="com.sogo.api.API_TC" name="API_TC8" time="0.0">
    <ignored/>
  </testcase> <!-- API_TC8 -->
  <testcase classname="com.sogo.api.API_TC" name="API_TC42" time="0.0">
    <ignored/>
  </testcase> <!-- API_TC42 -->
  <testcase classname="com.sogo.api.API_TC" name="API_TC9" time="0.0">
    <ignored/>
  </testcase> <!-- API_TC9 -->
  <testcase classname="com.sogo.api.API_TC" name="API_TC49" time="0.0">
    <ignored/>
  </testcase> <!-- API_TC49 -->
  <testcase classname="com.sogo.api.API_TC" name="API_TC4" time="0.0">
    <ignored/>
  </testcase> <!-- API_TC4 -->
  <testcase classname="com.sogo.api.API_TC" name="API_TC7" time="0.0">
    <ignored/>
  </testcase> <!-- API_TC7 -->
  <testcase classname="com.sogo.api.API_TC" name="API_TC48" time="0.0">
    <ignored/>
  </testcase> <!-- API_TC48 -->
  <testcase classname="com.sogo.api.API_TC" name="API_TC5" time="0.0">
    <ignored/>
  </testcase> <!-- API_TC5 -->
  <testcase classname="com.sogo.api.API_TC" name="API_TC3" time="0.0">
    <ignored/>
  </testcase> <!-- API_TC3 -->
  <testcase classname="com.sogo.api.API_TC" name="API_TC28" time="0.0">
    <ignored/>
  </testcase> <!-- API_TC28 -->
  <testcase classname="com.sogo.api.API_TC" name="API_TC1" time="0.0">
    <ignored/>
  </testcase> <!-- API_TC1 -->
  <testcase classname="com.sogo.api.API_TC" name="API_TC2" time="0.0">
    <ignored/>
  </testcase> <!-- API_TC2 -->
  <testcase classname="com.sogo.api.API_TC" name="API_TC12" time="0.0">
    <ignored/>
  </testcase> <!-- API_TC12 -->
  <testcase classname="com.sogo.api.API_TC" name="API_TC14" time="0.0">
    <ignored/>
  </testcase> <!-- API_TC14 -->
  <testcase classname="com.sogo.api.API_TC" name="API_TC11" time="0.0">
    <ignored/>
  </testcase> <!-- API_TC11 -->
  <testcase classname="com.sogo.api.API_TC" name="API_TC52" time="0.0">
    <ignored/>
  </testcase> <!-- API_TC52 -->
  <testcase classname="com.sogo.api.API_TC" name="API_TC13" time="0.0">
    <ignored/>
  </testcase> <!-- API_TC13 -->
  <testcase classname="com.sogo.api.API_TC" name="API_TC54" time="0.0">
    <ignored/>
  </testcase> <!-- API_TC54 -->
  <testcase classname="com.sogo.api.API_TC" name="API_TC10" time="0.0">
    <ignored/>
  </testcase> <!-- API_TC10 -->
  <testcase classname="com.sogo.api.API_TC" name="API_TC51" time="0.0">
    <ignored/>
  </testcase> <!-- API_TC51 -->
  <testcase classname="com.sogo.api.API_TC" name="API_TC53" time="0.0">
    <ignored/>
  </testcase> <!-- API_TC53 -->
  <testcase classname="com.sogo.api.API_TC" name="API_TC19" time="0.0">
    <ignored/>
  </testcase> <!-- API_TC19 -->
  <testcase classname="com.sogo.api.API_TC" name="API_TC16" time="0.0">
    <ignored/>
  </testcase> <!-- API_TC16 -->
  <testcase classname="com.sogo.api.API_TC" name="API_TC18" time="0.0">
    <ignored/>
  </testcase> <!-- API_TC18 -->
  <testcase classname="com.sogo.api.API_TC" name="API_TC15" time="0.0">
    <ignored/>
  </testcase> <!-- API_TC15 -->
  <testcase classname="com.sogo.api.API_TC" name="API_TC39" time="0.0">
    <ignored/>
  </testcase> <!-- API_TC39 -->
  <testcase classname="com.sogo.api.API_TC" name="API_TC23" time="0.0">
    <ignored/>
  </testcase> <!-- API_TC23 -->
  <testcase classname="com.sogo.api.API_TC" name="API_TC25" time="0.0">
    <ignored/>
  </testcase> <!-- API_TC25 -->
  <testcase classname="com.sogo.api.API_TC" name="API_TC22" time="0.0">
    <ignored/>
  </testcase> <!-- API_TC22 -->
  <testcase classname="com.sogo.api.API_TC" name="API_TC24" time="0.0">
    <ignored/>
  </testcase> <!-- API_TC24 -->
  <testcase classname="com.sogo.api.API_TC" name="API_TC21" time="0.0">
    <ignored/>
  </testcase> <!-- API_TC21 -->
  <testcase classname="com.sogo.api.API_TC" name="API_TC20" time="0.0">
    <ignored/>
  </testcase> <!-- API_TC20 -->
  <testcase classname="com.sogo.api.API_TC" name="API_TC27" time="0.0">
    <ignored/>
  </testcase> <!-- API_TC27 -->
  <testcase classname="com.sogo.api.API_TC" name="API_TC29" time="0.0">
    <ignored/>
  </testcase> <!-- API_TC29 -->
  <testcase classname="com.sogo.api.API_TC" name="API_TC26" time="0.0">
    <ignored/>
  </testcase> <!-- API_TC26 -->
  <testcase classname="com.sogo.api.API_TC" name="API_TC34" time="0.0">
    <ignored/>
  </testcase> <!-- API_TC34 -->
  <testcase classname="com.sogo.api.API_TC" name="API_TC36" time="0.0">
    <ignored/>
  </testcase> <!-- API_TC36 -->
  <testcase classname="com.sogo.api.API_TC" name="API_TC33" time="0.0">
    <ignored/>
  </testcase> <!-- API_TC33 -->
  <testcase classname="com.sogo.api.API_TC" name="API_TC30" time="0.0">
    <ignored/>
  </testcase> <!-- API_TC30 -->
  <testcase classname="com.sogo.api.API_TC" name="API_TC35" time="0.0">
    <ignored/>
  </testcase> <!-- API_TC35 -->
  <testcase classname="com.sogo.api.API_TC" name="API_TC32" time="0.0">
    <ignored/>
  </testcase> <!-- API_TC32 -->
  <testcase classname="com.sogo.api.API_TC" name="API_TC31" time="0.0">
    <ignored/>
  </testcase> <!-- API_TC31 -->
  <testcase classname="com.sogo.api.API_TC" name="API_TC38" time="0.0">
    <ignored/>
  </testcase> <!-- API_TC38 -->
  <testcase classname="com.sogo.api.API_TC" name="API_TC37" time="0.0">
    <ignored/>
  </testcase> <!-- API_TC37 -->
</testsuite> <!-- Default test -->
