<?xml version="1.0" encoding="UTF-8"?>
<testsuite name="Update and add new records within existing list."
           tests="4"
           failures="0"
           errors="0"
           skipped="0"
           time="199.294">
  <properties />
  
  
            <testcase name="API_TC54" time="51.055" classname="com.sogo.api.API_TC" />
                <testcase name="API_TC51" time="54.332" classname="com.sogo.api.API_TC" />
                <testcase name="API_TC53" time="44.793" classname="com.sogo.api.API_TC" />
                <testcase name="API_TC52" time="49.114" classname="com.sogo.api.API_TC" />
      
</testsuite>
