<?xml version="1.0" encoding="UTF-8"?>
<!-- Generated by org.testng.reporters.JUnitXMLReporter -->
<testsuite ignored="43" hostname="ggolatkarbm1072" failures="1" tests="8" name="Obtain the multi-use link of a survey." time="15.643" errors="0" timestamp="26 Jan 2021 04:57:08 GMT">
  <testcase classname="com.sogo.api.API_TC" name="API_TC1" time="3.941"/>
  <testcase classname="com.sogo.api.API_TC" name="API_TC2" time="1.493"/>
  <testcase classname="com.sogo.api.API_TC" name="API_TC3" time="1.416"/>
  <testcase classname="com.sogo.api.API_TC" name="API_TC4" time="1.411">
    <failure type="java.lang.AssertionError" message="null">
      <![CDATA[java.lang.AssertionError: null
at pageobjects.APIs.getSurveyURL(APIs.java:113)
at com.sogo.api.API_TC.API_TC4(API_TC.java:256)
at java.base/java.util.concurrent.FutureTask.run(FutureTask.java:264)
at java.base/java.util.concurrent.ThreadPoolExecutor.runWorker(ThreadPoolExecutor.java:1130)
at java.base/java.util.concurrent.ThreadPoolExecutor$Worker.run(ThreadPoolExecutor.java:630)
at java.base/java.lang.Thread.run(Thread.java:832)
... Removed 18 stack frames]]>
    </failure>
  </testcase> <!-- API_TC4 -->
  <testcase classname="com.sogo.api.API_TC" name="API_TC5" time="1.439"/>
  <testcase classname="com.sogo.api.API_TC" name="API_TC6" time="1.615"/>
  <testcase classname="com.sogo.api.API_TC" name="API_TC7" time="1.477"/>
  <testcase classname="com.sogo.api.API_TC" name="API_TC8" time="1.424"/>
  <testcase classname="com.sogo.api.API_TC" name="API_TC39" time="0.0">
    <ignored/>
  </testcase> <!-- API_TC39 -->
  <testcase classname="com.sogo.api.API_TC" name="API_TC17" time="0.0">
    <ignored/>
  </testcase> <!-- API_TC17 -->
  <testcase classname="com.sogo.api.API_TC" name="API_TC45" time="0.0">
    <ignored/>
  </testcase> <!-- API_TC45 -->
  <testcase classname="com.sogo.api.API_TC" name="API_TC23" time="0.0">
    <ignored/>
  </testcase> <!-- API_TC23 -->
  <testcase classname="com.sogo.api.API_TC" name="API_TC25" time="0.0">
    <ignored/>
  </testcase> <!-- API_TC25 -->
  <testcase classname="com.sogo.api.API_TC" name="API_TC47" time="0.0">
    <ignored/>
  </testcase> <!-- API_TC47 -->
  <testcase classname="com.sogo.api.API_TC" name="API_TC44" time="0.0">
    <ignored/>
  </testcase> <!-- API_TC44 -->
  <testcase classname="com.sogo.api.API_TC" name="API_TC22" time="0.0">
    <ignored/>
  </testcase> <!-- API_TC22 -->
  <testcase classname="com.sogo.api.API_TC" name="API_TC41" time="0.0">
    <ignored/>
  </testcase> <!-- API_TC41 -->
  <testcase classname="com.sogo.api.API_TC" name="API_TC24" time="0.0">
    <ignored/>
  </testcase> <!-- API_TC24 -->
  <testcase classname="com.sogo.api.API_TC" name="API_TC46" time="0.0">
    <ignored/>
  </testcase> <!-- API_TC46 -->
  <testcase classname="com.sogo.api.API_TC" name="API_TC21" time="0.0">
    <ignored/>
  </testcase> <!-- API_TC21 -->
  <testcase classname="com.sogo.api.API_TC" name="API_TC43" time="0.0">
    <ignored/>
  </testcase> <!-- API_TC43 -->
  <testcase classname="com.sogo.api.API_TC" name="API_TC40" time="0.0">
    <ignored/>
  </testcase> <!-- API_TC40 -->
  <testcase classname="com.sogo.api.API_TC" name="API_TC42" time="0.0">
    <ignored/>
  </testcase> <!-- API_TC42 -->
  <testcase classname="com.sogo.api.API_TC" name="API_TC20" time="0.0">
    <ignored/>
  </testcase> <!-- API_TC20 -->
  <testcase classname="com.sogo.api.API_TC" name="API_TC9" time="0.0">
    <ignored/>
  </testcase> <!-- API_TC9 -->
  <testcase classname="com.sogo.api.API_TC" name="API_TC49" time="0.0">
    <ignored/>
  </testcase> <!-- API_TC49 -->
  <testcase classname="com.sogo.api.API_TC" name="API_TC27" time="0.0">
    <ignored/>
  </testcase> <!-- API_TC27 -->
  <testcase classname="com.sogo.api.API_TC" name="API_TC29" time="0.0">
    <ignored/>
  </testcase> <!-- API_TC29 -->
  <testcase classname="com.sogo.api.API_TC" name="API_TC48" time="0.0">
    <ignored/>
  </testcase> <!-- API_TC48 -->
  <testcase classname="com.sogo.api.API_TC" name="API_TC26" time="0.0">
    <ignored/>
  </testcase> <!-- API_TC26 -->
  <testcase classname="com.sogo.api.API_TC" name="API_TC28" time="0.0">
    <ignored/>
  </testcase> <!-- API_TC28 -->
  <testcase classname="com.sogo.api.API_TC" name="API_TC50" time="0.0">
    <ignored/>
  </testcase> <!-- API_TC50 -->
  <testcase classname="com.sogo.api.API_TC" name="API_TC34" time="0.0">
    <ignored/>
  </testcase> <!-- API_TC34 -->
  <testcase classname="com.sogo.api.API_TC" name="API_TC12" time="0.0">
    <ignored/>
  </testcase> <!-- API_TC12 -->
  <testcase classname="com.sogo.api.API_TC" name="API_TC36" time="0.0">
    <ignored/>
  </testcase> <!-- API_TC36 -->
  <testcase classname="com.sogo.api.API_TC" name="API_TC14" time="0.0">
    <ignored/>
  </testcase> <!-- API_TC14 -->
  <testcase classname="com.sogo.api.API_TC" name="API_TC33" time="0.0">
    <ignored/>
  </testcase> <!-- API_TC33 -->
  <testcase classname="com.sogo.api.API_TC" name="API_TC11" time="0.0">
    <ignored/>
  </testcase> <!-- API_TC11 -->
  <testcase classname="com.sogo.api.API_TC" name="API_TC30" time="0.0">
    <ignored/>
  </testcase> <!-- API_TC30 -->
  <testcase classname="com.sogo.api.API_TC" name="API_TC35" time="0.0">
    <ignored/>
  </testcase> <!-- API_TC35 -->
  <testcase classname="com.sogo.api.API_TC" name="API_TC13" time="0.0">
    <ignored/>
  </testcase> <!-- API_TC13 -->
  <testcase classname="com.sogo.api.API_TC" name="API_TC32" time="0.0">
    <ignored/>
  </testcase> <!-- API_TC32 -->
  <testcase classname="com.sogo.api.API_TC" name="API_TC10" time="0.0">
    <ignored/>
  </testcase> <!-- API_TC10 -->
  <testcase classname="com.sogo.api.API_TC" name="API_TC51" time="0.0">
    <ignored/>
  </testcase> <!-- API_TC51 -->
  <testcase classname="com.sogo.api.API_TC" name="API_TC31" time="0.0">
    <ignored/>
  </testcase> <!-- API_TC31 -->
  <testcase classname="com.sogo.api.API_TC" name="API_TC19" time="0.0">
    <ignored/>
  </testcase> <!-- API_TC19 -->
  <testcase classname="com.sogo.api.API_TC" name="API_TC38" time="0.0">
    <ignored/>
  </testcase> <!-- API_TC38 -->
  <testcase classname="com.sogo.api.API_TC" name="API_TC16" time="0.0">
    <ignored/>
  </testcase> <!-- API_TC16 -->
  <testcase classname="com.sogo.api.API_TC" name="API_TC18" time="0.0">
    <ignored/>
  </testcase> <!-- API_TC18 -->
  <testcase classname="com.sogo.api.API_TC" name="API_TC37" time="0.0">
    <ignored/>
  </testcase> <!-- API_TC37 -->
  <testcase classname="com.sogo.api.API_TC" name="API_TC15" time="0.0">
    <ignored/>
  </testcase> <!-- API_TC15 -->
</testsuite> <!-- Obtain the multi-use link of a survey. -->
