<?xml version="1.0" encoding="UTF-8"?>
<!-- Generated by org.testng.reporters.JUnitXMLReporter -->
<testsuite hostname="Sanket-PC" ignored="0" name="smxpage" tests="0" failures="0" timestamp="25 Nov 2020 14:41:00 GMT" time="0.01" errors="0">
  <testcase name="@BeforeClass setUp" time="0.005" classname="com.research.smoke.smxpage.SMXPage_TC">
    <failure type="java.lang.NullPointerException">
      <![CDATA[java.lang.NullPointerException
at com.research.smoke.smxpage.SMXPage_TC.setUp(SMXPage_TC.java:42)
at java.util.concurrent.FutureTask.run(FutureTask.java:266)
at java.util.concurrent.ThreadPoolExecutor.runWorker(ThreadPoolExecutor.java:1149)
at java.util.concurrent.ThreadPoolExecutor$Worker.run(ThreadPoolExecutor.java:624)
at java.lang.Thread.run(Thread.java:748)
... Removed 17 stack frames]]>
    </failure>
  </testcase> <!-- @BeforeClass setUp -->
</testsuite> <!-- smxpage -->
