<?xml version="1.0" encoding="UTF-8"?>
<testng-results ignored="0" total="1" passed="0" failed="1" skipped="0">
  <reporter-output>
    <line>
      <![CDATA[Successfully waited for Login Button Static to be present on page.]]>
    </line>
    <line>
      <![CDATA[Successfully clicked on Login Button Static element.]]>
    </line>
    <line>
      <![CDATA[Successfully waited for SoGo Static Login Image to be present on page.]]>
    </line>
    <line>
      <![CDATA[Successfully waited for User Name to be present on page.]]>
    </line>
    <line>
      <![CDATA[Successfully entered sogo_gmail110 in User Name textbox.]]>
    </line>
    <line>
      <![CDATA[Successfully entered Eighth8# in User Password textbox.]]>
    </line>
    <line>
      <![CDATA[Successfully clicked on Login element.]]>
    </line>
    <line>
      <![CDATA[Successfully waited for Sogo Account to be present on page.]]>
    </line>
    <line>
      <![CDATA[Successfully waited for Create Project Button to be present on page.]]>
    </line>
    <line>
      <![CDATA[Successfully clicked on Create Project Button element.]]>
    </line>
    <line>
      <![CDATA[Successfully waited for loader to disappear.]]>
    </line>
    <line>
      <![CDATA[Successfully waited for loader to disappear.]]>
    </line>
    <line>
      <![CDATA[Successfully waited for Iframe to be present on page.]]>
    </line>
    <line>
      <![CDATA[Successfully waited for Survey Button to be present on page.]]>
    </line>
    <line>
      <![CDATA[Successfully clicked on Survey Button element.]]>
    </line>
    <line>
      <![CDATA[Successfully waited for loader to disappear.]]>
    </line>
    <line>
      <![CDATA[Successfully waited for loader to disappear.]]>
    </line>
    <line>
      <![CDATA[Successfully waited for Start with a Blank Survey Button to be present on page.]]>
    </line>
    <line>
      <![CDATA[Successfully clicked on Start with a Blank Survey Button element.]]>
    </line>
    <line>
      <![CDATA[Successfully waited for Survey Name to be present on page.]]>
    </line>
    <line>
      <![CDATA[Successfully entered SMx DP - 23-Nov-2021 20:32:53 in Survey Name textbox.]]>
    </line>
    <line>
      <![CDATA[Successfully waited for Select Folder to be present on page.]]>
    </line>
    <line>
      <![CDATA[Successfully clicked on Select Folder element.]]>
    </line>
    <line>
      <![CDATA[Successfully waited for Main to be present on page.]]>
    </line>
    <line>
      <![CDATA[Successfully clicked on Main element.]]>
    </line>
    <line>
      <![CDATA[Successfully waited for Primary Langugage Drop down to be present on page.]]>
    </line>
    <line>
      <![CDATA[Successfully clicked on Primary Langugage Drop down element.]]>
    </line>
    <line>
      <![CDATA[Successfully waited for Primary Langugage List to be present on page.]]>
    </line>
    <line>
      <![CDATA[Successfully move to :English]]>
    </line>
    <line>
      <![CDATA[Successfully clicked on English element.]]>
    </line>
    <line>
      <![CDATA[Successfully waited for Secondary Language Switch to be present on page.]]>
    </line>
    <line>
      <![CDATA[Successfully clicked on Secondary Language Switch element.]]>
    </line>
    <line>
      <![CDATA[Successfully waited for Secondary Langugage Drop down to be present on page.]]>
    </line>
    <line>
      <![CDATA[Successfully clicked on Secondary Langugage Drop down element.]]>
    </line>
    <line>
      <![CDATA[Successfully waited for Secondary Langugage Drop down Search to be present on page.]]>
    </line>
    <line>
      <![CDATA[Successfully entered Spanish in Secondary Langugage Drop down Search textbox.]]>
    </line>
    <line>
      <![CDATA[Successfully waited for Spanish to be present on page.]]>
    </line>
    <line>
      <![CDATA[Successfully clicked on Spanish element.]]>
    </line>
    <line>
      <![CDATA[Successfully waited for Create Button to be present on page.]]>
    </line>
    <line>
      <![CDATA[Successfully clicked on Create Button element.]]>
    </line>
    <line>
      <![CDATA[Successfully waited for loader to disappear.]]>
    </line>
    <line>
      <![CDATA[Successfully waited for loader to disappear.]]>
    </line>
    <line>
      <![CDATA[Successfully waited for SMx DP - 23-Nov-2021 20:32:53 to be present on page.]]>
    </line>
    <line>
      <![CDATA[Successfully waited for Description Button to be present on page.]]>
    </line>
    <line>
      <![CDATA[Successfully double clicked on Description Button element.]]>
    </line>
    <line>
      <![CDATA[Successfully waited for loader to disappear.]]>
    </line>
    <line>
      <![CDATA[Successfully waited for Iframe Button to be present on page.]]>
    </line>
    <line>
      <![CDATA[Successfully waited for Description Text Input to be present on page.]]>
    </line>
    <line>
      <![CDATA[Successfully entered This survey is for manufacturers and product distributors to get a sense of how current and prospective customers responded to a particular product. in Description Text Input textbox.]]>
    </line>
    <line>
      <![CDATA[Successfully waited for Save Button to be present on page.]]>
    </line>
    <line>
      <![CDATA[Successfully clicked on Save Button element.]]>
    </line>
    <line>
      <![CDATA[Successfully waited for loader to disappear.]]>
    </line>
    <line>
      <![CDATA[Successfully waited for loader to disappear.]]>
    </line>
    <line>
      <![CDATA[Successfully waited for Description Added This survey is for manufacturers and product distributors to get a sense of how current and prospective customers responded to a particular product. to be present on page.]]>
    </line>
    <line>
      <![CDATA[Successfully waited for Net Promoter Button to be present on page.]]>
    </line>
    <line>
      <![CDATA[Successfully double clicked on Net Promoter Button element.]]>
    </line>
    <line>
      <![CDATA[Successfully waited for loader to disappear.]]>
    </line>
    <line>
      <![CDATA[Successfully waited for Iframe Button to be present on page.]]>
    </line>
    <line>
      <![CDATA[Successfully waited for Description Text Input to be present on page.]]>
    </line>
    <line>
      <![CDATA[Successfully fetched text How likely is it that you would recommend [company / brand / product / service] to a friend or colleague? from Description Text Input]]>
    </line>
    <line>
      <![CDATA[Successfully waited for Save Button to be present on page.]]>
    </line>
    <line>
      <![CDATA[Successfully clicked on Save Button element.]]>
    </line>
    <line>
      <![CDATA[Successfully waited for loader to disappear.]]>
    </line>
    <line>
      <![CDATA[Successfully waited for loader to disappear.]]>
    </line>
    <line>
      <![CDATA[Successfully waited for Net Promoter Label Added How likely is it that you would recommend [company / brand / product / service] to a friend or colleague? to be present on page.]]>
    </line>
    <line>
      <![CDATA[Successfully waited for Net Promoter Label Added How likely is it that you would recommend [company / brand / product / service] to a friend or colleague? to be present on page.]]>
    </line>
    <line>
      <![CDATA[Successfully waited for Text Box Button to be present on page.]]>
    </line>
    <line>
      <![CDATA[Successfully double clicked on Text Box Button element.]]>
    </line>
    <line>
      <![CDATA[Successfully waited for loader to disappear.]]>
    </line>
    <line>
      <![CDATA[Iframe Button not present on page.]]>
    </line>
  </reporter-output>
  <suite started-at="2021-11-23T15:02:21Z" name="Default suite" finished-at="2021-11-23T15:03:41Z" duration-ms="80158">
    <groups>
      <group name="smxpage">
        <method signature="SMXPage_TC.Smoke_TC2(java.util.LinkedHashMap)[pri:0, instance:com.sogo.smoke.smxpage.SMXPage_TC@61710c6]" name="Smoke_TC2" class="com.sogo.smoke.smxpage.SMXPage_TC"/>
      </group> <!-- smxpage -->
    </groups>
    <test started-at="2021-11-23T15:02:21Z" name="Default test" finished-at="2021-11-23T15:03:41Z" duration-ms="80158">
      <class name="com.sogo.smoke.smxpage.SMXPage_TC">
        <test-method is-config="true" signature="beforeSuite()[pri:0, instance:com.sogo.smoke.smxpage.SMXPage_TC@61710c6]" started-at="2021-11-23T15:02:20Z" name="beforeSuite" finished-at="2021-11-23T15:02:21Z" duration-ms="168" status="PASS">
          <reporter-output>
          </reporter-output>
        </test-method> <!-- beforeSuite -->
        <test-method is-config="true" signature="setUp()[pri:0, instance:com.sogo.smoke.smxpage.SMXPage_TC@61710c6]" started-at="2021-11-23T15:02:21Z" name="setUp" finished-at="2021-11-23T15:02:22Z" duration-ms="908" status="PASS">
          <reporter-output>
          </reporter-output>
        </test-method> <!-- setUp -->
        <test-method signature="Smoke_TC2(java.util.LinkedHashMap)[pri:0, instance:com.sogo.smoke.smxpage.SMXPage_TC@61710c6]" started-at="2021-11-23T15:02:22Z" name="Smoke_TC2" data-provider="SurveyPage" finished-at="2021-11-23T15:03:29Z" duration-ms="66886" status="FAIL">
          <params>
            <param index="0">
              <value>
                <![CDATA[{TestCaseName=Smoke_TC2, CaseToRun=Y, Lead=Nadeem, Owner=Sanket, Role=Admin, Test_Name=Create SMX survey, Test_Description=, ExpectedResult=survey should be created, Pass/Fail/Skip=SKIP, Failure Reason= Loader did not disappear., Expected=, Expected2=, Expected3=, Header=, TextBox=, RadioButton=, RadioButton2=, CheckBox=, DropDown=, Gender=, Grade=, DOB=, Email=, Ratings=, Like=, Slider=, MultiDropDown=, ImageRadio=, RatingNumber=, MTB=, MTB2=, MDD=, RDDG=, RG=, RRG=, RSG=, CBG=, MG1=, MG2=, RRB=, RDD=, LB=, Attachments=, DrillDown=, ThanksMsg=, surveyname=SMx DP, foldername=Main, primarylanguage=English, secondarylanguage=Spanish, description=This survey is for manufacturers and product distributors to get a sense of how current and prospective customers responded to a particular product., textbox=What are the specific details of the product / service., radiobutton=Where did you last purchase THE PRODUCT?, AnswerOptions=Endorsement, AnswerOptions1=Qualification, checkbox=Please select your choices from the list, imagechoice=Where you like to travel from the below place, reportingvalue=6;7, images=image of mountain.jpg;harley-davidson-logo-vector.png, date=Please enter the date of birth, likedislike=Do you use THE PRODUCT all of the time or rarely when PERFORMING THE FUNCTION FOR WHICH ITS DESIGNED?, ratingscale=How likely is it that you would recommend our company to a friend or colleague?, dropdown=How long have you been our customer?, ranking=Which Product/Service type do you want to provide your feedback about, multitextbox=Please enter your qualification details below, textbox1=PHD, textbox2=Degree, multidropdown=To what extent do you think that THE PRODUCT is worth the price?, dropdown1=Where do you usually purchase THE PRODUCT?, dropdown2=Where do you usually sell the product, multiradio=How would you rate our company in the following areas?, QuestionOptions=Intensity, multicheckbox=Please select all the applicable things you like, ratingradio=Rate your skills, ratingdropdown=Rate the importance of things you value, ratingscalegrid=PERFORMING THE FUNCTION FOR WHICH ITS DESIGNED?, matrixgrid=What is the highest level of education you completed?, horizontalradiobutton=For how many years have you been using THE PRODUCT?, numericallocations=Are you the principal shopper in your household?, attachments=Upload your documents, ratingradiobutton=Would you recommend the product to others?, ratingdropdownbutton=The morale in my department is high., listbox=How did you first learn about THE PRODUCT?, demographics=Please fill below information., subquestions=The company clearly conveys its mission to its employees.;There is good communication from managers to employees.;I have the tools and resources I need to do my job. ;I have the training I need to do my job. ;I feel underutilized in my job. ;The amount of work expected of me is reasonable. , symbolratingscale=Please indicate the extent to which you agree with the following statements., surveyid=, emailtemplate=, selectlist=, mailmergedd=, mailmergetxt=, prepopdd=, emailtemplatere=, surveyTitle=}]]>
              </value>
            </param>
          </params>
          <exception class="java.lang.AssertionError">
            <message>
              <![CDATA[null]]>
            </message>
            <full-stacktrace>
              <![CDATA[java.lang.AssertionError: null
at org.testng.Assert.fail(Assert.java:96)
at org.testng.Assert.fail(Assert.java:103)
at utility.SeleniumUtils.waitforElemPresent(SeleniumUtils.java:247)
at pageobjects.SMXPage.enterTextBox(SMXPage.java:212)
at pageobjects.SMXPage.createSurvey(SMXPage.java:55)
at com.sogo.smoke.smxpage.SMXPage_TC.Smoke_TC2(SMXPage_TC.java:117)
at java.base/jdk.internal.reflect.NativeMethodAccessorImpl.invoke0(Native Method)
at java.base/jdk.internal.reflect.NativeMethodAccessorImpl.invoke(NativeMethodAccessorImpl.java:62)
at java.base/jdk.internal.reflect.DelegatingMethodAccessorImpl.invoke(DelegatingMethodAccessorImpl.java:43)
at java.base/java.lang.reflect.Method.invoke(Method.java:564)
at org.testng.internal.MethodInvocationHelper.invokeMethod(MethodInvocationHelper.java:124)
at org.testng.internal.Invoker.invokeMethod(Invoker.java:583)
at org.testng.internal.Invoker.invokeTestMethod(Invoker.java:719)
at org.testng.internal.Invoker.invokeTestMethods(Invoker.java:989)
at org.testng.internal.TestMethodWorker.invokeTestMethods(TestMethodWorker.java:125)
at org.testng.internal.TestMethodWorker.run(TestMethodWorker.java:109)
at org.testng.TestRunner.privateRun(TestRunner.java:648)
at org.testng.TestRunner.run(TestRunner.java:505)
at org.testng.SuiteRunner.runTest(SuiteRunner.java:455)
at org.testng.SuiteRunner.runSequentially(SuiteRunner.java:450)
at org.testng.SuiteRunner.privateRun(SuiteRunner.java:415)
at org.testng.SuiteRunner.run(SuiteRunner.java:364)
at org.testng.SuiteRunnerWorker.runSuite(SuiteRunnerWorker.java:52)
at org.testng.SuiteRunnerWorker.run(SuiteRunnerWorker.java:84)
at org.testng.TestNG.runSuitesSequentially(TestNG.java:1208)
at org.testng.TestNG.runSuitesLocally(TestNG.java:1137)
at org.testng.TestNG.runSuites(TestNG.java:1049)
at org.testng.TestNG.run(TestNG.java:1017)
at org.testng.remote.AbstractRemoteTestNG.run(AbstractRemoteTestNG.java:115)
at org.testng.remote.RemoteTestNG.initAndRun(RemoteTestNG.java:251)
at org.testng.remote.RemoteTestNG.main(RemoteTestNG.java:77)
]]>
            </full-stacktrace>
          </exception> <!-- java.lang.AssertionError -->
          <reporter-output>
            <line>
              <![CDATA[Successfully waited for Login Button Static to be present on page.]]>
            </line>
            <line>
              <![CDATA[Successfully clicked on Login Button Static element.]]>
            </line>
            <line>
              <![CDATA[Successfully waited for SoGo Static Login Image to be present on page.]]>
            </line>
            <line>
              <![CDATA[Successfully waited for User Name to be present on page.]]>
            </line>
            <line>
              <![CDATA[Successfully entered sogo_gmail110 in User Name textbox.]]>
            </line>
            <line>
              <![CDATA[Successfully entered Eighth8# in User Password textbox.]]>
            </line>
            <line>
              <![CDATA[Successfully clicked on Login element.]]>
            </line>
            <line>
              <![CDATA[Successfully waited for Sogo Account to be present on page.]]>
            </line>
            <line>
              <![CDATA[Successfully waited for Create Project Button to be present on page.]]>
            </line>
            <line>
              <![CDATA[Successfully clicked on Create Project Button element.]]>
            </line>
            <line>
              <![CDATA[Successfully waited for loader to disappear.]]>
            </line>
            <line>
              <![CDATA[Successfully waited for loader to disappear.]]>
            </line>
            <line>
              <![CDATA[Successfully waited for Iframe to be present on page.]]>
            </line>
            <line>
              <![CDATA[Successfully waited for Survey Button to be present on page.]]>
            </line>
            <line>
              <![CDATA[Successfully clicked on Survey Button element.]]>
            </line>
            <line>
              <![CDATA[Successfully waited for loader to disappear.]]>
            </line>
            <line>
              <![CDATA[Successfully waited for loader to disappear.]]>
            </line>
            <line>
              <![CDATA[Successfully waited for Start with a Blank Survey Button to be present on page.]]>
            </line>
            <line>
              <![CDATA[Successfully clicked on Start with a Blank Survey Button element.]]>
            </line>
            <line>
              <![CDATA[Successfully waited for Survey Name to be present on page.]]>
            </line>
            <line>
              <![CDATA[Successfully entered SMx DP - 23-Nov-2021 20:32:53 in Survey Name textbox.]]>
            </line>
            <line>
              <![CDATA[Successfully waited for Select Folder to be present on page.]]>
            </line>
            <line>
              <![CDATA[Successfully clicked on Select Folder element.]]>
            </line>
            <line>
              <![CDATA[Successfully waited for Main to be present on page.]]>
            </line>
            <line>
              <![CDATA[Successfully clicked on Main element.]]>
            </line>
            <line>
              <![CDATA[Successfully waited for Primary Langugage Drop down to be present on page.]]>
            </line>
            <line>
              <![CDATA[Successfully clicked on Primary Langugage Drop down element.]]>
            </line>
            <line>
              <![CDATA[Successfully waited for Primary Langugage List to be present on page.]]>
            </line>
            <line>
              <![CDATA[Successfully move to :English]]>
            </line>
            <line>
              <![CDATA[Successfully clicked on English element.]]>
            </line>
            <line>
              <![CDATA[Successfully waited for Secondary Language Switch to be present on page.]]>
            </line>
            <line>
              <![CDATA[Successfully clicked on Secondary Language Switch element.]]>
            </line>
            <line>
              <![CDATA[Successfully waited for Secondary Langugage Drop down to be present on page.]]>
            </line>
            <line>
              <![CDATA[Successfully clicked on Secondary Langugage Drop down element.]]>
            </line>
            <line>
              <![CDATA[Successfully waited for Secondary Langugage Drop down Search to be present on page.]]>
            </line>
            <line>
              <![CDATA[Successfully entered Spanish in Secondary Langugage Drop down Search textbox.]]>
            </line>
            <line>
              <![CDATA[Successfully waited for Spanish to be present on page.]]>
            </line>
            <line>
              <![CDATA[Successfully clicked on Spanish element.]]>
            </line>
            <line>
              <![CDATA[Successfully waited for Create Button to be present on page.]]>
            </line>
            <line>
              <![CDATA[Successfully clicked on Create Button element.]]>
            </line>
            <line>
              <![CDATA[Successfully waited for loader to disappear.]]>
            </line>
            <line>
              <![CDATA[Successfully waited for loader to disappear.]]>
            </line>
            <line>
              <![CDATA[Successfully waited for SMx DP - 23-Nov-2021 20:32:53 to be present on page.]]>
            </line>
            <line>
              <![CDATA[Successfully waited for Description Button to be present on page.]]>
            </line>
            <line>
              <![CDATA[Successfully double clicked on Description Button element.]]>
            </line>
            <line>
              <![CDATA[Successfully waited for loader to disappear.]]>
            </line>
            <line>
              <![CDATA[Successfully waited for Iframe Button to be present on page.]]>
            </line>
            <line>
              <![CDATA[Successfully waited for Description Text Input to be present on page.]]>
            </line>
            <line>
              <![CDATA[Successfully entered This survey is for manufacturers and product distributors to get a sense of how current and prospective customers responded to a particular product. in Description Text Input textbox.]]>
            </line>
            <line>
              <![CDATA[Successfully waited for Save Button to be present on page.]]>
            </line>
            <line>
              <![CDATA[Successfully clicked on Save Button element.]]>
            </line>
            <line>
              <![CDATA[Successfully waited for loader to disappear.]]>
            </line>
            <line>
              <![CDATA[Successfully waited for loader to disappear.]]>
            </line>
            <line>
              <![CDATA[Successfully waited for Description Added This survey is for manufacturers and product distributors to get a sense of how current and prospective customers responded to a particular product. to be present on page.]]>
            </line>
            <line>
              <![CDATA[Successfully waited for Net Promoter Button to be present on page.]]>
            </line>
            <line>
              <![CDATA[Successfully double clicked on Net Promoter Button element.]]>
            </line>
            <line>
              <![CDATA[Successfully waited for loader to disappear.]]>
            </line>
            <line>
              <![CDATA[Successfully waited for Iframe Button to be present on page.]]>
            </line>
            <line>
              <![CDATA[Successfully waited for Description Text Input to be present on page.]]>
            </line>
            <line>
              <![CDATA[Successfully fetched text How likely is it that you would recommend [company / brand / product / service] to a friend or colleague? from Description Text Input]]>
            </line>
            <line>
              <![CDATA[Successfully waited for Save Button to be present on page.]]>
            </line>
            <line>
              <![CDATA[Successfully clicked on Save Button element.]]>
            </line>
            <line>
              <![CDATA[Successfully waited for loader to disappear.]]>
            </line>
            <line>
              <![CDATA[Successfully waited for loader to disappear.]]>
            </line>
            <line>
              <![CDATA[Successfully waited for Net Promoter Label Added How likely is it that you would recommend [company / brand / product / service] to a friend or colleague? to be present on page.]]>
            </line>
            <line>
              <![CDATA[Successfully waited for Net Promoter Label Added How likely is it that you would recommend [company / brand / product / service] to a friend or colleague? to be present on page.]]>
            </line>
            <line>
              <![CDATA[Successfully waited for Text Box Button to be present on page.]]>
            </line>
            <line>
              <![CDATA[Successfully double clicked on Text Box Button element.]]>
            </line>
            <line>
              <![CDATA[Successfully waited for loader to disappear.]]>
            </line>
            <line>
              <![CDATA[Iframe Button not present on page.]]>
            </line>
          </reporter-output>
        </test-method> <!-- Smoke_TC2 -->
        <test-method is-config="true" signature="reporterDataResults(org.testng.ITestResult)[pri:0, instance:com.sogo.smoke.smxpage.SMXPage_TC@61710c6]" started-at="2021-11-23T15:03:29Z" name="reporterDataResults" finished-at="2021-11-23T15:03:41Z" duration-ms="12169" status="FAIL">
          <params>
            <param index="0">
              <value>
                <![CDATA[[TestResult name=Smoke_TC2 status=FAILURE method=SMXPage_TC.Smoke_TC2(java.util.LinkedHashMap)[pri:0, instance:com.sogo.smoke.smxpage.SMXPage_TC@61710c6] output=Successfully waited for Login Button Static to be present on page.]]]>
              </value>
            </param>
          </params>
          <exception class="org.openqa.selenium.WebDriverException">
            <message>
              <![CDATA[chrome not reachable
  (Session info: chrome=96.0.4664.45)
Build info: version: '3.141.59', revision: 'e82be7d358', time: '2018-11-14T08:17:03'
System info: host: 'DESKTOP-BKEKTO6', ip: '172.16.4.4', os.name: 'Windows 10', os.arch: 'amd64', os.version: '10.0', java.version: '14.0.2'
Driver info: org.openqa.selenium.chrome.ChromeDriver
Capabilities {acceptInsecureCerts: false, browserName: chrome, browserVersion: 96.0.4664.45, chrome: {chromedriverVersion: 96.0.4664.45 (76e4c1bb2ab46..., userDataDir: C:\Users\ZARCAI~1\AppData\L...}, goog:chromeOptions: {debuggerAddress: localhost:60007}, javascriptEnabled: true, networkConnectionEnabled: false, pageLoadStrategy: normal, platform: WINDOWS, platformName: WINDOWS, proxy: Proxy(), setWindowRect: true, strictFileInteractability: false, timeouts: {implicit: 0, pageLoad: 300000, script: 30000}, unhandledPromptBehavior: accept, webauthn:extension:credBlob: true, webauthn:extension:largeBlob: true, webauthn:virtualAuthenticators: true}
Session ID: 3154ad38cd84e7fb1bdfdbc76818bb25]]>
            </message>
            <full-stacktrace>
              <![CDATA[org.openqa.selenium.WebDriverException: chrome not reachable
  (Session info: chrome=96.0.4664.45)
Build info: version: '3.141.59', revision: 'e82be7d358', time: '2018-11-14T08:17:03'
System info: host: 'DESKTOP-BKEKTO6', ip: '172.16.4.4', os.name: 'Windows 10', os.arch: 'amd64', os.version: '10.0', java.version: '14.0.2'
Driver info: org.openqa.selenium.chrome.ChromeDriver
Capabilities {acceptInsecureCerts: false, browserName: chrome, browserVersion: 96.0.4664.45, chrome: {chromedriverVersion: 96.0.4664.45 (76e4c1bb2ab46..., userDataDir: C:\Users\ZARCAI~1\AppData\L...}, goog:chromeOptions: {debuggerAddress: localhost:60007}, javascriptEnabled: true, networkConnectionEnabled: false, pageLoadStrategy: normal, platform: WINDOWS, platformName: WINDOWS, proxy: Proxy(), setWindowRect: true, strictFileInteractability: false, timeouts: {implicit: 0, pageLoad: 300000, script: 30000}, unhandledPromptBehavior: accept, webauthn:extension:credBlob: true, webauthn:extension:largeBlob: true, webauthn:virtualAuthenticators: true}
Session ID: 3154ad38cd84e7fb1bdfdbc76818bb25
at java.base/jdk.internal.reflect.NativeConstructorAccessorImpl.newInstance0(Native Method)
at java.base/jdk.internal.reflect.NativeConstructorAccessorImpl.newInstance(NativeConstructorAccessorImpl.java:62)
at java.base/jdk.internal.reflect.DelegatingConstructorAccessorImpl.newInstance(DelegatingConstructorAccessorImpl.java:45)
at java.base/java.lang.reflect.Constructor.newInstanceWithCaller(Constructor.java:500)
at java.base/java.lang.reflect.Constructor.newInstance(Constructor.java:481)
at org.openqa.selenium.remote.http.W3CHttpResponseCodec.createException(W3CHttpResponseCodec.java:187)
at org.openqa.selenium.remote.http.W3CHttpResponseCodec.decode(W3CHttpResponseCodec.java:122)
at org.openqa.selenium.remote.http.W3CHttpResponseCodec.decode(W3CHttpResponseCodec.java:49)
at org.openqa.selenium.remote.HttpCommandExecutor.execute(HttpCommandExecutor.java:158)
at org.openqa.selenium.remote.service.DriverCommandExecutor.execute(DriverCommandExecutor.java:83)
at org.openqa.selenium.remote.RemoteWebDriver.execute(RemoteWebDriver.java:552)
at org.openqa.selenium.remote.RemoteWebDriver.execute(RemoteWebDriver.java:609)
at org.openqa.selenium.remote.RemoteWebDriver.getScreenshotAs(RemoteWebDriver.java:295)
at testsuitebase.SuiteBase.captureScreenShot(SuiteBase.java:276)
at com.sogo.smoke.smxpage.SMXPage_TC.reporterDataResults(SMXPage_TC.java:134)
at java.base/jdk.internal.reflect.NativeMethodAccessorImpl.invoke0(Native Method)
at java.base/jdk.internal.reflect.NativeMethodAccessorImpl.invoke(NativeMethodAccessorImpl.java:62)
at java.base/jdk.internal.reflect.DelegatingMethodAccessorImpl.invoke(DelegatingMethodAccessorImpl.java:43)
at java.base/java.lang.reflect.Method.invoke(Method.java:564)
at org.testng.internal.MethodInvocationHelper.invokeMethod(MethodInvocationHelper.java:124)
at org.testng.internal.MethodInvocationHelper.invokeMethodConsideringTimeout(MethodInvocationHelper.java:59)
at org.testng.internal.Invoker.invokeConfigurationMethod(Invoker.java:458)
at org.testng.internal.Invoker.invokeConfigurations(Invoker.java:222)
at org.testng.internal.Invoker.invokeMethod(Invoker.java:646)
at org.testng.internal.Invoker.invokeTestMethod(Invoker.java:719)
at org.testng.internal.Invoker.invokeTestMethods(Invoker.java:989)
at org.testng.internal.TestMethodWorker.invokeTestMethods(TestMethodWorker.java:125)
at org.testng.internal.TestMethodWorker.run(TestMethodWorker.java:109)
at org.testng.TestRunner.privateRun(TestRunner.java:648)
at org.testng.TestRunner.run(TestRunner.java:505)
at org.testng.SuiteRunner.runTest(SuiteRunner.java:455)
at org.testng.SuiteRunner.runSequentially(SuiteRunner.java:450)
at org.testng.SuiteRunner.privateRun(SuiteRunner.java:415)
at org.testng.SuiteRunner.run(SuiteRunner.java:364)
at org.testng.SuiteRunnerWorker.runSuite(SuiteRunnerWorker.java:52)
at org.testng.SuiteRunnerWorker.run(SuiteRunnerWorker.java:84)
at org.testng.TestNG.runSuitesSequentially(TestNG.java:1208)
at org.testng.TestNG.runSuitesLocally(TestNG.java:1137)
at org.testng.TestNG.runSuites(TestNG.java:1049)
at org.testng.TestNG.run(TestNG.java:1017)
at org.testng.remote.AbstractRemoteTestNG.run(AbstractRemoteTestNG.java:115)
at org.testng.remote.RemoteTestNG.initAndRun(RemoteTestNG.java:251)
at org.testng.remote.RemoteTestNG.main(RemoteTestNG.java:77)
]]>
            </full-stacktrace>
          </exception> <!-- org.openqa.selenium.WebDriverException -->
          <reporter-output>
          </reporter-output>
        </test-method> <!-- reporterDataResults -->
      </class> <!-- com.sogo.smoke.smxpage.SMXPage_TC -->
    </test> <!-- Default test -->
  </suite> <!-- Default suite -->
</testng-results>
