<?xml version="1.0" encoding="UTF-8"?>
<testng-results ignored="0" total="1" passed="1" failed="0" skipped="0">
  <reporter-output>
    <line>
      <![CDATA[Successfully waited for Login Button Static to be present on page.]]>
    </line>
    <line>
      <![CDATA[Successfully clicked on Login Button Static element.]]>
    </line>
    <line>
      <![CDATA[Successfully waited for SoGo Static Login Image to be present on page.]]>
    </line>
    <line>
      <![CDATA[Successfully waited for User Name to be present on page.]]>
    </line>
    <line>
      <![CDATA[Successfully entered sogo_gmail110 in User Name textbox.]]>
    </line>
    <line>
      <![CDATA[Successfully entered Eighth8# in User Password textbox.]]>
    </line>
    <line>
      <![CDATA[Successfully clicked on Login element.]]>
    </line>
    <line>
      <![CDATA[Successfully waited for Sogo Account to be present on page.]]>
    </line>
    <line>
      <![CDATA[Successfully waited for Create Project Button to be present on page.]]>
    </line>
    <line>
      <![CDATA[Successfully clicked on Create Project Button element.]]>
    </line>
    <line>
      <![CDATA[Successfully waited for loader to disappear.]]>
    </line>
    <line>
      <![CDATA[Successfully waited for loader to disappear.]]>
    </line>
    <line>
      <![CDATA[Successfully waited for Where would you like to begin? to be present on page.]]>
    </line>
    <line>
      <![CDATA[Successfully waited for Iframe to be present on page.]]>
    </line>
    <line>
      <![CDATA[Successfully waited for Survey Button to be present on page.]]>
    </line>
    <line>
      <![CDATA[Successfully clicked on Survey Button element.]]>
    </line>
    <line>
      <![CDATA[Successfully waited for loader to disappear.]]>
    </line>
    <line>
      <![CDATA[Successfully waited for loader to disappear.]]>
    </line>
    <line>
      <![CDATA[Successfully waited for Start with a Blank Survey Button to be present on page.]]>
    </line>
    <line>
      <![CDATA[Successfully clicked on Start with a Blank Survey Button element.]]>
    </line>
    <line>
      <![CDATA[Successfully waited for loader to disappear.]]>
    </line>
    <line>
      <![CDATA[Successfully waited for loader to disappear.]]>
    </line>
    <line>
      <![CDATA[Successfully waited for Continue Button to be present on page.]]>
    </line>
    <line>
      <![CDATA[Successfully clicked on Continue Button element.]]>
    </line>
    <line>
      <![CDATA[Successfully waited for loader to disappear.]]>
    </line>
    <line>
      <![CDATA[Successfully waited for loader to disappear.]]>
    </line>
    <line>
      <![CDATA[Successfully waited for Create New Survey Label to be present on page.]]>
    </line>
    <line>
      <![CDATA[Successfully waited for Survey Name to be present on page.]]>
    </line>
    <line>
      <![CDATA[Successfully entered SMx DP - 18-Jan-2021 16:04:31 in Survey Name textbox.]]>
    </line>
    <line>
      <![CDATA[Successfully waited for Select Folder to be present on page.]]>
    </line>
    <line>
      <![CDATA[Successfully clicked on Select Folder element.]]>
    </line>
    <line>
      <![CDATA[Successfully waited for Main to be present on page.]]>
    </line>
    <line>
      <![CDATA[Successfully clicked on Main element.]]>
    </line>
    <line>
      <![CDATA[Successfully waited for Primary Langugage Drop down to be present on page.]]>
    </line>
    <line>
      <![CDATA[Successfully clicked on Secondary Language Switch element.]]>
    </line>
    <line>
      <![CDATA[Successfully waited for Secondary Langugage Drop down to be present on page.]]>
    </line>
    <line>
      <![CDATA[Successfully clicked on Secondary Langugage Drop down element.]]>
    </line>
    <line>
      <![CDATA[Successfully waited for Secondary Langugage Drop down Search to be present on page.]]>
    </line>
    <line>
      <![CDATA[Successfully entered Spanish in Secondary Langugage Drop down Search textbox.]]>
    </line>
    <line>
      <![CDATA[Successfully waited for Spanish to be present on page.]]>
    </line>
    <line>
      <![CDATA[Successfully clicked on Spanish element.]]>
    </line>
    <line>
      <![CDATA[Successfully waited for Start Button to be present on page.]]>
    </line>
    <line>
      <![CDATA[Successfully clicked on Start Button element.]]>
    </line>
    <line>
      <![CDATA[Successfully waited for loader to disappear.]]>
    </line>
    <line>
      <![CDATA[Successfully waited for loader to disappear.]]>
    </line>
    <line>
      <![CDATA[Successfully waited for SMx DP - 18-Jan-2021 16:04:31 to be present on page.]]>
    </line>
    <line>
      <![CDATA[Successfully waited for Description Button to be present on page.]]>
    </line>
    <line>
      <![CDATA[Successfully double clicked on Description Button element.]]>
    </line>
    <line>
      <![CDATA[Successfully waited for loader to disappear.]]>
    </line>
    <line>
      <![CDATA[Successfully waited for Iframe Button to be present on page.]]>
    </line>
    <line>
      <![CDATA[Successfully waited for Description Text Input to be present on page.]]>
    </line>
    <line>
      <![CDATA[Successfully entered This survey is for manufacturers and product distributors to get a sense of how current and prospective customers responded to a particular product. in Description Text Input textbox.]]>
    </line>
    <line>
      <![CDATA[Successfully waited for Save Button to be present on page.]]>
    </line>
    <line>
      <![CDATA[Successfully clicked on Save Button element.]]>
    </line>
    <line>
      <![CDATA[Successfully waited for loader to disappear.]]>
    </line>
    <line>
      <![CDATA[Successfully waited for loader to disappear.]]>
    </line>
    <line>
      <![CDATA[Successfully waited for Description Added This survey is for manufacturers and product distributors to get a sense of how current and prospective customers responded to a particular product. to be present on page.]]>
    </line>
    <line>
      <![CDATA[Successfully waited for Net Promoter Button to be present on page.]]>
    </line>
    <line>
      <![CDATA[Successfully double clicked on Net Promoter Button element.]]>
    </line>
    <line>
      <![CDATA[Successfully waited for loader to disappear.]]>
    </line>
    <line>
      <![CDATA[Successfully waited for Iframe Button to be present on page.]]>
    </line>
    <line>
      <![CDATA[Successfully waited for Description Text Input to be present on page.]]>
    </line>
    <line>
      <![CDATA[Successfully fetched text How likely is it that you would recommend [company / brand / product / service] to a friend or colleague? from Description Text Input]]>
    </line>
    <line>
      <![CDATA[Successfully waited for Save Button to be present on page.]]>
    </line>
    <line>
      <![CDATA[Successfully clicked on Save Button element.]]>
    </line>
    <line>
      <![CDATA[Successfully waited for loader to disappear.]]>
    </line>
    <line>
      <![CDATA[Successfully waited for Net Promoter Label Added How likely is it that you would recommend [company / brand / product / service] to a friend or colleague? to be present on page.]]>
    </line>
    <line>
      <![CDATA[Successfully waited for Net Promoter Label Added How likely is it that you would recommend [company / brand / product / service] to a friend or colleague? to be present on page.]]>
    </line>
    <line>
      <![CDATA[Successfully waited for Text Box Button to be present on page.]]>
    </line>
    <line>
      <![CDATA[Successfully double clicked on Text Box Button element.]]>
    </line>
    <line>
      <![CDATA[Successfully waited for loader to disappear.]]>
    </line>
    <line>
      <![CDATA[Successfully waited for Iframe Button to be present on page.]]>
    </line>
    <line>
      <![CDATA[Successfully waited for Description Text Input to be present on page.]]>
    </line>
    <line>
      <![CDATA[Successfully entered What are the specific details of the product / service. in Description Text Input textbox.]]>
    </line>
    <line>
      <![CDATA[Successfully waited for Save Button to be present on page.]]>
    </line>
    <line>
      <![CDATA[Successfully clicked on Save Button element.]]>
    </line>
    <line>
      <![CDATA[Successfully waited for loader to disappear.]]>
    </line>
    <line>
      <![CDATA[Successfully waited for Text Box Label Added What are the specific details of the product / service. to be present on page.]]>
    </line>
    <line>
      <![CDATA[Successfully waited for Text Box Added What are the specific details of the product / service. to be present on page.]]>
    </line>
    <line>
      <![CDATA[Successfully waited for Radio Button to be present on page.]]>
    </line>
    <line>
      <![CDATA[Successfully double clicked on Radio Button element.]]>
    </line>
    <line>
      <![CDATA[Successfully waited for loader to disappear.]]>
    </line>
    <line>
      <![CDATA[Successfully waited for Iframe Button to be present on page.]]>
    </line>
    <line>
      <![CDATA[Successfully waited for Description Text Input to be present on page.]]>
    </line>
    <line>
      <![CDATA[Successfully entered Where did you last purchase THE PRODUCT? in Description Text Input textbox.]]>
    </line>
    <line>
      <![CDATA[Successfully waited for Answer Library Button to be present on page.]]>
    </line>
    <line>
      <![CDATA[Successfully clicked on Answer Library Button element.]]>
    </line>
    <line>
      <![CDATA[Successfully waited for Get Answer Options from Answer Library Button to be present on page.]]>
    </line>
    <line>
      <![CDATA[Successfully clicked on Get Answer Options from Answer Library Button element.]]>
    </line>
    <line>
      <![CDATA[Successfully waited for Ansers Library Button to be present on page.]]>
    </line>
    <line>
      <![CDATA[Successfully waited for Iframe Answer Options to be present on page.]]>
    </line>
    <line>
      <![CDATA[Successfully waited for loader to disappear.]]>
    </line>
    <line>
      <![CDATA[Successfully waited for loader to disappear.]]>
    </line>
    <line>
      <![CDATA[Successfully waited for Endorsement to be present on page.]]>
    </line>
    <line>
      <![CDATA[Successfully clicked on Endorsement element.]]>
    </line>
    <line>
      <![CDATA[Successfully waited for Use this list Button to be present on page.]]>
    </line>
    <line>
      <![CDATA[Successfully clicked on Use this list Button element.]]>
    </line>
    <line>
      <![CDATA[Successfully waited for Other checkbox to be present on page.]]>
    </line>
    <line>
      <![CDATA[Successfully clicked on Other checkbox element.]]>
    </line>
    <line>
      <![CDATA[Successfully waited for Save Button to be present on page.]]>
    </line>
    <line>
      <![CDATA[Successfully clicked on Save Button element.]]>
    </line>
    <line>
      <![CDATA[Successfully waited for loader to disappear.]]>
    </line>
    <line>
      <![CDATA[Successfully waited for Radio Buttons Label Added Where did you last purchase THE PRODUCT? to be present on page.]]>
    </line>
    <line>
      <![CDATA[Successfully waited for Radio Buttons Added Where did you last purchase THE PRODUCT? to be present on page.]]>
    </line>
    <line>
      <![CDATA[Successfully waited for Check Box Button to be present on page.]]>
    </line>
    <line>
      <![CDATA[Successfully double clicked on Check Box Button element.]]>
    </line>
    <line>
      <![CDATA[Successfully waited for loader to disappear.]]>
    </line>
    <line>
      <![CDATA[Successfully waited for Iframe Button to be present on page.]]>
    </line>
    <line>
      <![CDATA[Successfully waited for Description Text Input to be present on page.]]>
    </line>
    <line>
      <![CDATA[Successfully entered Please select your choices from the list in Description Text Input textbox.]]>
    </line>
    <line>
      <![CDATA[Successfully waited for Answer Library Button to be present on page.]]>
    </line>
    <line>
      <![CDATA[Successfully clicked on Answer Library Button element.]]>
    </line>
    <line>
      <![CDATA[Successfully waited for Get Answer Options from Answer Library Button to be present on page.]]>
    </line>
    <line>
      <![CDATA[Successfully clicked on Get Answer Options from Answer Library Button element.]]>
    </line>
    <line>
      <![CDATA[Successfully waited for Ansers Library Button to be present on page.]]>
    </line>
    <line>
      <![CDATA[Successfully waited for Iframe Answer Options to be present on page.]]>
    </line>
    <line>
      <![CDATA[Successfully waited for loader to disappear.]]>
    </line>
    <line>
      <![CDATA[Successfully waited for loader to disappear.]]>
    </line>
    <line>
      <![CDATA[Successfully waited for Endorsement to be present on page.]]>
    </line>
    <line>
      <![CDATA[Successfully clicked on Endorsement element.]]>
    </line>
    <line>
      <![CDATA[Successfully waited for Use this list Button to be present on page.]]>
    </line>
    <line>
      <![CDATA[Successfully clicked on Use this list Button element.]]>
    </line>
    <line>
      <![CDATA[Successfully waited for None of Above to be present on page.]]>
    </line>
    <line>
      <![CDATA[Successfully clicked on None of Above element.]]>
    </line>
    <line>
      <![CDATA[Successfully waited for Save Button to be present on page.]]>
    </line>
    <line>
      <![CDATA[Successfully clicked on Save Button element.]]>
    </line>
    <line>
      <![CDATA[Successfully waited for loader to disappear.]]>
    </line>
    <line>
      <![CDATA[Successfully waited for Check Box Label Added Please select your choices from the list to be present on page.]]>
    </line>
    <line>
      <![CDATA[Successfully waited for Check Box Added Please select your choices from the list to be present on page.]]>
    </line>
    <line>
      <![CDATA[Successfully waited for Drop Down Button to be present on page.]]>
    </line>
    <line>
      <![CDATA[Successfully double clicked on Drop Down Button element.]]>
    </line>
    <line>
      <![CDATA[Successfully waited for loader to disappear.]]>
    </line>
    <line>
      <![CDATA[Successfully waited for Iframe Button to be present on page.]]>
    </line>
    <line>
      <![CDATA[Successfully waited for Description Text Input to be present on page.]]>
    </line>
    <line>
      <![CDATA[Successfully entered How long have you been our customer? in Description Text Input textbox.]]>
    </line>
    <line>
      <![CDATA[Successfully waited for Answer Library Button to be present on page.]]>
    </line>
    <line>
      <![CDATA[Successfully clicked on Answer Library Button element.]]>
    </line>
    <line>
      <![CDATA[Successfully waited for Get Answer Options from Answer Library Button to be present on page.]]>
    </line>
    <line>
      <![CDATA[Successfully clicked on Get Answer Options from Answer Library Button element.]]>
    </line>
    <line>
      <![CDATA[Successfully waited for Ansers Library Button to be present on page.]]>
    </line>
    <line>
      <![CDATA[Successfully waited for Iframe Answer Options to be present on page.]]>
    </line>
    <line>
      <![CDATA[Successfully waited for loader to disappear.]]>
    </line>
    <line>
      <![CDATA[Successfully waited for loader to disappear.]]>
    </line>
    <line>
      <![CDATA[Successfully waited for Endorsement to be present on page.]]>
    </line>
    <line>
      <![CDATA[Successfully clicked on Endorsement element.]]>
    </line>
    <line>
      <![CDATA[Successfully waited for Use this list Button to be present on page.]]>
    </line>
    <line>
      <![CDATA[Successfully clicked on Use this list Button element.]]>
    </line>
    <line>
      <![CDATA[Successfully waited for Other checkbox to be present on page.]]>
    </line>
    <line>
      <![CDATA[Successfully clicked on Other checkbox element.]]>
    </line>
    <line>
      <![CDATA[Successfully waited for Save Button to be present on page.]]>
    </line>
    <line>
      <![CDATA[Successfully clicked on Save Button element.]]>
    </line>
    <line>
      <![CDATA[Successfully waited for loader to disappear.]]>
    </line>
    <line>
      <![CDATA[Successfully waited for Drop Down Label Added How long have you been our customer? to be present on page.]]>
    </line>
    <line>
      <![CDATA[Successfully waited for Drop Down Added How long have you been our customer? to be present on page.]]>
    </line>
    <line>
      <![CDATA[Successfully waited for Demographics Button to be present on page.]]>
    </line>
    <line>
      <![CDATA[Successfully double clicked on Demographics Button element.]]>
    </line>
    <line>
      <![CDATA[Successfully waited for loader to disappear.]]>
    </line>
    <line>
      <![CDATA[Successfully waited for Iframe Button to be present on page.]]>
    </line>
    <line>
      <![CDATA[Successfully waited for Description Text Input to be present on page.]]>
    </line>
    <line>
      <![CDATA[Successfully entered Please fill below information. in Description Text Input textbox.]]>
    </line>
    <line>
      <![CDATA[Successfully waited for Demographics Name to be present on page.]]>
    </line>
    <line>
      <![CDATA[Successfully clicked on Demographics Name element.]]>
    </line>
    <line>
      <![CDATA[Successfully waited for Demographics Name: Title to be present on page.]]>
    </line>
    <line>
      <![CDATA[Successfully clicked on Demographics Name: Title element.]]>
    </line>
    <line>
      <![CDATA[Successfully waited for Demographics Name: First Name to be present on page.]]>
    </line>
    <line>
      <![CDATA[Successfully clicked on Demographics Name: First Name element.]]>
    </line>
    <line>
      <![CDATA[Successfully waited for Demographics Name: Middle Name to be present on page.]]>
    </line>
    <line>
      <![CDATA[Successfully clicked on Demographics Name: Middle Name element.]]>
    </line>
    <line>
      <![CDATA[Successfully waited for Demographics Name: Last Name to be present on page.]]>
    </line>
    <line>
      <![CDATA[Successfully clicked on Demographics Name: Last Name element.]]>
    </line>
    <line>
      <![CDATA[Successfully waited for Demographics Gender to be present on page.]]>
    </line>
    <line>
      <![CDATA[Successfully clicked on Demographics Gender element.]]>
    </line>
    <line>
      <![CDATA[Successfully waited for Demographics Date of Birth to be present on page.]]>
    </line>
    <line>
      <![CDATA[Successfully clicked on Demographics Date of Birth element.]]>
    </line>
    <line>
      <![CDATA[Successfully waited for Demographics Address to be present on page.]]>
    </line>
    <line>
      <![CDATA[Successfully clicked on Demographics Address element.]]>
    </line>
    <line>
      <![CDATA[Successfully waited for Demographics Address: Street 1 to be present on page.]]>
    </line>
    <line>
      <![CDATA[Successfully clicked on Demographics Address: Street 1 element.]]>
    </line>
    <line>
      <![CDATA[Successfully waited for Demographics Address: Street 2 to be present on page.]]>
    </line>
    <line>
      <![CDATA[Successfully clicked on Demographics Address: Street 2 element.]]>
    </line>
    <line>
      <![CDATA[Successfully waited for Demographics Address: City to be present on page.]]>
    </line>
    <line>
      <![CDATA[Successfully clicked on Demographics Address: City element.]]>
    </line>
    <line>
      <![CDATA[Successfully waited for Demographics Address: Country to be present on page.]]>
    </line>
    <line>
      <![CDATA[Successfully clicked on Demographics Address: Country element.]]>
    </line>
    <line>
      <![CDATA[Successfully waited for Demographics Address: State to be present on page.]]>
    </line>
    <line>
      <![CDATA[Successfully clicked on Demographics Address: State element.]]>
    </line>
    <line>
      <![CDATA[Successfully waited for Demographics Address: ZIP to be present on page.]]>
    </line>
    <line>
      <![CDATA[Successfully clicked on Demographics Address: ZIP element.]]>
    </line>
    <line>
      <![CDATA[Successfully waited for Demographics Telephone/FAX to be present on page.]]>
    </line>
    <line>
      <![CDATA[Successfully clicked on Demographics Telephone/FAX element.]]>
    </line>
    <line>
      <![CDATA[Successfully waited for Demographics Telephone/FAX: Telephone to be present on page.]]>
    </line>
    <line>
      <![CDATA[Successfully clicked on Demographics Telephone/FAX: Telephone element.]]>
    </line>
    <line>
      <![CDATA[Successfully waited for Demographics Telephone/FAX: Extension to be present on page.]]>
    </line>
    <line>
      <![CDATA[Successfully clicked on Demographics Telephone/FAX: Extension element.]]>
    </line>
    <line>
      <![CDATA[Successfully waited for Demographics Telephone/FAX: Fax to be present on page.]]>
    </line>
    <line>
      <![CDATA[Successfully clicked on Demographics Telephone/FAX: Fax element.]]>
    </line>
    <line>
      <![CDATA[Successfully waited for Demographics Email Address to be present on page.]]>
    </line>
    <line>
      <![CDATA[Successfully clicked on Demographics Email Address element.]]>
    </line>
    <line>
      <![CDATA[Successfully waited for Demographics Require to re-enter email address to be present on page.]]>
    </line>
    <line>
      <![CDATA[Successfully clicked on Demographics Require to re-enter email address element.]]>
    </line>
    <line>
      <![CDATA[Successfully waited for Save Button to be present on page.]]>
    </line>
    <line>
      <![CDATA[Successfully clicked on Save Button element.]]>
    </line>
    <line>
      <![CDATA[Successfully waited for loader to disappear.]]>
    </line>
    <line>
      <![CDATA[Successfully waited for Demographics Label Added Please fill below information. to be present on page.]]>
    </line>
    <line>
      <![CDATA[Successfully waited for Demographics Added Please fill below information. to be present on page.]]>
    </line>
    <line>
      <![CDATA[Successfully waited for Rating Scale Button to be present on page.]]>
    </line>
    <line>
      <![CDATA[Successfully double clicked on Rating Scale Button element.]]>
    </line>
    <line>
      <![CDATA[Successfully waited for loader to disappear.]]>
    </line>
    <line>
      <![CDATA[Successfully waited for Iframe Button to be present on page.]]>
    </line>
    <line>
      <![CDATA[Successfully waited for Description Text Input to be present on page.]]>
    </line>
    <line>
      <![CDATA[Successfully entered How likely is it that you would recommend our company to a friend or colleague? in Description Text Input textbox.]]>
    </line>
    <line>
      <![CDATA[Successfully waited for Show N/A option to be present on page.]]>
    </line>
    <line>
      <![CDATA[Successfully clicked on Show N/A option element.]]>
    </line>
    <line>
      <![CDATA[Successfully waited for Show scale in reverse order to be present on page.]]>
    </line>
    <line>
      <![CDATA[Successfully clicked on Show scale in reverse order element.]]>
    </line>
    <line>
      <![CDATA[Successfully waited for Show participant rating field to be present on page.]]>
    </line>
    <line>
      <![CDATA[Successfully clicked on Show participant rating field element.]]>
    </line>
    <line>
      <![CDATA[Successfully waited for Save Button to be present on page.]]>
    </line>
    <line>
      <![CDATA[Successfully clicked on Save Button element.]]>
    </line>
    <line>
      <![CDATA[Successfully waited for loader to disappear.]]>
    </line>
    <line>
      <![CDATA[Successfully waited for loader to disappear.]]>
    </line>
    <line>
      <![CDATA[Successfully waited for Rating Scale Added How likely is it that you would recommend our company to a friend or colleague? to be present on page.]]>
    </line>
    <line>
      <![CDATA[Successfully waited for Rating Scale Added How likely is it that you would recommend our company to a friend or colleague? to be present on page.]]>
    </line>
    <line>
      <![CDATA[Successfully waited for Symbol Rating Scale Button to be present on page.]]>
    </line>
    <line>
      <![CDATA[Successfully double clicked on Symbol Rating Scale Button element.]]>
    </line>
    <line>
      <![CDATA[Successfully waited for loader to disappear.]]>
    </line>
    <line>
      <![CDATA[Successfully waited for Iframe Button to be present on page.]]>
    </line>
    <line>
      <![CDATA[Successfully waited for Description Text Input to be present on page.]]>
    </line>
    <line>
      <![CDATA[Successfully entered Please indicate the extent to which you agree with the following statements. in Description Text Input textbox.]]>
    </line>
    <line>
      <![CDATA[Successfully waited for Number of Sub Questions to be present on page.]]>
    </line>
    <line>
      <![CDATA[Successfully waited for Sub Question 1 to be present on page.]]>
    </line>
    <line>
      <![CDATA[Successfully entered The company clearly conveys its mission to its employees. in Sub Question 1 textbox.]]>
    </line>
    <line>
      <![CDATA[Successfully waited for Sub Question 1 Scale to be present on page.]]>
    </line>
    <line>
      <![CDATA[Successfully waited for Sub Question 2 to be present on page.]]>
    </line>
    <line>
      <![CDATA[Successfully entered There is good communication from managers to employees. in Sub Question 2 textbox.]]>
    </line>
    <line>
      <![CDATA[Successfully waited for Sub Question 2 Scale to be present on page.]]>
    </line>
    <line>
      <![CDATA[Successfully waited for Sub Question 3 to be present on page.]]>
    </line>
    <line>
      <![CDATA[Successfully entered I have the tools and resources I need to do my job.  in Sub Question 3 textbox.]]>
    </line>
    <line>
      <![CDATA[Successfully waited for Sub Question 3 Scale to be present on page.]]>
    </line>
    <line>
      <![CDATA[Successfully waited for Sub Question 4 to be present on page.]]>
    </line>
    <line>
      <![CDATA[Successfully entered I have the training I need to do my job.  in Sub Question 4 textbox.]]>
    </line>
    <line>
      <![CDATA[Successfully waited for Sub Question 4 Scale to be present on page.]]>
    </line>
    <line>
      <![CDATA[Successfully waited for Sub Question 5 to be present on page.]]>
    </line>
    <line>
      <![CDATA[Successfully entered I feel underutilized in my job.  in Sub Question 5 textbox.]]>
    </line>
    <line>
      <![CDATA[Successfully waited for Sub Question 5 Scale to be present on page.]]>
    </line>
    <line>
      <![CDATA[Successfully waited for Sub Question 6 to be present on page.]]>
    </line>
    <line>
      <![CDATA[Successfully entered The amount of work expected of me is reasonable.  in Sub Question 6 textbox.]]>
    </line>
    <line>
      <![CDATA[Successfully waited for Sub Question 6 Scale to be present on page.]]>
    </line>
    <line>
      <![CDATA[Successfully waited for Save Button to be present on page.]]>
    </line>
    <line>
      <![CDATA[Successfully clicked on Save Button element.]]>
    </line>
    <line>
      <![CDATA[Successfully waited for loader to disappear.]]>
    </line>
    <line>
      <![CDATA[Successfully waited for Symbol Rating Scale Added Please indicate the extent to which you agree with the following statements. to be present on page.]]>
    </line>
    <line>
      <![CDATA[Successfully waited for Symbol Rating Scale Added Please indicate the extent to which you agree with the following statements. to be present on page.]]>
    </line>
    <line>
      <![CDATA[Successfully waited for Like/Dislike Button to be present on page.]]>
    </line>
    <line>
      <![CDATA[Successfully double clicked on Like/Dislike Button element.]]>
    </line>
    <line>
      <![CDATA[Successfully waited for loader to disappear.]]>
    </line>
    <line>
      <![CDATA[Successfully waited for Iframe Button to be present on page.]]>
    </line>
    <line>
      <![CDATA[Successfully waited for Description Text Input to be present on page.]]>
    </line>
    <line>
      <![CDATA[Successfully entered Do you use THE PRODUCT all of the time or rarely when PERFORMING THE FUNCTION FOR WHICH ITS DESIGNED? in Description Text Input textbox.]]>
    </line>
    <line>
      <![CDATA[Successfully waited for Save Button to be present on page.]]>
    </line>
    <line>
      <![CDATA[Successfully clicked on Save Button element.]]>
    </line>
    <line>
      <![CDATA[Successfully waited for loader to disappear.]]>
    </line>
    <line>
      <![CDATA[Successfully waited for loader to disappear.]]>
    </line>
    <line>
      <![CDATA[Successfully waited for Like/Dislike Added Do you use THE PRODUCT all of the time or rarely when PERFORMING THE FUNCTION FOR WHICH ITS DESIGNED? to be present on page.]]>
    </line>
    <line>
      <![CDATA[Successfully waited for Like/Dislike Added Do you use THE PRODUCT all of the time or rarely when PERFORMING THE FUNCTION FOR WHICH ITS DESIGNED? to be present on page.]]>
    </line>
    <line>
      <![CDATA[Successfully waited for Ranking Button to be present on page.]]>
    </line>
    <line>
      <![CDATA[Successfully double clicked on Ranking Button element.]]>
    </line>
    <line>
      <![CDATA[Successfully waited for loader to disappear.]]>
    </line>
    <line>
      <![CDATA[Successfully waited for Iframe Button to be present on page.]]>
    </line>
    <line>
      <![CDATA[Successfully waited for Description Text Input to be present on page.]]>
    </line>
    <line>
      <![CDATA[Successfully entered Which Product/Service type do you want to provide your feedback about in Description Text Input textbox.]]>
    </line>
    <line>
      <![CDATA[Successfully waited for Answer Library Button to be present on page.]]>
    </line>
    <line>
      <![CDATA[Successfully clicked on Answer Library Button element.]]>
    </line>
    <line>
      <![CDATA[Successfully waited for Get Answer Options from Answer Library Button to be present on page.]]>
    </line>
    <line>
      <![CDATA[Successfully clicked on Get Answer Options from Answer Library Button element.]]>
    </line>
    <line>
      <![CDATA[Successfully waited for Ansers Library Button to be present on page.]]>
    </line>
    <line>
      <![CDATA[Successfully waited for Iframe Answer Options to be present on page.]]>
    </line>
    <line>
      <![CDATA[Successfully waited for loader to disappear.]]>
    </line>
    <line>
      <![CDATA[Successfully waited for loader to disappear.]]>
    </line>
    <line>
      <![CDATA[Successfully waited for Qualification to be present on page.]]>
    </line>
    <line>
      <![CDATA[Successfully clicked on Qualification element.]]>
    </line>
    <line>
      <![CDATA[Successfully waited for Use this list Button to be present on page.]]>
    </line>
    <line>
      <![CDATA[Successfully clicked on Use this list Button element.]]>
    </line>
    <line>
      <![CDATA[Successfully waited for Save Button to be present on page.]]>
    </line>
    <line>
      <![CDATA[Successfully clicked on Save Button element.]]>
    </line>
    <line>
      <![CDATA[Successfully waited for loader to disappear.]]>
    </line>
    <line>
      <![CDATA[Successfully waited for Ranking Added Which Product/Service type do you want to provide your feedback about to be present on page.]]>
    </line>
    <line>
      <![CDATA[Successfully waited for Ranking Added Which Product/Service type do you want to provide your feedback about to be present on page.]]>
    </line>
    <line>
      <![CDATA[Successfully waited for Date Button to be present on page.]]>
    </line>
    <line>
      <![CDATA[Successfully double clicked on Date Button element.]]>
    </line>
    <line>
      <![CDATA[Successfully waited for loader to disappear.]]>
    </line>
    <line>
      <![CDATA[Successfully waited for Iframe Button to be present on page.]]>
    </line>
    <line>
      <![CDATA[Successfully waited for Description Text Input to be present on page.]]>
    </line>
    <line>
      <![CDATA[Successfully entered Please enter the date of birth in Description Text Input textbox.]]>
    </line>
    <line>
      <![CDATA[Successfully waited for Save Button to be present on page.]]>
    </line>
    <line>
      <![CDATA[Successfully clicked on Save Button element.]]>
    </line>
    <line>
      <![CDATA[Successfully waited for loader to disappear.]]>
    </line>
    <line>
      <![CDATA[Successfully waited for Date Added Please enter the date of birth to be present on page.]]>
    </line>
    <line>
      <![CDATA[Successfully waited for Date Added Please enter the date of birth to be present on page.]]>
    </line>
    <line>
      <![CDATA[Successfully waited for Image Choice Button to be present on page.]]>
    </line>
    <line>
      <![CDATA[Successfully double clicked on Image Choice Button element.]]>
    </line>
    <line>
      <![CDATA[Successfully waited for loader to disappear.]]>
    </line>
    <line>
      <![CDATA[Successfully waited for Iframe Button to be present on page.]]>
    </line>
    <line>
      <![CDATA[Successfully waited for Description Text Input to be present on page.]]>
    </line>
    <line>
      <![CDATA[Successfully entered Where you like to travel from the below place in Description Text Input textbox.]]>
    </line>
    <line>
      <![CDATA[Successfully waited for Add Image to be present on page.]]>
    </line>
    <line>
      <![CDATA[Successfully clicked on Add Image element.]]>
    </line>
    <line>
      <![CDATA[Successfully waited for Iframe Questions Options to be present on page.]]>
    </line>
    <line>
      <![CDATA[Successfully waited for loader to disappear.]]>
    </line>
    <line>
      <![CDATA[Successfully waited for loader to disappear.]]>
    </line>
    <line>
      <![CDATA[Successfully waited for loader to disappear.]]>
    </line>
    <line>
      <![CDATA[Successfully waited for loader to disappear.]]>
    </line>
    <line>
      <![CDATA[Successfully waited for Reporting Value to be present on page.]]>
    </line>
    <line>
      <![CDATA[Successfully entered 6 in Reporting Value textbox.]]>
    </line>
    <line>
      <![CDATA[Successfully waited for Add Image to be present on page.]]>
    </line>
    <line>
      <![CDATA[Successfully clicked on Add Image element.]]>
    </line>
    <line>
      <![CDATA[Successfully waited for loader to disappear.]]>
    </line>
    <line>
      <![CDATA[Successfully waited for loader to disappear.]]>
    </line>
    <line>
      <![CDATA[Successfully waited for loader to disappear.]]>
    </line>
    <line>
      <![CDATA[Successfully waited for loader to disappear.]]>
    </line>
    <line>
      <![CDATA[Successfully waited for Reporting Value to be present on page.]]>
    </line>
    <line>
      <![CDATA[Successfully entered 7 in Reporting Value textbox.]]>
    </line>
    <line>
      <![CDATA[Successfully waited for Save Button to be present on page.]]>
    </line>
    <line>
      <![CDATA[Successfully clicked on Save Button element.]]>
    </line>
    <line>
      <![CDATA[Successfully waited for loader to disappear.]]>
    </line>
    <line>
      <![CDATA[Successfully waited for loader to disappear.]]>
    </line>
    <line>
      <![CDATA[Successfully waited for Save Button to be present on page.]]>
    </line>
    <line>
      <![CDATA[Successfully clicked on Save Button element.]]>
    </line>
    <line>
      <![CDATA[Successfully waited for loader to disappear.]]>
    </line>
    <line>
      <![CDATA[Successfully waited for Image Choice Added Where you like to travel from the below place to be present on page.]]>
    </line>
    <line>
      <![CDATA[Successfully waited for Image Choice Added Where you like to travel from the below place to be present on page.]]>
    </line>
    <line>
      <![CDATA[Image choice options added in the survey]]>
    </line>
    <line>
      <![CDATA[Successfully waited for Multiple Textbox Button to be present on page.]]>
    </line>
    <line>
      <![CDATA[Successfully double clicked on Multiple Textbox Button element.]]>
    </line>
    <line>
      <![CDATA[Successfully waited for loader to disappear.]]>
    </line>
    <line>
      <![CDATA[Successfully waited for Iframe Button to be present on page.]]>
    </line>
    <line>
      <![CDATA[Successfully waited for Description Text Input to be present on page.]]>
    </line>
    <line>
      <![CDATA[Successfully entered Please enter your qualification details below in Description Text Input textbox.]]>
    </line>
    <line>
      <![CDATA[Successfully waited for Multi Textbox 1 Input to be present on page.]]>
    </line>
    <line>
      <![CDATA[Successfully entered PHD in Multi Textbox 1 Input textbox.]]>
    </line>
    <line>
      <![CDATA[Successfully waited for Multi Textbox 2 Input to be present on page.]]>
    </line>
    <line>
      <![CDATA[Successfully entered Degree in Multi Textbox 2 Input textbox.]]>
    </line>
    <line>
      <![CDATA[Successfully waited for Save Button to be present on page.]]>
    </line>
    <line>
      <![CDATA[Successfully clicked on Save Button element.]]>
    </line>
    <line>
      <![CDATA[Successfully waited for loader to disappear.]]>
    </line>
    <line>
      <![CDATA[Successfully waited for Multi Text Box Added Please enter your qualification details below to be present on page.]]>
    </line>
    <line>
      <![CDATA[Successfully waited for Multi Text Box Added Please enter your qualification details below to be present on page.]]>
    </line>
    <line>
      <![CDATA[Multi Text Box options added in the survey]]>
    </line>
    <line>
      <![CDATA[Successfully waited for Multiple DropDown Button to be present on page.]]>
    </line>
    <line>
      <![CDATA[Successfully double clicked on Multiple DropDown Button element.]]>
    </line>
    <line>
      <![CDATA[Successfully waited for loader to disappear.]]>
    </line>
    <line>
      <![CDATA[Successfully waited for Iframe Button to be present on page.]]>
    </line>
    <line>
      <![CDATA[Successfully waited for Description Text Input to be present on page.]]>
    </line>
    <line>
      <![CDATA[Successfully entered To what extent do you think that THE PRODUCT is worth the price? in Description Text Input textbox.]]>
    </line>
    <line>
      <![CDATA[Successfully waited for Answer Library Button to be present on page.]]>
    </line>
    <line>
      <![CDATA[Successfully clicked on Answer Library Button element.]]>
    </line>
    <line>
      <![CDATA[Successfully waited for loader to disappear.]]>
    </line>
    <line>
      <![CDATA[Successfully waited for loader to disappear.]]>
    </line>
    <line>
      <![CDATA[Successfully waited for Get Answer Options from Answer Library Button to be present on page.]]>
    </line>
    <line>
      <![CDATA[Successfully clicked on Get Answer Options from Answer Library Button element.]]>
    </line>
    <line>
      <![CDATA[Successfully waited for Ansers Library Button to be present on page.]]>
    </line>
    <line>
      <![CDATA[Successfully waited for Iframe Answer Options to be present on page.]]>
    </line>
    <line>
      <![CDATA[Successfully waited for loader to disappear.]]>
    </line>
    <line>
      <![CDATA[Successfully waited for loader to disappear.]]>
    </line>
    <line>
      <![CDATA[Successfully waited for Qualification to be present on page.]]>
    </line>
    <line>
      <![CDATA[Successfully clicked on Qualification element.]]>
    </line>
    <line>
      <![CDATA[Successfully waited for Use this list Button to be present on page.]]>
    </line>
    <line>
      <![CDATA[Successfully clicked on Use this list Button element.]]>
    </line>
    <line>
      <![CDATA[Successfully waited for Multi Dropdown 1 Input to be present on page.]]>
    </line>
    <line>
      <![CDATA[Successfully entered Where do you usually purchase THE PRODUCT? in Multi Dropdown 1 Input textbox.]]>
    </line>
    <line>
      <![CDATA[Successfully waited for Multi Dropdown 2 Input to be present on page.]]>
    </line>
    <line>
      <![CDATA[Successfully entered Where do you usually sell the product in Multi Dropdown 2 Input textbox.]]>
    </line>
    <line>
      <![CDATA[Successfully waited for Save Button to be present on page.]]>
    </line>
    <line>
      <![CDATA[Successfully clicked on Save Button element.]]>
    </line>
    <line>
      <![CDATA[Successfully waited for loader to disappear.]]>
    </line>
    <line>
      <![CDATA[Successfully waited for Multi Drop Down Added To what extent do you think that THE PRODUCT is worth the price? to be present on page.]]>
    </line>
    <line>
      <![CDATA[Successfully waited for Multi Drop Down Added To what extent do you think that THE PRODUCT is worth the price? to be present on page.]]>
    </line>
    <line>
      <![CDATA[Multi Drop Down options added in the survey]]>
    </line>
    <line>
      <![CDATA[Successfully waited for Multiple Radio Grid Button to be present on page.]]>
    </line>
    <line>
      <![CDATA[Successfully double clicked on Multiple Radio Grid Button element.]]>
    </line>
    <line>
      <![CDATA[Successfully waited for loader to disappear.]]>
    </line>
    <line>
      <![CDATA[Successfully waited for loader to disappear.]]>
    </line>
    <line>
      <![CDATA[Successfully waited for Iframe Questions Options to be present on page.]]>
    </line>
    <line>
      <![CDATA[Successfully waited for Iframe Button to be present on page.]]>
    </line>
    <line>
      <![CDATA[Successfully waited for Description Text Input to be present on page.]]>
    </line>
    <line>
      <![CDATA[Successfully entered How would you rate our company in the following areas? in Description Text Input textbox.]]>
    </line>
    <line>
      <![CDATA[Successfully waited for More to be present on page.]]>
    </line>
    <line>
      <![CDATA[Successfully clicked on More element.]]>
    </line>
    <line>
      <![CDATA[Successfully waited for Answer Library Button to be present on page.]]>
    </line>
    <line>
      <![CDATA[Successfully clicked on Answer Library Button element.]]>
    </line>
    <line>
      <![CDATA[Successfully waited for loader to disappear.]]>
    </line>
    <line>
      <![CDATA[Successfully waited for loader to disappear.]]>
    </line>
    <line>
      <![CDATA[Successfully waited for Iframe Answer Options to be present on page.]]>
    </line>
    <line>
      <![CDATA[Successfully waited for Endorsement to be present on page.]]>
    </line>
    <line>
      <![CDATA[Successfully clicked on Endorsement element.]]>
    </line>
    <line>
      <![CDATA[Successfully waited for Use this list Button to be present on page.]]>
    </line>
    <line>
      <![CDATA[Successfully clicked on Use this list Button element.]]>
    </line>
    <line>
      <![CDATA[Successfully waited for More to be present on page.]]>
    </line>
    <line>
      <![CDATA[Successfully clicked on More element.]]>
    </line>
    <line>
      <![CDATA[Successfully waited for Questions Library Button to be present on page.]]>
    </line>
    <line>
      <![CDATA[Successfully clicked on Questions Library Button element.]]>
    </line>
    <line>
      <![CDATA[Successfully waited for loader to disappear.]]>
    </line>
    <line>
      <![CDATA[Successfully waited for loader to disappear.]]>
    </line>
    <line>
      <![CDATA[Successfully waited for Iframe Answer Options to be present on page.]]>
    </line>
    <line>
      <![CDATA[Successfully waited for Intensity to be present on page.]]>
    </line>
    <line>
      <![CDATA[Successfully clicked on Intensity element.]]>
    </line>
    <line>
      <![CDATA[Successfully waited for Use this list Button to be present on page.]]>
    </line>
    <line>
      <![CDATA[Successfully clicked on Use this list Button element.]]>
    </line>
    <line>
      <![CDATA[Successfully waited for Save Button Return to be present on page.]]>
    </line>
    <line>
      <![CDATA[Successfully clicked on Save Button Return element.]]>
    </line>
    <line>
      <![CDATA[Successfully waited for loader to disappear.]]>
    </line>
    <line>
      <![CDATA[Successfully waited for loader to disappear.]]>
    </line>
    <line>
      <![CDATA[Successfully waited for Radio Grid Added How would you rate our company in the following areas? to be present on page.]]>
    </line>
    <line>
      <![CDATA[Successfully waited for Radio Grid Added How would you rate our company in the following areas? to be present on page.]]>
    </line>
    <line>
      <![CDATA[Successfully waited for Multiple Check Box Button to be present on page.]]>
    </line>
    <line>
      <![CDATA[Successfully double clicked on Multiple Check Box Button element.]]>
    </line>
    <line>
      <![CDATA[Successfully waited for loader to disappear.]]>
    </line>
    <line>
      <![CDATA[Successfully waited for loader to disappear.]]>
    </line>
    <line>
      <![CDATA[Successfully waited for Iframe Questions Options to be present on page.]]>
    </line>
    <line>
      <![CDATA[Successfully waited for Iframe Button to be present on page.]]>
    </line>
    <line>
      <![CDATA[Successfully waited for Description Text Input to be present on page.]]>
    </line>
    <line>
      <![CDATA[Successfully entered Please select all the applicable things you like in Description Text Input textbox.]]>
    </line>
    <line>
      <![CDATA[Successfully waited for More to be present on page.]]>
    </line>
    <line>
      <![CDATA[Successfully clicked on More element.]]>
    </line>
    <line>
      <![CDATA[Successfully waited for Answer Library Button to be present on page.]]>
    </line>
    <line>
      <![CDATA[Successfully clicked on Answer Library Button element.]]>
    </line>
    <line>
      <![CDATA[Successfully waited for loader to disappear.]]>
    </line>
    <line>
      <![CDATA[Successfully waited for loader to disappear.]]>
    </line>
    <line>
      <![CDATA[Successfully waited for Iframe Answer Options to be present on page.]]>
    </line>
    <line>
      <![CDATA[Successfully waited for Endorsement to be present on page.]]>
    </line>
    <line>
      <![CDATA[Successfully clicked on Endorsement element.]]>
    </line>
    <line>
      <![CDATA[Successfully waited for Use this list Button to be present on page.]]>
    </line>
    <line>
      <![CDATA[Successfully clicked on Use this list Button element.]]>
    </line>
    <line>
      <![CDATA[Successfully waited for More to be present on page.]]>
    </line>
    <line>
      <![CDATA[Successfully clicked on More element.]]>
    </line>
    <line>
      <![CDATA[Successfully waited for Questions Library Button to be present on page.]]>
    </line>
    <line>
      <![CDATA[Successfully clicked on Questions Library Button element.]]>
    </line>
    <line>
      <![CDATA[Successfully waited for loader to disappear.]]>
    </line>
    <line>
      <![CDATA[Successfully waited for loader to disappear.]]>
    </line>
    <line>
      <![CDATA[Successfully waited for Iframe Answer Options to be present on page.]]>
    </line>
    <line>
      <![CDATA[Successfully waited for Intensity to be present on page.]]>
    </line>
    <line>
      <![CDATA[Successfully clicked on Intensity element.]]>
    </line>
    <line>
      <![CDATA[Successfully waited for Use this list Button to be present on page.]]>
    </line>
    <line>
      <![CDATA[Successfully clicked on Use this list Button element.]]>
    </line>
    <line>
      <![CDATA[Successfully waited for Save Button Return to be present on page.]]>
    </line>
    <line>
      <![CDATA[Successfully clicked on Save Button Return element.]]>
    </line>
    <line>
      <![CDATA[Successfully waited for loader to disappear.]]>
    </line>
    <line>
      <![CDATA[Successfully waited for loader to disappear.]]>
    </line>
    <line>
      <![CDATA[Successfully waited for CheckBox Grid Added Please select all the applicable things you like to be present on page.]]>
    </line>
    <line>
      <![CDATA[Successfully waited for CheckBox Grid Added Please select all the applicable things you like to be present on page.]]>
    </line>
    <line>
      <![CDATA[Successfully waited for Rating Radio Grid Button to be present on page.]]>
    </line>
    <line>
      <![CDATA[Successfully double clicked on Rating Radio Grid Button element.]]>
    </line>
    <line>
      <![CDATA[Successfully waited for loader to disappear.]]>
    </line>
    <line>
      <![CDATA[Successfully waited for loader to disappear.]]>
    </line>
    <line>
      <![CDATA[Successfully waited for Iframe Questions Options to be present on page.]]>
    </line>
    <line>
      <![CDATA[Successfully waited for Iframe Button to be present on page.]]>
    </line>
    <line>
      <![CDATA[Successfully waited for Description Text Input to be present on page.]]>
    </line>
    <line>
      <![CDATA[Successfully entered Rate your skills in Description Text Input textbox.]]>
    </line>
    <line>
      <![CDATA[Successfully waited for Choice 1 to be present on page.]]>
    </line>
    <line>
      <![CDATA[Successfully entered Yes in Choice 1 textbox.]]>
    </line>
    <line>
      <![CDATA[Successfully waited for Choice 2 to be present on page.]]>
    </line>
    <line>
      <![CDATA[Successfully entered No in Choice 2 textbox.]]>
    </line>
    <line>
      <![CDATA[Successfully waited for Choice 3 to be present on page.]]>
    </line>
    <line>
      <![CDATA[Successfully entered NA in Choice 3 textbox.]]>
    </line>
    <line>
      <![CDATA[Successfully waited for Weight 1 to be present on page.]]>
    </line>
    <line>
      <![CDATA[Successfully entered 2 in Weight 1 textbox.]]>
    </line>
    <line>
      <![CDATA[Successfully waited for Weight 2 to be present on page.]]>
    </line>
    <line>
      <![CDATA[Successfully entered 1 in Weight 2 textbox.]]>
    </line>
    <line>
      <![CDATA[Successfully waited for Weight 3 to be present on page.]]>
    </line>
    <line>
      <![CDATA[Successfully entered 0 in Weight 3 textbox.]]>
    </line>
    <line>
      <![CDATA[Successfully waited for More to be present on page.]]>
    </line>
    <line>
      <![CDATA[Successfully clicked on More element.]]>
    </line>
    <line>
      <![CDATA[Successfully waited for Questions Library Button to be present on page.]]>
    </line>
    <line>
      <![CDATA[Successfully clicked on Questions Library Button element.]]>
    </line>
    <line>
      <![CDATA[Successfully waited for loader to disappear.]]>
    </line>
    <line>
      <![CDATA[Successfully waited for loader to disappear.]]>
    </line>
    <line>
      <![CDATA[Successfully waited for Iframe Answer Options to be present on page.]]>
    </line>
    <line>
      <![CDATA[Successfully waited for Intensity to be present on page.]]>
    </line>
    <line>
      <![CDATA[Successfully clicked on Intensity element.]]>
    </line>
    <line>
      <![CDATA[Successfully waited for Use this list Button to be present on page.]]>
    </line>
    <line>
      <![CDATA[Successfully clicked on Use this list Button element.]]>
    </line>
    <line>
      <![CDATA[Successfully waited for Save Button Return to be present on page.]]>
    </line>
    <line>
      <![CDATA[Successfully clicked on Save Button Return element.]]>
    </line>
    <line>
      <![CDATA[Successfully waited for loader to disappear.]]>
    </line>
    <line>
      <![CDATA[Successfully waited for loader to disappear.]]>
    </line>
    <line>
      <![CDATA[Successfully waited for Rating Radio Grid Added Rate your skills to be present on page.]]>
    </line>
    <line>
      <![CDATA[Successfully waited for Rating Radio Grid Added Rate your skills to be present on page.]]>
    </line>
    <line>
      <![CDATA[Successfully waited for Rating Drop Down Grid Button to be present on page.]]>
    </line>
    <line>
      <![CDATA[Successfully double clicked on Rating Drop Down Grid Button element.]]>
    </line>
    <line>
      <![CDATA[Successfully waited for loader to disappear.]]>
    </line>
    <line>
      <![CDATA[Successfully waited for loader to disappear.]]>
    </line>
    <line>
      <![CDATA[Successfully waited for Iframe Questions Options to be present on page.]]>
    </line>
    <line>
      <![CDATA[Successfully waited for Iframe Button to be present on page.]]>
    </line>
    <line>
      <![CDATA[Successfully waited for Description Text Input to be present on page.]]>
    </line>
    <line>
      <![CDATA[Successfully entered Rate the importance of things you value in Description Text Input textbox.]]>
    </line>
    <line>
      <![CDATA[Successfully waited for Add/Edit Options to be present on page.]]>
    </line>
    <line>
      <![CDATA[Successfully clicked on Add/Edit Options element.]]>
    </line>
    <line>
      <![CDATA[Successfully waited for loader to disappear.]]>
    </line>
    <line>
      <![CDATA[Successfully waited for loader to disappear.]]>
    </line>
    <line>
      <![CDATA[Successfully waited for Iframe Button to be present on page.]]>
    </line>
    <line>
      <![CDATA[Successfully waited for Choice 2 to be present on page.]]>
    </line>
    <line>
      <![CDATA[Successfully entered Yes in Choice 2 textbox.]]>
    </line>
    <line>
      <![CDATA[Successfully waited for Choice 2 to be present on page.]]>
    </line>
    <line>
      <![CDATA[Successfully entered No in Choice 2 textbox.]]>
    </line>
    <line>
      <![CDATA[Successfully waited for Choice 3 to be present on page.]]>
    </line>
    <line>
      <![CDATA[Successfully entered NA in Choice 3 textbox.]]>
    </line>
    <line>
      <![CDATA[Successfully waited for Weight 1 to be present on page.]]>
    </line>
    <line>
      <![CDATA[Successfully entered 2 in Weight 1 textbox.]]>
    </line>
    <line>
      <![CDATA[Successfully waited for Weight 2 to be present on page.]]>
    </line>
    <line>
      <![CDATA[Successfully entered 1 in Weight 2 textbox.]]>
    </line>
    <line>
      <![CDATA[Successfully waited for Weight 3 to be present on page.]]>
    </line>
    <line>
      <![CDATA[Successfully entered 0 in Weight 3 textbox.]]>
    </line>
    <line>
      <![CDATA[Successfully waited for Save Button to be present on page.]]>
    </line>
    <line>
      <![CDATA[Successfully clicked on Save Button element.]]>
    </line>
    <line>
      <![CDATA[Successfully waited for More to be present on page.]]>
    </line>
    <line>
      <![CDATA[Successfully clicked on More element.]]>
    </line>
    <line>
      <![CDATA[Successfully waited for Questions Library Button to be present on page.]]>
    </line>
    <line>
      <![CDATA[Successfully clicked on Questions Library Button element.]]>
    </line>
    <line>
      <![CDATA[Successfully waited for loader to disappear.]]>
    </line>
    <line>
      <![CDATA[Successfully waited for loader to disappear.]]>
    </line>
    <line>
      <![CDATA[Successfully waited for Iframe Answer Options to be present on page.]]>
    </line>
    <line>
      <![CDATA[Successfully waited for Intensity to be present on page.]]>
    </line>
    <line>
      <![CDATA[Successfully clicked on Intensity element.]]>
    </line>
    <line>
      <![CDATA[Successfully waited for Use this list Button to be present on page.]]>
    </line>
    <line>
      <![CDATA[Successfully clicked on Use this list Button element.]]>
    </line>
    <line>
      <![CDATA[Successfully waited for Save Button Return to be present on page.]]>
    </line>
    <line>
      <![CDATA[Successfully clicked on Save Button Return element.]]>
    </line>
    <line>
      <![CDATA[Successfully waited for loader to disappear.]]>
    </line>
    <line>
      <![CDATA[Successfully waited for loader to disappear.]]>
    </line>
    <line>
      <![CDATA[Successfully waited for Rating Drop Down Grid Added Rate the importance of things you value to be present on page.]]>
    </line>
    <line>
      <![CDATA[Successfully waited for Rating Drop Down Grid Added Rate the importance of things you value to be present on page.]]>
    </line>
    <line>
      <![CDATA[Successfully waited for Rating Scale Grid Button to be present on page.]]>
    </line>
    <line>
      <![CDATA[Successfully double clicked on Rating Scale Grid Button element.]]>
    </line>
    <line>
      <![CDATA[Successfully waited for loader to disappear.]]>
    </line>
    <line>
      <![CDATA[Successfully waited for loader to disappear.]]>
    </line>
    <line>
      <![CDATA[Successfully waited for Iframe Questions Options to be present on page.]]>
    </line>
    <line>
      <![CDATA[Successfully waited for Iframe Button to be present on page.]]>
    </line>
    <line>
      <![CDATA[Successfully waited for Description Text Input to be present on page.]]>
    </line>
    <line>
      <![CDATA[Successfully entered PERFORMING THE FUNCTION FOR WHICH ITS DESIGNED? in Description Text Input textbox.]]>
    </line>
    <line>
      <![CDATA[Successfully waited for Weight Highest to be present on page.]]>
    </line>
    <line>
      <![CDATA[Successfully clicked on Weight Highest element.]]>
    </line>
    <line>
      <![CDATA[Successfully waited for Weight Middle to be present on page.]]>
    </line>
    <line>
      <![CDATA[Successfully clicked on Weight Middle element.]]>
    </line>
    <line>
      <![CDATA[Successfully waited for Weight NA to be present on page.]]>
    </line>
    <line>
      <![CDATA[Successfully clicked on Weight NA element.]]>
    </line>
    <line>
      <![CDATA[Successfully entered NA in Weight NA textbox.]]>
    </line>
    <line>
      <![CDATA[Successfully waited for More to be present on page.]]>
    </line>
    <line>
      <![CDATA[Successfully clicked on More element.]]>
    </line>
    <line>
      <![CDATA[Successfully waited for Questions Library Button to be present on page.]]>
    </line>
    <line>
      <![CDATA[Successfully clicked on Questions Library Button element.]]>
    </line>
    <line>
      <![CDATA[Successfully waited for loader to disappear.]]>
    </line>
    <line>
      <![CDATA[Successfully waited for loader to disappear.]]>
    </line>
    <line>
      <![CDATA[Successfully waited for Iframe Answer Options to be present on page.]]>
    </line>
    <line>
      <![CDATA[Successfully waited for Intensity to be present on page.]]>
    </line>
    <line>
      <![CDATA[Successfully clicked on Intensity element.]]>
    </line>
    <line>
      <![CDATA[Successfully waited for Use this list Button to be present on page.]]>
    </line>
    <line>
      <![CDATA[Successfully clicked on Use this list Button element.]]>
    </line>
    <line>
      <![CDATA[Successfully waited for Save Button Return to be present on page.]]>
    </line>
    <line>
      <![CDATA[Successfully clicked on Save Button Return element.]]>
    </line>
    <line>
      <![CDATA[Successfully waited for loader to disappear.]]>
    </line>
    <line>
      <![CDATA[Successfully waited for loader to disappear.]]>
    </line>
    <line>
      <![CDATA[Successfully waited for Rating Scale Grid Added PERFORMING THE FUNCTION FOR WHICH ITS DESIGNED? to be present on page.]]>
    </line>
    <line>
      <![CDATA[Successfully waited for Rating Scale Grid Added PERFORMING THE FUNCTION FOR WHICH ITS DESIGNED? to be present on page.]]>
    </line>
    <line>
      <![CDATA[Successfully waited for Matrix Grid Button to be present on page.]]>
    </line>
    <line>
      <![CDATA[Successfully double clicked on Matrix Grid Button element.]]>
    </line>
    <line>
      <![CDATA[Successfully waited for loader to disappear.]]>
    </line>
    <line>
      <![CDATA[Successfully waited for loader to disappear.]]>
    </line>
    <line>
      <![CDATA[Successfully waited for Iframe Questions Options to be present on page.]]>
    </line>
    <line>
      <![CDATA[Successfully waited for Iframe Button to be present on page.]]>
    </line>
    <line>
      <![CDATA[Successfully waited for Description Text Input to be present on page.]]>
    </line>
    <line>
      <![CDATA[Successfully entered What is the highest level of education you completed? in Description Text Input textbox.]]>
    </line>
    <line>
      <![CDATA[Successfully waited for Radio Grid Header to be present on page.]]>
    </line>
    <line>
      <![CDATA[Successfully clicked on Radio Grid Header element.]]>
    </line>
    <line>
      <![CDATA[Successfully entered How would you rate our company in the following areas? in Radio Grid Header textbox.]]>
    </line>
    <line>
      <![CDATA[Successfully waited for Checkbox Grid Header to be present on page.]]>
    </line>
    <line>
      <![CDATA[Successfully clicked on Radio Grid Header element.]]>
    </line>
    <line>
      <![CDATA[Successfully entered Please select all the applicable things you like in Checkbox Grid Header textbox.]]>
    </line>
    <line>
      <![CDATA[Successfully waited for Radio Choice 1 to be present on page.]]>
    </line>
    <line>
      <![CDATA[Successfully clicked on Radio Choice 1 element.]]>
    </line>
    <line>
      <![CDATA[Successfully entered Yes in Radio Choice 1 textbox.]]>
    </line>
    <line>
      <![CDATA[Successfully waited for Radio Choice 2 to be present on page.]]>
    </line>
    <line>
      <![CDATA[Successfully clicked on Radio Choice 2 element.]]>
    </line>
    <line>
      <![CDATA[Successfully entered No in Radio Choice 2 textbox.]]>
    </line>
    <line>
      <![CDATA[Successfully waited for Radio Choice 3 to be present on page.]]>
    </line>
    <line>
      <![CDATA[Successfully clicked on Radio Choice 3 element.]]>
    </line>
    <line>
      <![CDATA[Successfully entered NA in Radio Choice 3 textbox.]]>
    </line>
    <line>
      <![CDATA[Successfully waited for Checkbox Choice 1 to be present on page.]]>
    </line>
    <line>
      <![CDATA[Successfully clicked on Checkbox Choice 1 element.]]>
    </line>
    <line>
      <![CDATA[Successfully entered Yes in Checkbox Choice 1 textbox.]]>
    </line>
    <line>
      <![CDATA[Successfully waited for Checkbox Choice 2 to be present on page.]]>
    </line>
    <line>
      <![CDATA[Successfully clicked on Checkbox Choice 2 element.]]>
    </line>
    <line>
      <![CDATA[Successfully entered No in Checkbox Choice 2 textbox.]]>
    </line>
    <line>
      <![CDATA[Successfully waited for Checkbox Choice 3 to be present on page.]]>
    </line>
    <line>
      <![CDATA[Successfully clicked on Checkbox Choice 3 element.]]>
    </line>
    <line>
      <![CDATA[Successfully entered NA in Checkbox Choice 3 textbox.]]>
    </line>
    <line>
      <![CDATA[Successfully waited for More to be present on page.]]>
    </line>
    <line>
      <![CDATA[Successfully clicked on More element.]]>
    </line>
    <line>
      <![CDATA[Successfully waited for Questions Library Button to be present on page.]]>
    </line>
    <line>
      <![CDATA[Successfully clicked on Questions Library Button element.]]>
    </line>
    <line>
      <![CDATA[Successfully waited for loader to disappear.]]>
    </line>
    <line>
      <![CDATA[Successfully waited for loader to disappear.]]>
    </line>
    <line>
      <![CDATA[Successfully waited for Iframe Answer Options to be present on page.]]>
    </line>
    <line>
      <![CDATA[Successfully waited for Intensity to be present on page.]]>
    </line>
    <line>
      <![CDATA[Successfully clicked on Intensity element.]]>
    </line>
    <line>
      <![CDATA[Successfully waited for Use this list Button to be present on page.]]>
    </line>
    <line>
      <![CDATA[Successfully clicked on Use this list Button element.]]>
    </line>
    <line>
      <![CDATA[Successfully waited for Save Button Return to be present on page.]]>
    </line>
    <line>
      <![CDATA[Successfully clicked on Save Button Return element.]]>
    </line>
    <line>
      <![CDATA[Successfully waited for loader to disappear.]]>
    </line>
    <line>
      <![CDATA[Successfully waited for loader to disappear.]]>
    </line>
    <line>
      <![CDATA[Successfully waited for Matrix Grid Added What is the highest level of education you completed? to be present on page.]]>
    </line>
    <line>
      <![CDATA[Successfully waited for Matrix Grid Added What is the highest level of education you completed? to be present on page.]]>
    </line>
    <line>
      <![CDATA[Successfully waited for Hoorizontal Radio Button to be present on page.]]>
    </line>
    <line>
      <![CDATA[Successfully double clicked on Hoorizontal Radio Button element.]]>
    </line>
    <line>
      <![CDATA[Successfully waited for loader to disappear.]]>
    </line>
    <line>
      <![CDATA[Successfully waited for Iframe Button to be present on page.]]>
    </line>
    <line>
      <![CDATA[Successfully waited for Description Text Input to be present on page.]]>
    </line>
    <line>
      <![CDATA[Successfully entered For how many years have you been using THE PRODUCT? in Description Text Input textbox.]]>
    </line>
    <line>
      <![CDATA[Successfully waited for Answer Library Button to be present on page.]]>
    </line>
    <line>
      <![CDATA[Successfully clicked on Answer Library Button element.]]>
    </line>
    <line>
      <![CDATA[Successfully waited for Get Answer Options from Answer Library Button to be present on page.]]>
    </line>
    <line>
      <![CDATA[Successfully clicked on Get Answer Options from Answer Library Button element.]]>
    </line>
    <line>
      <![CDATA[Successfully waited for Ansers Library Button to be present on page.]]>
    </line>
    <line>
      <![CDATA[Successfully waited for Iframe Answer Options to be present on page.]]>
    </line>
    <line>
      <![CDATA[Successfully waited for loader to disappear.]]>
    </line>
    <line>
      <![CDATA[Successfully waited for loader to disappear.]]>
    </line>
    <line>
      <![CDATA[Successfully waited for Endorsement to be present on page.]]>
    </line>
    <line>
      <![CDATA[Successfully clicked on Endorsement element.]]>
    </line>
    <line>
      <![CDATA[Successfully waited for Use this list Button to be present on page.]]>
    </line>
    <line>
      <![CDATA[Successfully clicked on Use this list Button element.]]>
    </line>
    <line>
      <![CDATA[Successfully waited for Other checkbox to be present on page.]]>
    </line>
    <line>
      <![CDATA[Successfully clicked on Other checkbox element.]]>
    </line>
    <line>
      <![CDATA[Successfully waited for Save Button to be present on page.]]>
    </line>
    <line>
      <![CDATA[Successfully clicked on Save Button element.]]>
    </line>
    <line>
      <![CDATA[Successfully waited for loader to disappear.]]>
    </line>
    <line>
      <![CDATA[Successfully waited for Horizontal Radio Buttons Label Added For how many years have you been using THE PRODUCT? to be present on page.]]>
    </line>
    <line>
      <![CDATA[Successfully waited for Horizontal Radio Buttons Added For how many years have you been using THE PRODUCT? to be present on page.]]>
    </line>
    <line>
      <![CDATA[Successfully waited for Attachments Button to be present on page.]]>
    </line>
    <line>
      <![CDATA[Successfully double clicked on Attachments Button element.]]>
    </line>
    <line>
      <![CDATA[Successfully waited for loader to disappear.]]>
    </line>
    <line>
      <![CDATA[Successfully waited for Iframe Button to be present on page.]]>
    </line>
    <line>
      <![CDATA[Successfully waited for Description Text Input to be present on page.]]>
    </line>
    <line>
      <![CDATA[Successfully entered Upload your documents in Description Text Input textbox.]]>
    </line>
    <line>
      <![CDATA[Successfully waited for Questions Library Button to be present on page.]]>
    </line>
    <line>
      <![CDATA[Successfully clicked on Questions Library Button element.]]>
    </line>
    <line>
      <![CDATA[Successfully waited for Questions Library Button to be present on page.]]>
    </line>
    <line>
      <![CDATA[Successfully clicked on Questions Library Button element.]]>
    </line>
    <line>
      <![CDATA[Successfully waited for Iframe Questions Options to be present on page.]]>
    </line>
    <line>
      <![CDATA[Successfully waited for Intensity to be present on page.]]>
    </line>
    <line>
      <![CDATA[Successfully clicked on Intensity element.]]>
    </line>
    <line>
      <![CDATA[Successfully waited for Use this list Button to be present on page.]]>
    </line>
    <line>
      <![CDATA[Successfully clicked on Use this list Button element.]]>
    </line>
    <line>
      <![CDATA[Successfully waited for Save Button to be present on page.]]>
    </line>
    <line>
      <![CDATA[Successfully clicked on Save Button element.]]>
    </line>
    <line>
      <![CDATA[Successfully waited for loader to disappear.]]>
    </line>
    <line>
      <![CDATA[Successfully waited for Attachments Added Upload your documents to be present on page.]]>
    </line>
    <line>
      <![CDATA[Successfully waited for Attachments Added Upload your documents to be present on page.]]>
    </line>
    <line>
      <![CDATA[Successfully waited for Rating Radio Button to be present on page.]]>
    </line>
    <line>
      <![CDATA[Successfully double clicked on Rating Radio Button element.]]>
    </line>
    <line>
      <![CDATA[Successfully waited for loader to disappear.]]>
    </line>
    <line>
      <![CDATA[Successfully waited for Iframe Button to be present on page.]]>
    </line>
    <line>
      <![CDATA[Successfully waited for Description Text Input to be present on page.]]>
    </line>
    <line>
      <![CDATA[Successfully entered Would you recommend the product to others? in Description Text Input textbox.]]>
    </line>
    <line>
      <![CDATA[Successfully waited for Answer Library Button to be present on page.]]>
    </line>
    <line>
      <![CDATA[Successfully clicked on Answer Library Button element.]]>
    </line>
    <line>
      <![CDATA[Successfully waited for Get Answer Options from Answer Library Button to be present on page.]]>
    </line>
    <line>
      <![CDATA[Successfully clicked on Get Answer Options from Answer Library Button element.]]>
    </line>
    <line>
      <![CDATA[Successfully waited for Ansers Library Button to be present on page.]]>
    </line>
    <line>
      <![CDATA[Successfully waited for Iframe Answer Options to be present on page.]]>
    </line>
    <line>
      <![CDATA[Successfully waited for loader to disappear.]]>
    </line>
    <line>
      <![CDATA[Successfully waited for loader to disappear.]]>
    </line>
    <line>
      <![CDATA[Successfully waited for Qualification to be present on page.]]>
    </line>
    <line>
      <![CDATA[Successfully clicked on Qualification element.]]>
    </line>
    <line>
      <![CDATA[Successfully waited for Use this list Button to be present on page.]]>
    </line>
    <line>
      <![CDATA[Successfully clicked on Use this list Button element.]]>
    </line>
    <line>
      <![CDATA[Successfully waited for Weight 1 to be present on page.]]>
    </line>
    <line>
      <![CDATA[Successfully entered 0 in Weight 1 textbox.]]>
    </line>
    <line>
      <![CDATA[Successfully waited for Weight 2 to be present on page.]]>
    </line>
    <line>
      <![CDATA[Successfully entered 1 in Weight 2 textbox.]]>
    </line>
    <line>
      <![CDATA[Successfully waited for Weight 3 to be present on page.]]>
    </line>
    <line>
      <![CDATA[Successfully entered 2 in Weight 3 textbox.]]>
    </line>
    <line>
      <![CDATA[Successfully waited for Weight 4 to be present on page.]]>
    </line>
    <line>
      <![CDATA[Successfully entered 3 in Weight 4 textbox.]]>
    </line>
    <line>
      <![CDATA[Successfully waited for Weight 5 to be present on page.]]>
    </line>
    <line>
      <![CDATA[Successfully entered 4 in Weight 5 textbox.]]>
    </line>
    <line>
      <![CDATA[Successfully waited for Weight 6 to be present on page.]]>
    </line>
    <line>
      <![CDATA[Successfully entered 5 in Weight 6 textbox.]]>
    </line>
    <line>
      <![CDATA[Successfully waited for Weight 7 to be present on page.]]>
    </line>
    <line>
      <![CDATA[Successfully entered 6 in Weight 7 textbox.]]>
    </line>
    <line>
      <![CDATA[Successfully waited for Weight 8 to be present on page.]]>
    </line>
    <line>
      <![CDATA[Successfully entered 7 in Weight 8 textbox.]]>
    </line>
    <line>
      <![CDATA[Successfully waited for Weight 9 to be present on page.]]>
    </line>
    <line>
      <![CDATA[Successfully entered 8 in Weight 9 textbox.]]>
    </line>
    <line>
      <![CDATA[Successfully waited for Weight 10 to be present on page.]]>
    </line>
    <line>
      <![CDATA[Successfully entered 9 in Weight 10 textbox.]]>
    </line>
    <line>
      <![CDATA[Successfully waited for Save Button to be present on page.]]>
    </line>
    <line>
      <![CDATA[Successfully clicked on Save Button element.]]>
    </line>
    <line>
      <![CDATA[Successfully waited for loader to disappear.]]>
    </line>
    <line>
      <![CDATA[Successfully waited for loader to disappear.]]>
    </line>
    <line>
      <![CDATA[Successfully waited for Rating Radio Buttons Would you recommend the product to others? to be present on page.]]>
    </line>
    <line>
      <![CDATA[Successfully waited for Rating Radio Buttons Added Would you recommend the product to others? to be present on page.]]>
    </line>
    <line>
      <![CDATA[Successfully waited for Rating Drop Down Button to be present on page.]]>
    </line>
    <line>
      <![CDATA[Successfully double clicked on Rating Drop Down Button element.]]>
    </line>
    <line>
      <![CDATA[Successfully waited for loader to disappear.]]>
    </line>
    <line>
      <![CDATA[Successfully waited for Iframe Button to be present on page.]]>
    </line>
    <line>
      <![CDATA[Successfully waited for Description Text Input to be present on page.]]>
    </line>
    <line>
      <![CDATA[Successfully entered The morale in my department is high. in Description Text Input textbox.]]>
    </line>
    <line>
      <![CDATA[Successfully waited for Answer Library Button to be present on page.]]>
    </line>
    <line>
      <![CDATA[Successfully clicked on Answer Library Button element.]]>
    </line>
    <line>
      <![CDATA[Successfully waited for Get Answer Options from Answer Library Button to be present on page.]]>
    </line>
    <line>
      <![CDATA[Successfully clicked on Get Answer Options from Answer Library Button element.]]>
    </line>
    <line>
      <![CDATA[Successfully waited for Ansers Library Button to be present on page.]]>
    </line>
    <line>
      <![CDATA[Successfully waited for Iframe Answer Options to be present on page.]]>
    </line>
    <line>
      <![CDATA[Successfully waited for loader to disappear.]]>
    </line>
    <line>
      <![CDATA[Successfully waited for loader to disappear.]]>
    </line>
    <line>
      <![CDATA[Successfully waited for Qualification to be present on page.]]>
    </line>
    <line>
      <![CDATA[Successfully clicked on Qualification element.]]>
    </line>
    <line>
      <![CDATA[Successfully waited for Use this list Button to be present on page.]]>
    </line>
    <line>
      <![CDATA[Successfully clicked on Use this list Button element.]]>
    </line>
    <line>
      <![CDATA[Successfully waited for Weight 1 to be present on page.]]>
    </line>
    <line>
      <![CDATA[Successfully entered 0 in Weight 1 textbox.]]>
    </line>
    <line>
      <![CDATA[Successfully waited for Weight 2 to be present on page.]]>
    </line>
    <line>
      <![CDATA[Successfully entered 1 in Weight 2 textbox.]]>
    </line>
    <line>
      <![CDATA[Successfully waited for Weight 3 to be present on page.]]>
    </line>
    <line>
      <![CDATA[Successfully entered 2 in Weight 3 textbox.]]>
    </line>
    <line>
      <![CDATA[Successfully waited for Weight 4 to be present on page.]]>
    </line>
    <line>
      <![CDATA[Successfully entered 3 in Weight 4 textbox.]]>
    </line>
    <line>
      <![CDATA[Successfully waited for Weight 5 to be present on page.]]>
    </line>
    <line>
      <![CDATA[Successfully entered 4 in Weight 5 textbox.]]>
    </line>
    <line>
      <![CDATA[Successfully waited for Weight 6 to be present on page.]]>
    </line>
    <line>
      <![CDATA[Successfully entered 5 in Weight 6 textbox.]]>
    </line>
    <line>
      <![CDATA[Successfully waited for Weight 7 to be present on page.]]>
    </line>
    <line>
      <![CDATA[Successfully entered 6 in Weight 7 textbox.]]>
    </line>
    <line>
      <![CDATA[Successfully waited for Weight 8 to be present on page.]]>
    </line>
    <line>
      <![CDATA[Successfully entered 7 in Weight 8 textbox.]]>
    </line>
    <line>
      <![CDATA[Successfully waited for Weight 9 to be present on page.]]>
    </line>
    <line>
      <![CDATA[Successfully entered 8 in Weight 9 textbox.]]>
    </line>
    <line>
      <![CDATA[Successfully waited for Weight 10 to be present on page.]]>
    </line>
    <line>
      <![CDATA[Successfully entered 9 in Weight 10 textbox.]]>
    </line>
    <line>
      <![CDATA[Successfully waited for Save Button to be present on page.]]>
    </line>
    <line>
      <![CDATA[Successfully clicked on Save Button element.]]>
    </line>
    <line>
      <![CDATA[Successfully waited for loader to disappear.]]>
    </line>
    <line>
      <![CDATA[Successfully waited for loader to disappear.]]>
    </line>
    <line>
      <![CDATA[Successfully waited for Rating Drop Down The morale in my department is high. to be present on page.]]>
    </line>
    <line>
      <![CDATA[Successfully waited for Rating Drop Down Buttons Added The morale in my department is high. to be present on page.]]>
    </line>
    <line>
      <![CDATA[Successfully waited for List Box Button to be present on page.]]>
    </line>
    <line>
      <![CDATA[Successfully double clicked on List Box Button element.]]>
    </line>
    <line>
      <![CDATA[Successfully waited for loader to disappear.]]>
    </line>
    <line>
      <![CDATA[Successfully waited for Iframe Button to be present on page.]]>
    </line>
    <line>
      <![CDATA[Successfully waited for Description Text Input to be present on page.]]>
    </line>
    <line>
      <![CDATA[Successfully entered How did you first learn about THE PRODUCT? in Description Text Input textbox.]]>
    </line>
    <line>
      <![CDATA[Successfully waited for Answer Library Button to be present on page.]]>
    </line>
    <line>
      <![CDATA[Successfully clicked on Answer Library Button element.]]>
    </line>
    <line>
      <![CDATA[Successfully waited for Get Answer Options from Answer Library Button to be present on page.]]>
    </line>
    <line>
      <![CDATA[Successfully clicked on Get Answer Options from Answer Library Button element.]]>
    </line>
    <line>
      <![CDATA[Successfully waited for Ansers Library Button to be present on page.]]>
    </line>
    <line>
      <![CDATA[Successfully waited for Iframe Answer Options to be present on page.]]>
    </line>
    <line>
      <![CDATA[Successfully waited for loader to disappear.]]>
    </line>
    <line>
      <![CDATA[Successfully waited for loader to disappear.]]>
    </line>
    <line>
      <![CDATA[Successfully waited for Endorsement to be present on page.]]>
    </line>
    <line>
[...]
            </line>
            <line>
              <![CDATA[Successfully waited for loader to disappear.]]>
            </line>
            <line>
              <![CDATA[Successfully waited for loader to disappear.]]>
            </line>
            <line>
              <![CDATA[Successfully waited for Endorsement to be present on page.]]>
            </line>
            <line>
              <![CDATA[Successfully clicked on Endorsement element.]]>
            </line>
            <line>
              <![CDATA[Successfully waited for Use this list Button to be present on page.]]>
            </line>
            <line>
              <![CDATA[Successfully clicked on Use this list Button element.]]>
            </line>
            <line>
              <![CDATA[Successfully waited for Other checkbox to be present on page.]]>
            </line>
            <line>
              <![CDATA[Successfully clicked on Other checkbox element.]]>
            </line>
            <line>
              <![CDATA[Successfully waited for Save Button to be present on page.]]>
            </line>
            <line>
              <![CDATA[Successfully clicked on Save Button element.]]>
            </line>
            <line>
              <![CDATA[Successfully waited for loader to disappear.]]>
            </line>
            <line>
              <![CDATA[Successfully waited for Horizontal Radio Buttons Label Added For how many years have you been using THE PRODUCT? to be present on page.]]>
            </line>
            <line>
              <![CDATA[Successfully waited for Horizontal Radio Buttons Added For how many years have you been using THE PRODUCT? to be present on page.]]>
            </line>
            <line>
              <![CDATA[Successfully waited for Attachments Button to be present on page.]]>
            </line>
            <line>
              <![CDATA[Successfully double clicked on Attachments Button element.]]>
            </line>
            <line>
              <![CDATA[Successfully waited for loader to disappear.]]>
            </line>
            <line>
              <![CDATA[Successfully waited for Iframe Button to be present on page.]]>
            </line>
            <line>
              <![CDATA[Successfully waited for Description Text Input to be present on page.]]>
            </line>
            <line>
              <![CDATA[Successfully entered Upload your documents in Description Text Input textbox.]]>
            </line>
            <line>
              <![CDATA[Successfully waited for Questions Library Button to be present on page.]]>
            </line>
            <line>
              <![CDATA[Successfully clicked on Questions Library Button element.]]>
            </line>
            <line>
              <![CDATA[Successfully waited for Questions Library Button to be present on page.]]>
            </line>
            <line>
              <![CDATA[Successfully clicked on Questions Library Button element.]]>
            </line>
            <line>
              <![CDATA[Successfully waited for Iframe Questions Options to be present on page.]]>
            </line>
            <line>
              <![CDATA[Successfully waited for Intensity to be present on page.]]>
            </line>
            <line>
              <![CDATA[Successfully clicked on Intensity element.]]>
            </line>
            <line>
              <![CDATA[Successfully waited for Use this list Button to be present on page.]]>
            </line>
            <line>
              <![CDATA[Successfully clicked on Use this list Button element.]]>
            </line>
            <line>
              <![CDATA[Successfully waited for Save Button to be present on page.]]>
            </line>
            <line>
              <![CDATA[Successfully clicked on Save Button element.]]>
            </line>
            <line>
              <![CDATA[Successfully waited for loader to disappear.]]>
            </line>
            <line>
              <![CDATA[Successfully waited for Attachments Added Upload your documents to be present on page.]]>
            </line>
            <line>
              <![CDATA[Successfully waited for Attachments Added Upload your documents to be present on page.]]>
            </line>
            <line>
              <![CDATA[Successfully waited for Rating Radio Button to be present on page.]]>
            </line>
            <line>
              <![CDATA[Successfully double clicked on Rating Radio Button element.]]>
            </line>
            <line>
              <![CDATA[Successfully waited for loader to disappear.]]>
            </line>
            <line>
              <![CDATA[Successfully waited for Iframe Button to be present on page.]]>
            </line>
            <line>
              <![CDATA[Successfully waited for Description Text Input to be present on page.]]>
            </line>
            <line>
              <![CDATA[Successfully entered Would you recommend the product to others? in Description Text Input textbox.]]>
            </line>
            <line>
              <![CDATA[Successfully waited for Answer Library Button to be present on page.]]>
            </line>
            <line>
              <![CDATA[Successfully clicked on Answer Library Button element.]]>
            </line>
            <line>
              <![CDATA[Successfully waited for Get Answer Options from Answer Library Button to be present on page.]]>
            </line>
            <line>
              <![CDATA[Successfully clicked on Get Answer Options from Answer Library Button element.]]>
            </line>
            <line>
              <![CDATA[Successfully waited for Ansers Library Button to be present on page.]]>
            </line>
            <line>
              <![CDATA[Successfully waited for Iframe Answer Options to be present on page.]]>
            </line>
            <line>
              <![CDATA[Successfully waited for loader to disappear.]]>
            </line>
            <line>
              <![CDATA[Successfully waited for loader to disappear.]]>
            </line>
            <line>
              <![CDATA[Successfully waited for Qualification to be present on page.]]>
            </line>
            <line>
              <![CDATA[Successfully clicked on Qualification element.]]>
            </line>
            <line>
              <![CDATA[Successfully waited for Use this list Button to be present on page.]]>
            </line>
            <line>
              <![CDATA[Successfully clicked on Use this list Button element.]]>
            </line>
            <line>
              <![CDATA[Successfully waited for Weight 1 to be present on page.]]>
            </line>
            <line>
              <![CDATA[Successfully entered 0 in Weight 1 textbox.]]>
            </line>
            <line>
              <![CDATA[Successfully waited for Weight 2 to be present on page.]]>
            </line>
            <line>
              <![CDATA[Successfully entered 1 in Weight 2 textbox.]]>
            </line>
            <line>
              <![CDATA[Successfully waited for Weight 3 to be present on page.]]>
            </line>
            <line>
              <![CDATA[Successfully entered 2 in Weight 3 textbox.]]>
            </line>
            <line>
              <![CDATA[Successfully waited for Weight 4 to be present on page.]]>
            </line>
            <line>
              <![CDATA[Successfully entered 3 in Weight 4 textbox.]]>
            </line>
            <line>
              <![CDATA[Successfully waited for Weight 5 to be present on page.]]>
            </line>
            <line>
              <![CDATA[Successfully entered 4 in Weight 5 textbox.]]>
            </line>
            <line>
              <![CDATA[Successfully waited for Weight 6 to be present on page.]]>
            </line>
            <line>
              <![CDATA[Successfully entered 5 in Weight 6 textbox.]]>
            </line>
            <line>
              <![CDATA[Successfully waited for Weight 7 to be present on page.]]>
            </line>
            <line>
              <![CDATA[Successfully entered 6 in Weight 7 textbox.]]>
            </line>
            <line>
              <![CDATA[Successfully waited for Weight 8 to be present on page.]]>
            </line>
            <line>
              <![CDATA[Successfully entered 7 in Weight 8 textbox.]]>
            </line>
            <line>
              <![CDATA[Successfully waited for Weight 9 to be present on page.]]>
            </line>
            <line>
              <![CDATA[Successfully entered 8 in Weight 9 textbox.]]>
            </line>
            <line>
              <![CDATA[Successfully waited for Weight 10 to be present on page.]]>
            </line>
            <line>
              <![CDATA[Successfully entered 9 in Weight 10 textbox.]]>
            </line>
            <line>
              <![CDATA[Successfully waited for Save Button to be present on page.]]>
            </line>
            <line>
              <![CDATA[Successfully clicked on Save Button element.]]>
            </line>
            <line>
              <![CDATA[Successfully waited for loader to disappear.]]>
            </line>
            <line>
              <![CDATA[Successfully waited for loader to disappear.]]>
            </line>
            <line>
              <![CDATA[Successfully waited for Rating Radio Buttons Would you recommend the product to others? to be present on page.]]>
            </line>
            <line>
              <![CDATA[Successfully waited for Rating Radio Buttons Added Would you recommend the product to others? to be present on page.]]>
            </line>
            <line>
              <![CDATA[Successfully waited for Rating Drop Down Button to be present on page.]]>
            </line>
            <line>
              <![CDATA[Successfully double clicked on Rating Drop Down Button element.]]>
            </line>
            <line>
              <![CDATA[Successfully waited for loader to disappear.]]>
            </line>
            <line>
              <![CDATA[Successfully waited for Iframe Button to be present on page.]]>
            </line>
            <line>
              <![CDATA[Successfully waited for Description Text Input to be present on page.]]>
            </line>
            <line>
              <![CDATA[Successfully entered The morale in my department is high. in Description Text Input textbox.]]>
            </line>
            <line>
              <![CDATA[Successfully waited for Answer Library Button to be present on page.]]>
            </line>
            <line>
              <![CDATA[Successfully clicked on Answer Library Button element.]]>
            </line>
            <line>
              <![CDATA[Successfully waited for Get Answer Options from Answer Library Button to be present on page.]]>
            </line>
            <line>
              <![CDATA[Successfully clicked on Get Answer Options from Answer Library Button element.]]>
            </line>
            <line>
              <![CDATA[Successfully waited for Ansers Library Button to be present on page.]]>
            </line>
            <line>
              <![CDATA[Successfully waited for Iframe Answer Options to be present on page.]]>
            </line>
            <line>
              <![CDATA[Successfully waited for loader to disappear.]]>
            </line>
            <line>
              <![CDATA[Successfully waited for loader to disappear.]]>
            </line>
            <line>
              <![CDATA[Successfully waited for Qualification to be present on page.]]>
            </line>
            <line>
              <![CDATA[Successfully clicked on Qualification element.]]>
            </line>
            <line>
              <![CDATA[Successfully waited for Use this list Button to be present on page.]]>
            </line>
            <line>
              <![CDATA[Successfully clicked on Use this list Button element.]]>
            </line>
            <line>
              <![CDATA[Successfully waited for Weight 1 to be present on page.]]>
            </line>
            <line>
              <![CDATA[Successfully entered 0 in Weight 1 textbox.]]>
            </line>
            <line>
              <![CDATA[Successfully waited for Weight 2 to be present on page.]]>
            </line>
            <line>
              <![CDATA[Successfully entered 1 in Weight 2 textbox.]]>
            </line>
            <line>
              <![CDATA[Successfully waited for Weight 3 to be present on page.]]>
            </line>
            <line>
              <![CDATA[Successfully entered 2 in Weight 3 textbox.]]>
            </line>
            <line>
              <![CDATA[Successfully waited for Weight 4 to be present on page.]]>
            </line>
            <line>
              <![CDATA[Successfully entered 3 in Weight 4 textbox.]]>
            </line>
            <line>
              <![CDATA[Successfully waited for Weight 5 to be present on page.]]>
            </line>
            <line>
              <![CDATA[Successfully entered 4 in Weight 5 textbox.]]>
            </line>
            <line>
              <![CDATA[Successfully waited for Weight 6 to be present on page.]]>
            </line>
            <line>
              <![CDATA[Successfully entered 5 in Weight 6 textbox.]]>
            </line>
            <line>
              <![CDATA[Successfully waited for Weight 7 to be present on page.]]>
            </line>
            <line>
              <![CDATA[Successfully entered 6 in Weight 7 textbox.]]>
            </line>
            <line>
              <![CDATA[Successfully waited for Weight 8 to be present on page.]]>
            </line>
            <line>
              <![CDATA[Successfully entered 7 in Weight 8 textbox.]]>
            </line>
            <line>
              <![CDATA[Successfully waited for Weight 9 to be present on page.]]>
            </line>
            <line>
              <![CDATA[Successfully entered 8 in Weight 9 textbox.]]>
            </line>
            <line>
              <![CDATA[Successfully waited for Weight 10 to be present on page.]]>
            </line>
            <line>
              <![CDATA[Successfully entered 9 in Weight 10 textbox.]]>
            </line>
            <line>
              <![CDATA[Successfully waited for Save Button to be present on page.]]>
            </line>
            <line>
              <![CDATA[Successfully clicked on Save Button element.]]>
            </line>
            <line>
              <![CDATA[Successfully waited for loader to disappear.]]>
            </line>
            <line>
              <![CDATA[Successfully waited for loader to disappear.]]>
            </line>
            <line>
              <![CDATA[Successfully waited for Rating Drop Down The morale in my department is high. to be present on page.]]>
            </line>
            <line>
              <![CDATA[Successfully waited for Rating Drop Down Buttons Added The morale in my department is high. to be present on page.]]>
            </line>
            <line>
              <![CDATA[Successfully waited for List Box Button to be present on page.]]>
            </line>
            <line>
              <![CDATA[Successfully double clicked on List Box Button element.]]>
            </line>
            <line>
              <![CDATA[Successfully waited for loader to disappear.]]>
            </line>
            <line>
              <![CDATA[Successfully waited for Iframe Button to be present on page.]]>
            </line>
            <line>
              <![CDATA[Successfully waited for Description Text Input to be present on page.]]>
            </line>
            <line>
              <![CDATA[Successfully entered How did you first learn about THE PRODUCT? in Description Text Input textbox.]]>
            </line>
            <line>
              <![CDATA[Successfully waited for Answer Library Button to be present on page.]]>
            </line>
            <line>
              <![CDATA[Successfully clicked on Answer Library Button element.]]>
            </line>
            <line>
              <![CDATA[Successfully waited for Get Answer Options from Answer Library Button to be present on page.]]>
            </line>
            <line>
              <![CDATA[Successfully clicked on Get Answer Options from Answer Library Button element.]]>
            </line>
            <line>
              <![CDATA[Successfully waited for Ansers Library Button to be present on page.]]>
            </line>
            <line>
              <![CDATA[Successfully waited for Iframe Answer Options to be present on page.]]>
            </line>
            <line>
              <![CDATA[Successfully waited for loader to disappear.]]>
            </line>
            <line>
              <![CDATA[Successfully waited for loader to disappear.]]>
            </line>
            <line>
              <![CDATA[Successfully waited for Endorsement to be present on page.]]>
            </line>
            <line>
              <![CDATA[Successfully clicked on Endorsement element.]]>
            </line>
            <line>
              <![CDATA[Successfully waited for Use this list Button to be present on page.]]>
            </line>
            <line>
              <![CDATA[Successfully clicked on Use this list Button element.]]>
            </line>
            <line>
              <![CDATA[Successfully waited for Other checkbox to be present on page.]]>
            </line>
            <line>
              <![CDATA[Successfully clicked on Other checkbox element.]]>
            </line>
            <line>
              <![CDATA[Successfully waited for loader to disappear.]]>
            </line>
            <line>
              <![CDATA[Successfully waited for loader to disappear.]]>
            </line>
            <line>
              <![CDATA[Successfully waited for Save Button to be present on page.]]>
            </line>
            <line>
              <![CDATA[Successfully clicked on Save Button element.]]>
            </line>
            <line>
              <![CDATA[Successfully waited for loader to disappear.]]>
            </line>
            <line>
              <![CDATA[Successfully waited for loader to disappear.]]>
            </line>
            <line>
              <![CDATA[Successfully waited for Listbox Added How did you first learn about THE PRODUCT? to be present on page.]]>
            </line>
            <line>
              <![CDATA[Successfully waited for Listbox Added How did you first learn about THE PRODUCT? to be present on page.]]>
            </line>
            <line>
              <![CDATA[Successfully waited for Captcha Button to be present on page.]]>
            </line>
          </reporter-output>
        </test-method> <!-- Smoke_TC2 -->
        <test-method is-config="true" signature="reporterDataResults(org.testng.ITestResult)[pri:0, instance:com.sogo.smoke.smxpage.SMXPage_TC@147e2ae7]" started-at="2021-01-18T10:41:29Z" name="reporterDataResults" finished-at="2021-01-18T10:41:30Z" duration-ms="993" status="PASS">
          <params>
            <param index="0">
              <value>
                <![CDATA[[TestResult name=Smoke_TC2 status=SUCCESS method=SMXPage_TC.Smoke_TC2(java.util.LinkedHashMap)[pri:0, instance:com.sogo.smoke.smxpage.SMXPage_TC@147e2ae7] output=Successfully waited for Login Button Static to be present on page.]]]>
              </value>
            </param>
          </params>
          <reporter-output>
            <line>
              <![CDATA[Smoke_TC2 is PASSED.]]>
            </line>
          </reporter-output>
        </test-method> <!-- reporterDataResults -->
      </class> <!-- com.sogo.smoke.smxpage.SMXPage_TC -->
    </test> <!-- Default test -->
  </suite> <!-- Default suite -->
</testng-results>
