<?xml version="1.0" encoding="UTF-8"?>
<!-- Generated by org.testng.reporters.JUnitXMLReporter -->
<testsuite hostname="Sanket-PC" ignored="0" name="smxpage" tests="1" failures="1" timestamp="25 Nov 2020 15:05:16 GMT" time="189.94" errors="0">
  <testcase name="Smoke_TC2" time="188.227" classname="com.research.smoke.smxpage.SMXPage_TC">
    <failure type="java.lang.AssertionError" message="Image choice options not added in the survey">
      <![CDATA[java.lang.AssertionError: Image choice options not added in the survey
at utility.SeleniumUtils.reportFail(SeleniumUtils.java:608)
at pageobjects.SMXPage.enterImageChoiceButton(SMXPage.java:647)
at pageobjects.SMXPage.createSurvey(SMXPage.java:56)
at com.research.smoke.smxpage.SMXPage_TC.Smoke_TC2(SMXPage_TC.java:116)
at java.util.concurrent.FutureTask.run(FutureTask.java:266)
at java.util.concurrent.ThreadPoolExecutor.runWorker(ThreadPoolExecutor.java:1149)
at java.util.concurrent.ThreadPoolExecutor$Worker.run(ThreadPoolExecutor.java:624)
at java.lang.Thread.run(Thread.java:748)
... Removed 17 stack frames]]>
    </failure>
  </testcase> <!-- Smoke_TC2 -->
</testsuite> <!-- smxpage -->
