<?xml version="1.0" encoding="UTF-8"?>
<testng-results ignored="0" total="1" passed="0" failed="1" skipped="0">
  <reporter-output>
    <line>
      <![CDATA[Successfully waited for User Name to be present on page.]]>
    </line>
    <line>
      <![CDATA[Successfully entered gjoy_test in User Name textbox.]]>
    </line>
    <line>
      <![CDATA[Successfully entered Eighth8# in User Password textbox.]]>
    </line>
    <line>
      <![CDATA[Successfully clicked on Login element.]]>
    </line>
    <line>
      <![CDATA[Successfully waited for Sogo Account to be present on page.]]>
    </line>
    <line>
      <![CDATA[Successfully waited for Create Project Button to be present on page.]]>
    </line>
    <line>
      <![CDATA[Successfully clicked on Create Project Button element.]]>
    </line>
    <line>
      <![CDATA[Successfully waited for loader to disappear.]]>
    </line>
    <line>
      <![CDATA[Successfully waited for Iframe to be present on page.]]>
    </line>
    <line>
      <![CDATA[Successfully waited for Survey Button to be present on page.]]>
    </line>
    <line>
      <![CDATA[Successfully clicked on Survey Button element.]]>
    </line>
    <line>
      <![CDATA[Successfully waited for loader to disappear.]]>
    </line>
    <line>
      <![CDATA[Successfully waited for loader to disappear.]]>
    </line>
    <line>
      <![CDATA[Successfully waited for Start with a Blank Survey Button to be present on page.]]>
    </line>
    <line>
      <![CDATA[Successfully clicked on Start with a Blank Survey Button element.]]>
    </line>
    <line>
      <![CDATA[Successfully waited for Survey Name to be present on page.]]>
    </line>
    <line>
      <![CDATA[Successfully entered SMx DP - 23-Nov-2021 20:34:08 in Survey Name textbox.]]>
    </line>
    <line>
      <![CDATA[Successfully waited for Select Folder to be present on page.]]>
    </line>
    <line>
      <![CDATA[Successfully clicked on Select Folder element.]]>
    </line>
    <line>
      <![CDATA[Successfully waited for Main to be present on page.]]>
    </line>
    <line>
      <![CDATA[Successfully clicked on Main element.]]>
    </line>
    <line>
      <![CDATA[Successfully waited for Primary Langugage Drop down to be present on page.]]>
    </line>
    <line>
      <![CDATA[Successfully clicked on Primary Langugage Drop down element.]]>
    </line>
    <line>
      <![CDATA[Successfully waited for Primary Langugage List to be present on page.]]>
    </line>
    <line>
      <![CDATA[Successfully move to :English]]>
    </line>
    <line>
      <![CDATA[Successfully clicked on English element.]]>
    </line>
    <line>
      <![CDATA[Successfully waited for Secondary Language Switch to be present on page.]]>
    </line>
    <line>
      <![CDATA[Successfully clicked on Secondary Language Switch element.]]>
    </line>
    <line>
      <![CDATA[Successfully waited for Secondary Langugage Drop down to be present on page.]]>
    </line>
    <line>
      <![CDATA[Successfully clicked on Secondary Langugage Drop down element.]]>
    </line>
    <line>
      <![CDATA[Successfully waited for Secondary Langugage Drop down Search to be present on page.]]>
    </line>
    <line>
      <![CDATA[Successfully entered Spanish in Secondary Langugage Drop down Search textbox.]]>
    </line>
    <line>
      <![CDATA[Successfully waited for Spanish to be present on page.]]>
    </line>
    <line>
      <![CDATA[Successfully clicked on Spanish element.]]>
    </line>
    <line>
      <![CDATA[Successfully waited for Create Button to be present on page.]]>
    </line>
    <line>
      <![CDATA[Successfully clicked on Create Button element.]]>
    </line>
    <line>
      <![CDATA[Successfully waited for loader to disappear.]]>
    </line>
    <line>
      <![CDATA[Successfully waited for loader to disappear.]]>
    </line>
    <line>
      <![CDATA[Successfully waited for SMx DP - 23-Nov-2021 20:34:08 to be present on page.]]>
    </line>
    <line>
      <![CDATA[Successfully waited for Description Button to be present on page.]]>
    </line>
    <line>
      <![CDATA[Successfully double clicked on Description Button element.]]>
    </line>
    <line>
      <![CDATA[Successfully waited for loader to disappear.]]>
    </line>
    <line>
      <![CDATA[Successfully waited for Iframe Button to be present on page.]]>
    </line>
    <line>
      <![CDATA[Successfully waited for Description Text Input to be present on page.]]>
    </line>
    <line>
      <![CDATA[Successfully entered This survey is for manufacturers and product distributors to get a sense of how current and prospective customers responded to a particular product. in Description Text Input textbox.]]>
    </line>
    <line>
      <![CDATA[Successfully waited for Save Button to be present on page.]]>
    </line>
    <line>
      <![CDATA[Successfully clicked on Save Button element.]]>
    </line>
    <line>
      <![CDATA[Successfully waited for loader to disappear.]]>
    </line>
    <line>
      <![CDATA[Successfully waited for loader to disappear.]]>
    </line>
    <line>
      <![CDATA[Successfully waited for Description Added This survey is for manufacturers and product distributors to get a sense of how current and prospective customers responded to a particular product. to be present on page.]]>
    </line>
    <line>
      <![CDATA[Successfully waited for Net Promoter Button to be present on page.]]>
    </line>
    <line>
      <![CDATA[Successfully double clicked on Net Promoter Button element.]]>
    </line>
    <line>
      <![CDATA[Successfully waited for loader to disappear.]]>
    </line>
    <line>
      <![CDATA[Successfully waited for Iframe Button to be present on page.]]>
    </line>
    <line>
      <![CDATA[Successfully waited for Description Text Input to be present on page.]]>
    </line>
    <line>
      <![CDATA[Successfully fetched text How likely is it that you would recommend [company / brand / product / service] to a friend or colleague? from Description Text Input]]>
    </line>
    <line>
      <![CDATA[Successfully waited for Save Button to be present on page.]]>
    </line>
    <line>
      <![CDATA[Successfully clicked on Save Button element.]]>
    </line>
    <line>
      <![CDATA[Successfully waited for loader to disappear.]]>
    </line>
    <line>
      <![CDATA[Successfully waited for loader to disappear.]]>
    </line>
    <line>
      <![CDATA[Successfully waited for Net Promoter Label Added How likely is it that you would recommend [company / brand / product / service] to a friend or colleague? to be present on page.]]>
    </line>
    <line>
      <![CDATA[Successfully waited for Net Promoter Label Added How likely is it that you would recommend [company / brand / product / service] to a friend or colleague? to be present on page.]]>
    </line>
    <line>
      <![CDATA[Successfully waited for Text Box Button to be present on page.]]>
    </line>
    <line>
      <![CDATA[Successfully double clicked on Text Box Button element.]]>
    </line>
    <line>
      <![CDATA[Successfully waited for loader to disappear.]]>
    </line>
    <line>
      <![CDATA[Successfully waited for Iframe Button to be present on page.]]>
    </line>
    <line>
      <![CDATA[Successfully waited for Description Text Input to be present on page.]]>
    </line>
    <line>
      <![CDATA[Successfully entered What are the specific details of the product / service. in Description Text Input textbox.]]>
    </line>
    <line>
      <![CDATA[Successfully waited for Save Button to be present on page.]]>
    </line>
    <line>
      <![CDATA[Successfully clicked on Save Button element.]]>
    </line>
    <line>
      <![CDATA[Successfully waited for loader to disappear.]]>
    </line>
    <line>
      <![CDATA[Successfully waited for loader to disappear.]]>
    </line>
    <line>
      <![CDATA[Successfully waited for Text Box Label Added What are the specific details of the product / service. to be present on page.]]>
    </line>
    <line>
      <![CDATA[Successfully waited for Text Box Added What are the specific details of the product / service. to be present on page.]]>
    </line>
    <line>
      <![CDATA[Successfully waited for Radio Button to be present on page.]]>
    </line>
    <line>
      <![CDATA[Successfully double clicked on Radio Button element.]]>
    </line>
    <line>
      <![CDATA[Successfully waited for loader to disappear.]]>
    </line>
    <line>
      <![CDATA[Successfully waited for Iframe Button to be present on page.]]>
    </line>
    <line>
      <![CDATA[Successfully waited for Description Text Input to be present on page.]]>
    </line>
    <line>
      <![CDATA[Successfully entered Where did you last purchase THE PRODUCT? in Description Text Input textbox.]]>
    </line>
    <line>
      <![CDATA[Successfully waited for Answer Library Button to be present on page.]]>
    </line>
    <line>
      <![CDATA[Successfully clicked on Answer Library Button element.]]>
    </line>
    <line>
      <![CDATA[Successfully waited for Get Answer Options from Answer Library Button to be present on page.]]>
    </line>
    <line>
      <![CDATA[Successfully clicked on Get Answer Options from Answer Library Button element.]]>
    </line>
    <line>
      <![CDATA[Successfully waited for Ansers Library Button to be present on page.]]>
    </line>
    <line>
      <![CDATA[Successfully waited for Iframe Answer Options to be present on page.]]>
    </line>
    <line>
      <![CDATA[Successfully waited for loader to disappear.]]>
    </line>
    <line>
      <![CDATA[Successfully waited for loader to disappear.]]>
    </line>
    <line>
      <![CDATA[Successfully waited for Endorsement to be present on page.]]>
    </line>
    <line>
      <![CDATA[Successfully clicked on Endorsement element.]]>
    </line>
    <line>
      <![CDATA[Successfully waited for Use this list Button to be present on page.]]>
    </line>
    <line>
      <![CDATA[Successfully clicked on Use this list Button element.]]>
    </line>
    <line>
      <![CDATA[Successfully waited for Other checkbox to be present on page.]]>
    </line>
    <line>
      <![CDATA[Successfully clicked on Other checkbox element.]]>
    </line>
    <line>
      <![CDATA[Successfully waited for Save Button to be present on page.]]>
    </line>
    <line>
      <![CDATA[Successfully clicked on Save Button element.]]>
    </line>
    <line>
      <![CDATA[Successfully waited for loader to disappear.]]>
    </line>
    <line>
      <![CDATA[Successfully waited for loader to disappear.]]>
    </line>
    <line>
      <![CDATA[Successfully waited for Radio Buttons Label Added Where did you last purchase THE PRODUCT? to be present on page.]]>
    </line>
    <line>
      <![CDATA[Successfully waited for Radio Buttons Added Where did you last purchase THE PRODUCT? to be present on page.]]>
    </line>
    <line>
      <![CDATA[Successfully waited for Check Box Button to be present on page.]]>
    </line>
    <line>
      <![CDATA[Successfully double clicked on Check Box Button element.]]>
    </line>
    <line>
      <![CDATA[Successfully waited for loader to disappear.]]>
    </line>
    <line>
      <![CDATA[Successfully waited for Iframe Button to be present on page.]]>
    </line>
    <line>
      <![CDATA[Successfully waited for Description Text Input to be present on page.]]>
    </line>
    <line>
      <![CDATA[Successfully entered Please select your choices from the list in Description Text Input textbox.]]>
    </line>
    <line>
      <![CDATA[Successfully waited for Answer Library Button to be present on page.]]>
    </line>
    <line>
      <![CDATA[Successfully clicked on Answer Library Button element.]]>
    </line>
    <line>
      <![CDATA[Successfully waited for Get Answer Options from Answer Library Button to be present on page.]]>
    </line>
    <line>
      <![CDATA[Successfully clicked on Get Answer Options from Answer Library Button element.]]>
    </line>
    <line>
      <![CDATA[Successfully waited for Ansers Library Button to be present on page.]]>
    </line>
    <line>
      <![CDATA[Successfully waited for Iframe Answer Options to be present on page.]]>
    </line>
    <line>
      <![CDATA[Successfully waited for loader to disappear.]]>
    </line>
    <line>
      <![CDATA[Successfully waited for loader to disappear.]]>
    </line>
    <line>
      <![CDATA[Successfully waited for Endorsement to be present on page.]]>
    </line>
    <line>
      <![CDATA[Successfully clicked on Endorsement element.]]>
    </line>
    <line>
      <![CDATA[Successfully waited for Use this list Button to be present on page.]]>
    </line>
    <line>
      <![CDATA[Successfully clicked on Use this list Button element.]]>
    </line>
    <line>
      <![CDATA[Successfully waited for None of Above to be present on page.]]>
    </line>
    <line>
      <![CDATA[Successfully clicked on None of Above element.]]>
    </line>
    <line>
      <![CDATA[Successfully waited for Save Button to be present on page.]]>
    </line>
    <line>
      <![CDATA[Successfully clicked on Save Button element.]]>
    </line>
    <line>
      <![CDATA[Successfully waited for loader to disappear.]]>
    </line>
    <line>
      <![CDATA[Successfully waited for loader to disappear.]]>
    </line>
    <line>
      <![CDATA[Successfully waited for Check Box Label Added Please select your choices from the list to be present on page.]]>
    </line>
    <line>
      <![CDATA[Successfully waited for Check Box Added Please select your choices from the list to be present on page.]]>
    </line>
    <line>
      <![CDATA[Successfully waited for Drop Down Button to be present on page.]]>
    </line>
    <line>
      <![CDATA[Successfully double clicked on Drop Down Button element.]]>
    </line>
    <line>
      <![CDATA[Successfully waited for loader to disappear.]]>
    </line>
    <line>
      <![CDATA[Successfully waited for Iframe Button to be present on page.]]>
    </line>
    <line>
      <![CDATA[Successfully waited for Description Text Input to be present on page.]]>
    </line>
    <line>
      <![CDATA[Successfully entered How long have you been our customer? in Description Text Input textbox.]]>
    </line>
    <line>
      <![CDATA[Successfully waited for Answer Library Button to be present on page.]]>
    </line>
    <line>
      <![CDATA[Successfully clicked on Answer Library Button element.]]>
    </line>
    <line>
      <![CDATA[Successfully waited for Get Answer Options from Answer Library Button to be present on page.]]>
    </line>
    <line>
      <![CDATA[Successfully clicked on Get Answer Options from Answer Library Button element.]]>
    </line>
    <line>
      <![CDATA[Successfully waited for Ansers Library Button to be present on page.]]>
    </line>
    <line>
      <![CDATA[Successfully waited for Iframe Answer Options to be present on page.]]>
    </line>
    <line>
      <![CDATA[Successfully waited for loader to disappear.]]>
    </line>
    <line>
      <![CDATA[Successfully waited for loader to disappear.]]>
    </line>
    <line>
      <![CDATA[Successfully waited for Endorsement to be present on page.]]>
    </line>
    <line>
      <![CDATA[Successfully clicked on Endorsement element.]]>
    </line>
    <line>
      <![CDATA[Successfully waited for Use this list Button to be present on page.]]>
    </line>
    <line>
      <![CDATA[Successfully clicked on Use this list Button element.]]>
    </line>
    <line>
      <![CDATA[Successfully waited for Other checkbox to be present on page.]]>
    </line>
    <line>
      <![CDATA[Successfully clicked on Other checkbox element.]]>
    </line>
    <line>
      <![CDATA[Successfully waited for Save Button to be present on page.]]>
    </line>
    <line>
      <![CDATA[Successfully clicked on Save Button element.]]>
    </line>
    <line>
      <![CDATA[Successfully waited for loader to disappear.]]>
    </line>
    <line>
      <![CDATA[Successfully waited for loader to disappear.]]>
    </line>
    <line>
      <![CDATA[Successfully waited for Drop Down Label Added How long have you been our customer? to be present on page.]]>
    </line>
    <line>
      <![CDATA[Successfully waited for Drop Down Added How long have you been our customer? to be present on page.]]>
    </line>
    <line>
      <![CDATA[Successfully waited for Demographics Button to be present on page.]]>
    </line>
    <line>
      <![CDATA[Successfully double clicked on Demographics Button element.]]>
    </line>
    <line>
      <![CDATA[Successfully waited for loader to disappear.]]>
    </line>
    <line>
      <![CDATA[Successfully waited for Iframe Button to be present on page.]]>
    </line>
    <line>
      <![CDATA[Successfully waited for Description Text Input to be present on page.]]>
    </line>
    <line>
      <![CDATA[Successfully entered Please fill below information. in Description Text Input textbox.]]>
    </line>
    <line>
      <![CDATA[Successfully waited for Demographics Name to be present on page.]]>
    </line>
    <line>
      <![CDATA[Successfully clicked on Demographics Name element.]]>
    </line>
    <line>
      <![CDATA[Successfully waited for Demographics Name: Title to be present on page.]]>
    </line>
    <line>
      <![CDATA[Successfully clicked on Demographics Name: Title element.]]>
    </line>
    <line>
      <![CDATA[Successfully waited for Demographics Name: First Name to be present on page.]]>
    </line>
    <line>
      <![CDATA[Successfully clicked on Demographics Name: First Name element.]]>
    </line>
    <line>
      <![CDATA[Successfully waited for Demographics Name: Middle Name to be present on page.]]>
    </line>
    <line>
      <![CDATA[Successfully clicked on Demographics Name: Middle Name element.]]>
    </line>
    <line>
      <![CDATA[Successfully waited for Demographics Name: Last Name to be present on page.]]>
    </line>
    <line>
      <![CDATA[Successfully clicked on Demographics Name: Last Name element.]]>
    </line>
    <line>
      <![CDATA[Successfully waited for Demographics Gender to be present on page.]]>
    </line>
    <line>
      <![CDATA[Successfully clicked on Demographics Gender element.]]>
    </line>
    <line>
      <![CDATA[Successfully waited for Demographics Date of Birth to be present on page.]]>
    </line>
    <line>
      <![CDATA[Successfully clicked on Demographics Date of Birth element.]]>
    </line>
    <line>
      <![CDATA[Successfully waited for Demographics Address to be present on page.]]>
    </line>
    <line>
      <![CDATA[Successfully clicked on Demographics Address element.]]>
    </line>
    <line>
      <![CDATA[Successfully waited for Demographics Address: Street 1 to be present on page.]]>
    </line>
    <line>
      <![CDATA[Successfully clicked on Demographics Address: Street 1 element.]]>
    </line>
    <line>
      <![CDATA[Successfully waited for Demographics Address: Street 2 to be present on page.]]>
    </line>
    <line>
      <![CDATA[Successfully clicked on Demographics Address: Street 2 element.]]>
    </line>
    <line>
      <![CDATA[Successfully waited for Demographics Address: City to be present on page.]]>
    </line>
    <line>
      <![CDATA[Successfully clicked on Demographics Address: City element.]]>
    </line>
    <line>
      <![CDATA[Successfully waited for Demographics Address: Country to be present on page.]]>
    </line>
    <line>
      <![CDATA[Successfully clicked on Demographics Address: Country element.]]>
    </line>
    <line>
      <![CDATA[Successfully waited for Demographics Address: State to be present on page.]]>
    </line>
    <line>
      <![CDATA[Successfully clicked on Demographics Address: State element.]]>
    </line>
    <line>
      <![CDATA[Successfully waited for Demographics Address: ZIP to be present on page.]]>
    </line>
    <line>
      <![CDATA[Successfully clicked on Demographics Address: ZIP element.]]>
    </line>
    <line>
      <![CDATA[Successfully waited for Demographics Telephone/FAX to be present on page.]]>
    </line>
    <line>
      <![CDATA[Successfully clicked on Demographics Telephone/FAX element.]]>
    </line>
    <line>
      <![CDATA[Successfully waited for Demographics Telephone/FAX: Telephone to be present on page.]]>
    </line>
    <line>
      <![CDATA[Successfully clicked on Demographics Telephone/FAX: Telephone element.]]>
    </line>
    <line>
      <![CDATA[Successfully waited for Demographics Telephone/FAX: Extension to be present on page.]]>
    </line>
    <line>
      <![CDATA[Successfully clicked on Demographics Telephone/FAX: Extension element.]]>
    </line>
    <line>
      <![CDATA[Successfully waited for Demographics Telephone/FAX: Fax to be present on page.]]>
    </line>
    <line>
      <![CDATA[Successfully clicked on Demographics Telephone/FAX: Fax element.]]>
    </line>
    <line>
      <![CDATA[Successfully waited for Demographics Email Address to be present on page.]]>
    </line>
    <line>
      <![CDATA[Successfully clicked on Demographics Email Address element.]]>
    </line>
    <line>
      <![CDATA[Successfully waited for Demographics Require to re-enter email address to be present on page.]]>
    </line>
    <line>
      <![CDATA[Successfully clicked on Demographics Require to re-enter email address element.]]>
    </line>
    <line>
      <![CDATA[Successfully waited for Save Button to be present on page.]]>
    </line>
    <line>
      <![CDATA[Successfully clicked on Save Button element.]]>
    </line>
    <line>
      <![CDATA[Successfully waited for loader to disappear.]]>
    </line>
    <line>
      <![CDATA[Successfully waited for Demographics Label Added Please fill below information. to be present on page.]]>
    </line>
    <line>
      <![CDATA[Successfully waited for Demographics Added Please fill below information. to be present on page.]]>
    </line>
    <line>
      <![CDATA[Successfully waited for Rating Scale Button to be present on page.]]>
    </line>
    <line>
      <![CDATA[Successfully double clicked on Rating Scale Button element.]]>
    </line>
    <line>
      <![CDATA[Successfully waited for loader to disappear.]]>
    </line>
    <line>
      <![CDATA[Successfully waited for Iframe Button to be present on page.]]>
    </line>
    <line>
      <![CDATA[Successfully waited for Description Text Input to be present on page.]]>
    </line>
    <line>
      <![CDATA[Successfully entered How likely is it that you would recommend our company to a friend or colleague? in Description Text Input textbox.]]>
    </line>
    <line>
      <![CDATA[Successfully waited for Show N/A option to be present on page.]]>
    </line>
    <line>
      <![CDATA[Successfully clicked on Show N/A option element.]]>
    </line>
    <line>
      <![CDATA[Successfully waited for Show scale in reverse order to be present on page.]]>
    </line>
    <line>
      <![CDATA[Successfully clicked on Show scale in reverse order element.]]>
    </line>
    <line>
      <![CDATA[Successfully waited for Show participant rating field to be present on page.]]>
    </line>
    <line>
      <![CDATA[Successfully clicked on Show participant rating field element.]]>
    </line>
    <line>
      <![CDATA[Successfully waited for Save Button to be present on page.]]>
    </line>
    <line>
      <![CDATA[Successfully clicked on Save Button element.]]>
    </line>
    <line>
      <![CDATA[Successfully waited for loader to disappear.]]>
    </line>
    <line>
      <![CDATA[Successfully waited for loader to disappear.]]>
    </line>
    <line>
      <![CDATA[Successfully waited for Rating Scale Added How likely is it that you would recommend our company to a friend or colleague? to be present on page.]]>
    </line>
    <line>
      <![CDATA[Successfully waited for Rating Scale Added How likely is it that you would recommend our company to a friend or colleague? to be present on page.]]>
    </line>
    <line>
      <![CDATA[Successfully waited for Symbol Rating Scale Button to be present on page.]]>
    </line>
    <line>
      <![CDATA[Successfully double clicked on Symbol Rating Scale Button element.]]>
    </line>
    <line>
      <![CDATA[Successfully waited for loader to disappear.]]>
    </line>
    <line>
      <![CDATA[Successfully waited for Iframe Button to be present on page.]]>
    </line>
    <line>
      <![CDATA[Successfully waited for Description Text Input to be present on page.]]>
    </line>
    <line>
      <![CDATA[Successfully entered Please indicate the extent to which you agree with the following statements. in Description Text Input textbox.]]>
    </line>
    <line>
      <![CDATA[Successfully waited for Increase SRS Question Button to be present on page.]]>
    </line>
    <line>
      <![CDATA[Successfully clicked on Increase SRS Question Button element.]]>
    </line>
    <line>
      <![CDATA[Successfully clicked on Increase SRS Question Button element.]]>
    </line>
    <line>
      <![CDATA[Successfully clicked on Increase SRS Question Button element.]]>
    </line>
    <line>
      <![CDATA[Successfully clicked on Increase SRS Question Button element.]]>
    </line>
    <line>
      <![CDATA[Successfully clicked on Increase SRS Question Button element.]]>
    </line>
    <line>
      <![CDATA[Successfully waited for Sub Question 1 to be present on page.]]>
    </line>
    <line>
      <![CDATA[Successfully entered The company clearly conveys its mission to its employees. in Sub Question 1 textbox.]]>
    </line>
    <line>
      <![CDATA[Successfully waited for Sub Question 1 Scale to be present on page.]]>
    </line>
    <line>
      <![CDATA[Successfully waited for Sub Question 2 to be present on page.]]>
    </line>
    <line>
      <![CDATA[Successfully entered There is good communication from managers to employees. in Sub Question 2 textbox.]]>
    </line>
    <line>
      <![CDATA[Successfully waited for Sub Question 2 Scale to be present on page.]]>
    </line>
    <line>
      <![CDATA[Successfully waited for Sub Question 3 to be present on page.]]>
    </line>
    <line>
      <![CDATA[Successfully entered I have the tools and resources I need to do my job.  in Sub Question 3 textbox.]]>
    </line>
    <line>
      <![CDATA[Successfully waited for Sub Question 3 Scale to be present on page.]]>
    </line>
    <line>
      <![CDATA[Successfully waited for Sub Question 4 to be present on page.]]>
    </line>
    <line>
      <![CDATA[Successfully entered I have the training I need to do my job.  in Sub Question 4 textbox.]]>
    </line>
    <line>
      <![CDATA[Successfully waited for Sub Question 4 Scale to be present on page.]]>
    </line>
    <line>
      <![CDATA[Successfully waited for Sub Question 5 to be present on page.]]>
    </line>
    <line>
      <![CDATA[Successfully entered I feel underutilized in my job.  in Sub Question 5 textbox.]]>
    </line>
    <line>
      <![CDATA[Successfully waited for Sub Question 5 Scale to be present on page.]]>
    </line>
    <line>
      <![CDATA[Successfully waited for Sub Question 6 to be present on page.]]>
    </line>
    <line>
      <![CDATA[Successfully entered The amount of work expected of me is reasonable.  in Sub Question 6 textbox.]]>
    </line>
    <line>
      <![CDATA[Successfully waited for Sub Question 6 Scale to be present on page.]]>
    </line>
    <line>
      <![CDATA[Successfully waited for Save Button to be present on page.]]>
    </line>
    <line>
      <![CDATA[Successfully clicked on Save Button element.]]>
    </line>
    <line>
      <![CDATA[Successfully waited for loader to disappear.]]>
    </line>
    <line>
      <![CDATA[Successfully waited for Symbol Rating Scale Added Please indicate the extent to which you agree with the following statements. to be present on page.]]>
    </line>
    <line>
      <![CDATA[Successfully waited for Symbol Rating Scale Added Please indicate the extent to which you agree with the following statements. to be present on page.]]>
    </line>
    <line>
      <![CDATA[Successfully waited for Like/Dislike Button to be present on page.]]>
    </line>
    <line>
      <![CDATA[Successfully double clicked on Like/Dislike Button element.]]>
    </line>
    <line>
      <![CDATA[Successfully waited for loader to disappear.]]>
    </line>
    <line>
      <![CDATA[Successfully waited for Iframe Button to be present on page.]]>
    </line>
    <line>
      <![CDATA[Successfully waited for Description Text Input to be present on page.]]>
    </line>
    <line>
      <![CDATA[Successfully entered Do you use THE PRODUCT all of the time or rarely when PERFORMING THE FUNCTION FOR WHICH ITS DESIGNED? in Description Text Input textbox.]]>
    </line>
    <line>
      <![CDATA[Successfully waited for Save Button to be present on page.]]>
    </line>
    <line>
      <![CDATA[Successfully clicked on Save Button element.]]>
    </line>
    <line>
      <![CDATA[Successfully waited for loader to disappear.]]>
    </line>
    <line>
      <![CDATA[Successfully waited for loader to disappear.]]>
    </line>
    <line>
      <![CDATA[Successfully waited for Like/Dislike Added Do you use THE PRODUCT all of the time or rarely when PERFORMING THE FUNCTION FOR WHICH ITS DESIGNED? to be present on page.]]>
    </line>
    <line>
      <![CDATA[Successfully waited for Like/Dislike Added Do you use THE PRODUCT all of the time or rarely when PERFORMING THE FUNCTION FOR WHICH ITS DESIGNED? to be present on page.]]>
    </line>
    <line>
      <![CDATA[Successfully waited for Ranking Button to be present on page.]]>
    </line>
    <line>
      <![CDATA[Successfully double clicked on Ranking Button element.]]>
    </line>
    <line>
      <![CDATA[Successfully waited for loader to disappear.]]>
    </line>
    <line>
      <![CDATA[Successfully waited for Iframe Button to be present on page.]]>
    </line>
    <line>
      <![CDATA[Successfully waited for Description Text Input to be present on page.]]>
    </line>
    <line>
      <![CDATA[Successfully entered Which Product/Service type do you want to provide your feedback about in Description Text Input textbox.]]>
    </line>
    <line>
      <![CDATA[Successfully waited for Answer Library Button to be present on page.]]>
    </line>
    <line>
      <![CDATA[Successfully clicked on Answer Library Button element.]]>
    </line>
    <line>
      <![CDATA[Successfully waited for Get Answer Options from Answer Library Button to be present on page.]]>
    </line>
    <line>
      <![CDATA[Successfully clicked on Get Answer Options from Answer Library Button element.]]>
    </line>
    <line>
      <![CDATA[Successfully waited for Ansers Library Button to be present on page.]]>
    </line>
    <line>
      <![CDATA[Successfully waited for Iframe Answer Options to be present on page.]]>
    </line>
    <line>
      <![CDATA[Successfully waited for loader to disappear.]]>
    </line>
    <line>
      <![CDATA[Successfully waited for loader to disappear.]]>
    </line>
    <line>
      <![CDATA[Successfully waited for Qualification to be present on page.]]>
    </line>
    <line>
      <![CDATA[Successfully clicked on Qualification element.]]>
    </line>
    <line>
      <![CDATA[Successfully waited for Use this list Button to be present on page.]]>
    </line>
    <line>
      <![CDATA[Successfully clicked on Use this list Button element.]]>
    </line>
    <line>
      <![CDATA[Successfully waited for Save Button to be present on page.]]>
    </line>
    <line>
      <![CDATA[Successfully clicked on Save Button element.]]>
    </line>
    <line>
      <![CDATA[Successfully waited for loader to disappear.]]>
    </line>
    <line>
      <![CDATA[Successfully waited for loader to disappear.]]>
    </line>
    <line>
      <![CDATA[Successfully waited for Ranking Added Which Product/Service type do you want to provide your feedback about to be present on page.]]>
    </line>
    <line>
      <![CDATA[Successfully waited for Ranking Added Which Product/Service type do you want to provide your feedback about to be present on page.]]>
    </line>
    <line>
      <![CDATA[Successfully waited for Date Button to be present on page.]]>
    </line>
    <line>
      <![CDATA[Successfully double clicked on Date Button element.]]>
    </line>
    <line>
      <![CDATA[Successfully waited for loader to disappear.]]>
    </line>
    <line>
      <![CDATA[Successfully waited for Iframe Button to be present on page.]]>
    </line>
    <line>
      <![CDATA[Successfully waited for Description Text Input to be present on page.]]>
    </line>
    <line>
      <![CDATA[Successfully entered Please enter the date of birth in Description Text Input textbox.]]>
    </line>
    <line>
      <![CDATA[Successfully waited for Save Button to be present on page.]]>
    </line>
    <line>
      <![CDATA[Successfully clicked on Save Button element.]]>
    </line>
    <line>
      <![CDATA[Successfully waited for loader to disappear.]]>
    </line>
    <line>
      <![CDATA[Successfully waited for loader to disappear.]]>
    </line>
    <line>
      <![CDATA[Successfully waited for Date Added Please enter the date of birth to be present on page.]]>
    </line>
    <line>
      <![CDATA[Successfully waited for Date Added Please enter the date of birth to be present on page.]]>
    </line>
    <line>
      <![CDATA[Successfully waited for Image Choice Button to be present on page.]]>
    </line>
    <line>
      <![CDATA[Successfully double clicked on Image Choice Button element.]]>
    </line>
    <line>
      <![CDATA[Successfully waited for loader to disappear.]]>
    </line>
    <line>
      <![CDATA[Successfully waited for Iframe Button to be present on page.]]>
    </line>
    <line>
      <![CDATA[Successfully waited for Description Text Input to be present on page.]]>
    </line>
    <line>
      <![CDATA[Successfully entered Where you like to travel from the below place in Description Text Input textbox.]]>
    </line>
    <line>
      <![CDATA[Successfully waited for Add Image to be present on page.]]>
    </line>
    <line>
      <![CDATA[Successfully clicked on Add Image element.]]>
    </line>
    <line>
      <![CDATA[Successfully waited for Iframe Questions Options to be present on page.]]>
    </line>
  </reporter-output>
  <suite started-at="2021-11-23T15:03:52Z" name="Default suite" finished-at="2021-11-23T15:06:30Z" duration-ms="158647">
    <groups>
      <group name="smxpage">
        <method signature="SMXPage_TC.Smoke_TC2(java.util.LinkedHashMap)[pri:0, instance:com.research.smoke.smxpage.SMXPage_TC@383dc82c]" name="Smoke_TC2" class="com.research.smoke.smxpage.SMXPage_TC"/>
      </group> <!-- smxpage -->
    </groups>
    <test started-at="2021-11-23T15:03:52Z" name="Default test" finished-at="2021-11-23T15:06:30Z" duration-ms="158647">
      <class name="com.research.smoke.smxpage.SMXPage_TC">
        <test-method is-config="true" signature="beforeSuite()[pri:0, instance:com.research.smoke.smxpage.SMXPage_TC@383dc82c]" started-at="2021-11-23T15:03:52Z" name="beforeSuite" finished-at="2021-11-23T15:03:52Z" duration-ms="169" status="PASS">
          <reporter-output>
          </reporter-output>
        </test-method> <!-- beforeSuite -->
        <test-method is-config="true" signature="setUp()[pri:0, instance:com.research.smoke.smxpage.SMXPage_TC@383dc82c]" started-at="2021-11-23T15:03:52Z" name="setUp" finished-at="2021-11-23T15:03:53Z" duration-ms="863" status="PASS">
          <reporter-output>
          </reporter-output>
        </test-method> <!-- setUp -->
        <test-method signature="Smoke_TC2(java.util.LinkedHashMap)[pri:0, instance:com.research.smoke.smxpage.SMXPage_TC@383dc82c]" started-at="2021-11-23T15:03:53Z" name="Smoke_TC2" data-provider="SurveyPage" finished-at="2021-11-23T15:06:18Z" duration-ms="145434" status="FAIL">
          <params>
            <param index="0">
              <value>
                <![CDATA[{TestCaseName=Smoke_TC2, CaseToRun=Y, Lead=Nadeem, Owner=Sanket, Role=Admin, Test_Name=Create SMX survey, Test_Description=, ExpectedResult=survey should be created, Pass/Fail/Skip=PASS, Failure Reason= Iframe Button not present on page., Expected=, Expected2=, Expected3=, Header=, TextBox=, RadioButton=, RadioButton2=, CheckBox=, DropDown=, Gender=, Grade=, DOB=, Email=, Ratings=, Like=, Slider=, MultiDropDown=, ImageRadio=, RatingNumber=, MTB=, MTB2=, MDD=, RDDG=, RG=, RRG=, RSG=, CBG=, MG1=, MG2=, RRB=, RDD=, LB=, Attachments=, DrillDown=, ThanksMsg=, surveyname=SMx DP, foldername=Main, primarylanguage=English, secondarylanguage=Spanish, description=This survey is for manufacturers and product distributors to get a sense of how current and prospective customers responded to a particular product., textbox=What are the specific details of the product / service., radiobutton=Where did you last purchase THE PRODUCT?, AnswerOptions=Endorsement, AnswerOptions1=Qualification, checkbox=Please select your choices from the list, imagechoice=Where you like to travel from the below place, reportingvalue=6;7, images=image of mountain.jpg;harley-davidson-logo-vector.png, date=Please enter the date of birth, likedislike=Do you use THE PRODUCT all of the time or rarely when PERFORMING THE FUNCTION FOR WHICH ITS DESIGNED?, ratingscale=How likely is it that you would recommend our company to a friend or colleague?, dropdown=How long have you been our customer?, ranking=Which Product/Service type do you want to provide your feedback about, multitextbox=Please enter your qualification details below, textbox1=PHD, textbox2=Degree, multidropdown=To what extent do you think that THE PRODUCT is worth the price?, dropdown1=Where do you usually purchase THE PRODUCT?, dropdown2=Where do you usually sell the product, multiradio=How would you rate our company in the following areas?, QuestionOptions=Intensity, multicheckbox=Please select all the applicable things you like, ratingradio=Rate your skills, ratingdropdown=Rate the importance of things you value, ratingscalegrid=PERFORMING THE FUNCTION FOR WHICH ITS DESIGNED?, matrixgrid=What is the highest level of education you completed?, horizontalradiobutton=For how many years have you been using THE PRODUCT?, numericallocations=Are you the principal shopper in your household?, attachments=Upload your documents, ratingradiobutton=Would you recommend the product to others?, ratingdropdownbutton=The morale in my department is high., listbox=How did you first learn about THE PRODUCT?, demographics=Please fill below information., subquestions=The company clearly conveys its mission to its employees.;There is good communication from managers to employees.;I have the tools and resources I need to do my job. ;I have the training I need to do my job. ;I feel underutilized in my job. ;The amount of work expected of me is reasonable. , symbolratingscale=Please indicate the extent to which you agree with the following statements., surveyid=, emailtemplate=, selectlist=, mailmergedd=, mailmergetxt=, prepopdd=, emailtemplatere=, surveyTitle=}]]>
              </value>
            </param>
          </params>
          <exception class="org.openqa.selenium.WebDriverException">
            <message>
              <![CDATA[chrome not reachable
  (Session info: chrome=96.0.4664.45)
Build info: version: '3.141.59', revision: 'e82be7d358', time: '2018-11-14T08:17:03'
System info: host: 'DESKTOP-BKEKTO6', ip: '172.16.4.4', os.name: 'Windows 10', os.arch: 'amd64', os.version: '10.0', java.version: '14.0.2'
Driver info: org.openqa.selenium.chrome.ChromeDriver
Capabilities {acceptInsecureCerts: false, browserName: chrome, browserVersion: 96.0.4664.45, chrome: {chromedriverVersion: 96.0.4664.45 (76e4c1bb2ab46..., userDataDir: C:\Users\ZARCAI~1\AppData\L...}, goog:chromeOptions: {debuggerAddress: localhost:60093}, javascriptEnabled: true, networkConnectionEnabled: false, pageLoadStrategy: normal, platform: WINDOWS, platformName: WINDOWS, proxy: Proxy(), setWindowRect: true, strictFileInteractability: false, timeouts: {implicit: 0, pageLoad: 300000, script: 30000}, unhandledPromptBehavior: accept, webauthn:extension:credBlob: true, webauthn:extension:largeBlob: true, webauthn:virtualAuthenticators: true}
Session ID: 88d4dd87cc6e3cb8ad5ec64d6bfe3838]]>
            </message>
            <full-stacktrace>
              <![CDATA[org.openqa.selenium.WebDriverException: chrome not reachable
  (Session info: chrome=96.0.4664.45)
Build info: version: '3.141.59', revision: 'e82be7d358', time: '2018-11-14T08:17:03'
System info: host: 'DESKTOP-BKEKTO6', ip: '172.16.4.4', os.name: 'Windows 10', os.arch: 'amd64', os.version: '10.0', java.version: '14.0.2'
Driver info: org.openqa.selenium.chrome.ChromeDriver
Capabilities {acceptInsecureCerts: false, browserName: chrome, browserVersion: 96.0.4664.45, chrome: {chromedriverVersion: 96.0.4664.45 (76e4c1bb2ab46..., userDataDir: C:\Users\ZARCAI~1\AppData\L...}, goog:chromeOptions: {debuggerAddress: localhost:60093}, javascriptEnabled: true, networkConnectionEnabled: false, pageLoadStrategy: normal, platform: WINDOWS, platformName: WINDOWS, proxy: Proxy(), setWindowRect: true, strictFileInteractability: false, timeouts: {implicit: 0, pageLoad: 300000, script: 30000}, unhandledPromptBehavior: accept, webauthn:extension:credBlob: true, webauthn:extension:largeBlob: true, webauthn:virtualAuthenticators: true}
Session ID: 88d4dd87cc6e3cb8ad5ec64d6bfe3838
at java.base/jdk.internal.reflect.NativeConstructorAccessorImpl.newInstance0(Native Method)
at java.base/jdk.internal.reflect.NativeConstructorAccessorImpl.newInstance(NativeConstructorAccessorImpl.java:62)
at java.base/jdk.internal.reflect.DelegatingConstructorAccessorImpl.newInstance(DelegatingConstructorAccessorImpl.java:45)
at java.base/java.lang.reflect.Constructor.newInstanceWithCaller(Constructor.java:500)
at java.base/java.lang.reflect.Constructor.newInstance(Constructor.java:481)
at org.openqa.selenium.remote.http.W3CHttpResponseCodec.createException(W3CHttpResponseCodec.java:187)
at org.openqa.selenium.remote.http.W3CHttpResponseCodec.decode(W3CHttpResponseCodec.java:122)
at org.openqa.selenium.remote.http.W3CHttpResponseCodec.decode(W3CHttpResponseCodec.java:49)
at org.openqa.selenium.remote.HttpCommandExecutor.execute(HttpCommandExecutor.java:158)
at org.openqa.selenium.remote.service.DriverCommandExecutor.execute(DriverCommandExecutor.java:83)
at org.openqa.selenium.remote.RemoteWebDriver.execute(RemoteWebDriver.java:552)
at org.openqa.selenium.remote.RemoteWebDriver$RemoteTargetLocator.frame(RemoteWebDriver.java:892)
at pageobjects.SMXPage.enterImageChoiceButton(SMXPage.java:638)
at pageobjects.SMXPage.createSurvey(SMXPage.java:66)
at com.research.smoke.smxpage.SMXPage_TC.Smoke_TC2(SMXPage_TC.java:116)
at java.base/jdk.internal.reflect.NativeMethodAccessorImpl.invoke0(Native Method)
at java.base/jdk.internal.reflect.NativeMethodAccessorImpl.invoke(NativeMethodAccessorImpl.java:62)
at java.base/jdk.internal.reflect.DelegatingMethodAccessorImpl.invoke(DelegatingMethodAccessorImpl.java:43)
at java.base/java.lang.reflect.Method.invoke(Method.java:564)
at org.testng.internal.MethodInvocationHelper.invokeMethod(MethodInvocationHelper.java:124)
at org.testng.internal.Invoker.invokeMethod(Invoker.java:583)
at org.testng.internal.Invoker.invokeTestMethod(Invoker.java:719)
at org.testng.internal.Invoker.invokeTestMethods(Invoker.java:989)
at org.testng.internal.TestMethodWorker.invokeTestMethods(TestMethodWorker.java:125)
at org.testng.internal.TestMethodWorker.run(TestMethodWorker.java:109)
at org.testng.TestRunner.privateRun(TestRunner.java:648)
at org.testng.TestRunner.run(TestRunner.java:505)
at org.testng.SuiteRunner.runTest(SuiteRunner.java:455)
at org.testng.SuiteRunner.runSequentially(SuiteRunner.java:450)
at org.testng.SuiteRunner.privateRun(SuiteRunner.java:415)
at org.testng.SuiteRunner.run(SuiteRunner.java:364)
at org.testng.SuiteRunnerWorker.runSuite(SuiteRunnerWorker.java:52)
at org.testng.SuiteRunnerWorker.run(SuiteRunnerWorker.java:84)
at org.testng.TestNG.runSuitesSequentially(TestNG.java:1208)
at org.testng.TestNG.runSuitesLocally(TestNG.java:1137)
at org.testng.TestNG.runSuites(TestNG.java:1049)
at org.testng.TestNG.run(TestNG.java:1017)
at org.testng.remote.AbstractRemoteTestNG.run(AbstractRemoteTestNG.java:115)
at org.testng.remote.RemoteTestNG.initAndRun(RemoteTestNG.java:251)
at org.testng.remote.RemoteTestNG.main(RemoteTestNG.java:77)
]]>
            </full-stacktrace>
          </exception> <!-- org.openqa.selenium.WebDriverException -->
          <reporter-output>
            <line>
              <![CDATA[Successfully waited for User Name to be present on page.]]>
            </line>
            <line>
              <![CDATA[Successfully entered gjoy_test in User Name textbox.]]>
            </line>
            <line>
              <![CDATA[Successfully entered Eighth8# in User Password textbox.]]>
            </line>
            <line>
              <![CDATA[Successfully clicked on Login element.]]>
            </line>
            <line>
              <![CDATA[Successfully waited for Sogo Account to be present on page.]]>
            </line>
            <line>
              <![CDATA[Successfully waited for Create Project Button to be present on page.]]>
            </line>
            <line>
              <![CDATA[Successfully clicked on Create Project Button element.]]>
            </line>
            <line>
              <![CDATA[Successfully waited for loader to disappear.]]>
            </line>
            <line>
              <![CDATA[Successfully waited for Iframe to be present on page.]]>
            </line>
            <line>
              <![CDATA[Successfully waited for Survey Button to be present on page.]]>
            </line>
            <line>
              <![CDATA[Successfully clicked on Survey Button element.]]>
            </line>
            <line>
              <![CDATA[Successfully waited for loader to disappear.]]>
            </line>
            <line>
              <![CDATA[Successfully waited for loader to disappear.]]>
            </line>
            <line>
              <![CDATA[Successfully waited for Start with a Blank Survey Button to be present on page.]]>
            </line>
            <line>
              <![CDATA[Successfully clicked on Start with a Blank Survey Button element.]]>
            </line>
            <line>
              <![CDATA[Successfully waited for Survey Name to be present on page.]]>
            </line>
            <line>
              <![CDATA[Successfully entered SMx DP - 23-Nov-2021 20:34:08 in Survey Name textbox.]]>
            </line>
            <line>
              <![CDATA[Successfully waited for Select Folder to be present on page.]]>
            </line>
            <line>
              <![CDATA[Successfully clicked on Select Folder element.]]>
            </line>
            <line>
              <![CDATA[Successfully waited for Main to be present on page.]]>
            </line>
            <line>
              <![CDATA[Successfully clicked on Main element.]]>
            </line>
            <line>
              <![CDATA[Successfully waited for Primary Langugage Drop down to be present on page.]]>
            </line>
            <line>
              <![CDATA[Successfully clicked on Primary Langugage Drop down element.]]>
            </line>
            <line>
              <![CDATA[Successfully waited for Primary Langugage List to be present on page.]]>
            </line>
            <line>
              <![CDATA[Successfully move to :English]]>
            </line>
            <line>
              <![CDATA[Successfully clicked on English element.]]>
            </line>
            <line>
              <![CDATA[Successfully waited for Secondary Language Switch to be present on page.]]>
            </line>
            <line>
              <![CDATA[Successfully clicked on Secondary Language Switch element.]]>
            </line>
            <line>
              <![CDATA[Successfully waited for Secondary Langugage Drop down to be present on page.]]>
            </line>
            <line>
              <![CDATA[Successfully clicked on Secondary Langugage Drop down element.]]>
            </line>
            <line>
              <![CDATA[Successfully waited for Secondary Langugage Drop down Search to be present on page.]]>
            </line>
            <line>
              <![CDATA[Successfully entered Spanish in Secondary Langugage Drop down Search textbox.]]>
            </line>
            <line>
              <![CDATA[Successfully waited for Spanish to be present on page.]]>
            </line>
            <line>
              <![CDATA[Successfully clicked on Spanish element.]]>
            </line>
            <line>
              <![CDATA[Successfully waited for Create Button to be present on page.]]>
            </line>
            <line>
              <![CDATA[Successfully clicked on Create Button element.]]>
            </line>
            <line>
              <![CDATA[Successfully waited for loader to disappear.]]>
            </line>
            <line>
              <![CDATA[Successfully waited for loader to disappear.]]>
            </line>
            <line>
              <![CDATA[Successfully waited for SMx DP - 23-Nov-2021 20:34:08 to be present on page.]]>
            </line>
            <line>
              <![CDATA[Successfully waited for Description Button to be present on page.]]>
            </line>
            <line>
              <![CDATA[Successfully double clicked on Description Button element.]]>
            </line>
            <line>
              <![CDATA[Successfully waited for loader to disappear.]]>
            </line>
            <line>
              <![CDATA[Successfully waited for Iframe Button to be present on page.]]>
            </line>
            <line>
              <![CDATA[Successfully waited for Description Text Input to be present on page.]]>
            </line>
            <line>
              <![CDATA[Successfully entered This survey is for manufacturers and product distributors to get a sense of how current and prospective customers responded to a particular product. in Description Text Input textbox.]]>
            </line>
            <line>
              <![CDATA[Successfully waited for Save Button to be present on page.]]>
            </line>
            <line>
              <![CDATA[Successfully clicked on Save Button element.]]>
            </line>
            <line>
              <![CDATA[Successfully waited for loader to disappear.]]>
            </line>
            <line>
              <![CDATA[Successfully waited for loader to disappear.]]>
            </line>
            <line>
              <![CDATA[Successfully waited for Description Added This survey is for manufacturers and product distributors to get a sense of how current and prospective customers responded to a particular product. to be present on page.]]>
            </line>
            <line>
              <![CDATA[Successfully waited for Net Promoter Button to be present on page.]]>
            </line>
            <line>
              <![CDATA[Successfully double clicked on Net Promoter Button element.]]>
            </line>
            <line>
              <![CDATA[Successfully waited for loader to disappear.]]>
            </line>
            <line>
              <![CDATA[Successfully waited for Iframe Button to be present on page.]]>
            </line>
            <line>
              <![CDATA[Successfully waited for Description Text Input to be present on page.]]>
            </line>
            <line>
              <![CDATA[Successfully fetched text How likely is it that you would recommend [company / brand / product / service] to a friend or colleague? from Description Text Input]]>
            </line>
            <line>
              <![CDATA[Successfully waited for Save Button to be present on page.]]>
            </line>
            <line>
              <![CDATA[Successfully clicked on Save Button element.]]>
            </line>
            <line>
              <![CDATA[Successfully waited for loader to disappear.]]>
            </line>
            <line>
              <![CDATA[Successfully waited for loader to disappear.]]>
            </line>
            <line>
              <![CDATA[Successfully waited for Net Promoter Label Added How likely is it that you would recommend [company / brand / product / service] to a friend or colleague? to be present on page.]]>
            </line>
            <line>
              <![CDATA[Successfully waited for Net Promoter Label Added How likely is it that you would recommend [company / brand / product / service] to a friend or colleague? to be present on page.]]>
            </line>
            <line>
              <![CDATA[Successfully waited for Text Box Button to be present on page.]]>
            </line>
            <line>
              <![CDATA[Successfully double clicked on Text Box Button element.]]>
            </line>
            <line>
              <![CDATA[Successfully waited for loader to disappear.]]>
            </line>
            <line>
              <![CDATA[Successfully waited for Iframe Button to be present on page.]]>
            </line>
            <line>
              <![CDATA[Successfully waited for Description Text Input to be present on page.]]>
            </line>
            <line>
              <![CDATA[Successfully entered What are the specific details of the product / service. in Description Text Input textbox.]]>
            </line>
            <line>
              <![CDATA[Successfully waited for Save Button to be present on page.]]>
            </line>
            <line>
              <![CDATA[Successfully clicked on Save Button element.]]>
            </line>
            <line>
              <![CDATA[Successfully waited for loader to disappear.]]>
            </line>
            <line>
              <![CDATA[Successfully waited for loader to disappear.]]>
            </line>
            <line>
              <![CDATA[Successfully waited for Text Box Label Added What are the specific details of the product / service. to be present on page.]]>
            </line>
            <line>
              <![CDATA[Successfully waited for Text Box Added What are the specific details of the product / service. to be present on page.]]>
            </line>
            <line>
              <![CDATA[Successfully waited for Radio Button to be present on page.]]>
            </line>
            <line>
              <![CDATA[Successfully double clicked on Radio Button element.]]>
            </line>
            <line>
              <![CDATA[Successfully waited for loader to disappear.]]>
            </line>
            <line>
              <![CDATA[Successfully waited for Iframe Button to be present on page.]]>
            </line>
            <line>
              <![CDATA[Successfully waited for Description Text Input to be present on page.]]>
            </line>
            <line>
              <![CDATA[Successfully entered Where did you last purchase THE PRODUCT? in Description Text Input textbox.]]>
            </line>
            <line>
              <![CDATA[Successfully waited for Answer Library Button to be present on page.]]>
            </line>
            <line>
              <![CDATA[Successfully clicked on Answer Library Button element.]]>
            </line>
            <line>
              <![CDATA[Successfully waited for Get Answer Options from Answer Library Button to be present on page.]]>
            </line>
            <line>
              <![CDATA[Successfully clicked on Get Answer Options from Answer Library Button element.]]>
            </line>
            <line>
              <![CDATA[Successfully waited for Ansers Library Button to be present on page.]]>
            </line>
            <line>
              <![CDATA[Successfully waited for Iframe Answer Options to be present on page.]]>
            </line>
            <line>
              <![CDATA[Successfully waited for loader to disappear.]]>
            </line>
            <line>
              <![CDATA[Successfully waited for loader to disappear.]]>
            </line>
            <line>
              <![CDATA[Successfully waited for Endorsement to be present on page.]]>
            </line>
            <line>
              <![CDATA[Successfully clicked on Endorsement element.]]>
            </line>
            <line>
              <![CDATA[Successfully waited for Use this list Button to be present on page.]]>
            </line>
            <line>
              <![CDATA[Successfully clicked on Use this list Button element.]]>
            </line>
            <line>
              <![CDATA[Successfully waited for Other checkbox to be present on page.]]>
            </line>
            <line>
              <![CDATA[Successfully clicked on Other checkbox element.]]>
            </line>
            <line>
              <![CDATA[Successfully waited for Save Button to be present on page.]]>
            </line>
            <line>
              <![CDATA[Successfully clicked on Save Button element.]]>
            </line>
            <line>
              <![CDATA[Successfully waited for loader to disappear.]]>
            </line>
            <line>
              <![CDATA[Successfully waited for loader to disappear.]]>
            </line>
            <line>
              <![CDATA[Successfully waited for Radio Buttons Label Added Where did you last purchase THE PRODUCT? to be present on page.]]>
            </line>
            <line>
              <![CDATA[Successfully waited for Radio Buttons Added Where did you last purchase THE PRODUCT? to be present on page.]]>
            </line>
            <line>
              <![CDATA[Successfully waited for Check Box Button to be present on page.]]>
            </line>
            <line>
              <![CDATA[Successfully double clicked on Check Box Button element.]]>
            </line>
            <line>
              <![CDATA[Successfully waited for loader to disappear.]]>
            </line>
            <line>
              <![CDATA[Successfully waited for Iframe Button to be present on page.]]>
            </line>
            <line>
              <![CDATA[Successfully waited for Description Text Input to be present on page.]]>
            </line>
            <line>
              <![CDATA[Successfully entered Please select your choices from the list in Description Text Input textbox.]]>
            </line>
            <line>
              <![CDATA[Successfully waited for Answer Library Button to be present on page.]]>
            </line>
            <line>
              <![CDATA[Successfully clicked on Answer Library Button element.]]>
            </line>
            <line>
              <![CDATA[Successfully waited for Get Answer Options from Answer Library Button to be present on page.]]>
            </line>
            <line>
              <![CDATA[Successfully clicked on Get Answer Options from Answer Library Button element.]]>
            </line>
            <line>
              <![CDATA[Successfully waited for Ansers Library Button to be present on page.]]>
            </line>
            <line>
              <![CDATA[Successfully waited for Iframe Answer Options to be present on page.]]>
            </line>
            <line>
              <![CDATA[Successfully waited for loader to disappear.]]>
            </line>
            <line>
              <![CDATA[Successfully waited for loader to disappear.]]>
            </line>
            <line>
              <![CDATA[Successfully waited for Endorsement to be present on page.]]>
            </line>
            <line>
              <![CDATA[Successfully clicked on Endorsement element.]]>
            </line>
            <line>
              <![CDATA[Successfully waited for Use this list Button to be present on page.]]>
            </line>
            <line>
              <![CDATA[Successfully clicked on Use this list Button element.]]>
            </line>
            <line>
              <![CDATA[Successfully waited for None of Above to be present on page.]]>
            </line>
            <line>
              <![CDATA[Successfully clicked on None of Above element.]]>
            </line>
            <line>
              <![CDATA[Successfully waited for Save Button to be present on page.]]>
            </line>
            <line>
              <![CDATA[Successfully clicked on Save Button element.]]>
            </line>
            <line>
              <![CDATA[Successfully waited for loader to disappear.]]>
            </line>
            <line>
              <![CDATA[Successfully waited for loader to disappear.]]>
            </line>
            <line>
              <![CDATA[Successfully waited for Check Box Label Added Please select your choices from the list to be present on page.]]>
            </line>
            <line>
              <![CDATA[Successfully waited for Check Box Added Please select your choices from the list to be present on page.]]>
            </line>
            <line>
              <![CDATA[Successfully waited for Drop Down Button to be present on page.]]>
            </line>
            <line>
              <![CDATA[Successfully double clicked on Drop Down Button element.]]>
            </line>
            <line>
              <![CDATA[Successfully waited for loader to disappear.]]>
            </line>
            <line>
              <![CDATA[Successfully waited for Iframe Button to be present on page.]]>
            </line>
            <line>
              <![CDATA[Successfully waited for Description Text Input to be present on page.]]>
            </line>
            <line>
              <![CDATA[Successfully entered How long have you been our customer? in Description Text Input textbox.]]>
            </line>
            <line>
              <![CDATA[Successfully waited for Answer Library Button to be present on page.]]>
            </line>
            <line>
              <![CDATA[Successfully clicked on Answer Library Button element.]]>
            </line>
            <line>
              <![CDATA[Successfully waited for Get Answer Options from Answer Library Button to be present on page.]]>
            </line>
            <line>
              <![CDATA[Successfully clicked on Get Answer Options from Answer Library Button element.]]>
            </line>
            <line>
              <![CDATA[Successfully waited for Ansers Library Button to be present on page.]]>
            </line>
            <line>
              <![CDATA[Successfully waited for Iframe Answer Options to be present on page.]]>
            </line>
            <line>
              <![CDATA[Successfully waited for loader to disappear.]]>
            </line>
            <line>
              <![CDATA[Successfully waited for loader to disappear.]]>
            </line>
            <line>
              <![CDATA[Successfully waited for Endorsement to be present on page.]]>
            </line>
            <line>
              <![CDATA[Successfully clicked on Endorsement element.]]>
            </line>
            <line>
              <![CDATA[Successfully waited for Use this list Button to be present on page.]]>
            </line>
            <line>
              <![CDATA[Successfully clicked on Use this list Button element.]]>
            </line>
            <line>
              <![CDATA[Successfully waited for Other checkbox to be present on page.]]>
            </line>
            <line>
              <![CDATA[Successfully clicked on Other checkbox element.]]>
            </line>
            <line>
              <![CDATA[Successfully waited for Save Button to be present on page.]]>
            </line>
            <line>
              <![CDATA[Successfully clicked on Save Button element.]]>
            </line>
            <line>
              <![CDATA[Successfully waited for loader to disappear.]]>
            </line>
            <line>
              <![CDATA[Successfully waited for loader to disappear.]]>
            </line>
            <line>
              <![CDATA[Successfully waited for Drop Down Label Added How long have you been our customer? to be present on page.]]>
            </line>
            <line>
              <![CDATA[Successfully waited for Drop Down Added How long have you been our customer? to be present on page.]]>
            </line>
            <line>
              <![CDATA[Successfully waited for Demographics Button to be present on page.]]>
            </line>
            <line>
              <![CDATA[Successfully double clicked on Demographics Button element.]]>
            </line>
            <line>
              <![CDATA[Successfully waited for loader to disappear.]]>
            </line>
            <line>
              <![CDATA[Successfully waited for Iframe Button to be present on page.]]>
            </line>
            <line>
              <![CDATA[Successfully waited for Description Text Input to be present on page.]]>
            </line>
            <line>
              <![CDATA[Successfully entered Please fill below information. in Description Text Input textbox.]]>
            </line>
            <line>
              <![CDATA[Successfully waited for Demographics Name to be present on page.]]>
            </line>
            <line>
              <![CDATA[Successfully clicked on Demographics Name element.]]>
            </line>
            <line>
              <![CDATA[Successfully waited for Demographics Name: Title to be present on page.]]>
            </line>
            <line>
              <![CDATA[Successfully clicked on Demographics Name: Title element.]]>
            </line>
            <line>
              <![CDATA[Successfully waited for Demographics Name: First Name to be present on page.]]>
            </line>
            <line>
              <![CDATA[Successfully clicked on Demographics Name: First Name element.]]>
            </line>
            <line>
              <![CDATA[Successfully waited for Demographics Name: Middle Name to be present on page.]]>
            </line>
            <line>
              <![CDATA[Successfully clicked on Demographics Name: Middle Name element.]]>
            </line>
            <line>
              <![CDATA[Successfully waited for Demographics Name: Last Name to be present on page.]]>
            </line>
            <line>
              <![CDATA[Successfully clicked on Demographics Name: Last Name element.]]>
            </line>
            <line>
              <![CDATA[Successfully waited for Demographics Gender to be present on page.]]>
            </line>
            <line>
              <![CDATA[Successfully clicked on Demographics Gender element.]]>
            </line>
            <line>
              <![CDATA[Successfully waited for Demographics Date of Birth to be present on page.]]>
            </line>
            <line>
              <![CDATA[Successfully clicked on Demographics Date of Birth element.]]>
            </line>
            <line>
              <![CDATA[Successfully waited for Demographics Address to be present on page.]]>
            </line>
            <line>
              <![CDATA[Successfully clicked on Demographics Address element.]]>
            </line>
            <line>
              <![CDATA[Successfully waited for Demographics Address: Street 1 to be present on page.]]>
            </line>
            <line>
              <![CDATA[Successfully clicked on Demographics Address: Street 1 element.]]>
            </line>
            <line>
              <![CDATA[Successfully waited for Demographics Address: Street 2 to be present on page.]]>
            </line>
            <line>
              <![CDATA[Successfully clicked on Demographics Address: Street 2 element.]]>
            </line>
            <line>
              <![CDATA[Successfully waited for Demographics Address: City to be present on page.]]>
            </line>
            <line>
              <![CDATA[Successfully clicked on Demographics Address: City element.]]>
            </line>
            <line>
              <![CDATA[Successfully waited for Demographics Address: Country to be present on page.]]>
            </line>
            <line>
              <![CDATA[Successfully clicked on Demographics Address: Country element.]]>
            </line>
            <line>
              <![CDATA[Successfully waited for Demographics Address: State to be present on page.]]>
            </line>
            <line>
              <![CDATA[Successfully clicked on Demographics Address: State element.]]>
            </line>
            <line>
              <![CDATA[Successfully waited for Demographics Address: ZIP to be present on page.]]>
            </line>
            <line>
              <![CDATA[Successfully clicked on Demographics Address: ZIP element.]]>
            </line>
            <line>
              <![CDATA[Successfully waited for Demographics Telephone/FAX to be present on page.]]>
            </line>
            <line>
              <![CDATA[Successfully clicked on Demographics Telephone/FAX element.]]>
            </line>
            <line>
              <![CDATA[Successfully waited for Demographics Telephone/FAX: Telephone to be present on page.]]>
            </line>
            <line>
              <![CDATA[Successfully clicked on Demographics Telephone/FAX: Telephone element.]]>
            </line>
            <line>
              <![CDATA[Successfully waited for Demographics Telephone/FAX: Extension to be present on page.]]>
            </line>
            <line>
              <![CDATA[Successfully clicked on Demographics Telephone/FAX: Extension element.]]>
            </line>
            <line>
              <![CDATA[Successfully waited for Demographics Telephone/FAX: Fax to be present on page.]]>
            </line>
            <line>
              <![CDATA[Successfully clicked on Demographics Telephone/FAX: Fax element.]]>
            </line>
            <line>
              <![CDATA[Successfully waited for Demographics Email Address to be present on page.]]>
            </line>
            <line>
              <![CDATA[Successfully clicked on Demographics Email Address element.]]>
            </line>
            <line>
              <![CDATA[Successfully waited for Demographics Require to re-enter email address to be present on page.]]>
            </line>
            <line>
              <![CDATA[Successfully clicked on Demographics Require to re-enter email address element.]]>
            </line>
            <line>
              <![CDATA[Successfully waited for Save Button to be present on page.]]>
            </line>
            <line>
              <![CDATA[Successfully clicked on Save Button element.]]>
            </line>
            <line>
              <![CDATA[Successfully waited for loader to disappear.]]>
            </line>
            <line>
              <![CDATA[Successfully waited for Demographics Label Added Please fill below information. to be present on page.]]>
            </line>
            <line>
              <![CDATA[Successfully waited for Demographics Added Please fill below information. to be present on page.]]>
            </line>
            <line>
              <![CDATA[Successfully waited for Rating Scale Button to be present on page.]]>
            </line>
            <line>
              <![CDATA[Successfully double clicked on Rating Scale Button element.]]>
            </line>
            <line>
              <![CDATA[Successfully waited for loader to disappear.]]>
            </line>
            <line>
              <![CDATA[Successfully waited for Iframe Button to be present on page.]]>
            </line>
            <line>
              <![CDATA[Successfully waited for Description Text Input to be present on page.]]>
            </line>
            <line>
              <![CDATA[Successfully entered How likely is it that you would recommend our company to a friend or colleague? in Description Text Input textbox.]]>
            </line>
            <line>
              <![CDATA[Successfully waited for Show N/A option to be present on page.]]>
            </line>
            <line>
              <![CDATA[Successfully clicked on Show N/A option element.]]>
            </line>
            <line>
              <![CDATA[Successfully waited for Show scale in reverse order to be present on page.]]>
            </line>
            <line>
              <![CDATA[Successfully clicked on Show scale in reverse order element.]]>
            </line>
            <line>
              <![CDATA[Successfully waited for Show participant rating field to be present on page.]]>
            </line>
            <line>
              <![CDATA[Successfully clicked on Show participant rating field element.]]>
            </line>
            <line>
              <![CDATA[Successfully waited for Save Button to be present on page.]]>
            </line>
            <line>
              <![CDATA[Successfully clicked on Save Button element.]]>
            </line>
            <line>
              <![CDATA[Successfully waited for loader to disappear.]]>
            </line>
            <line>
              <![CDATA[Successfully waited for loader to disappear.]]>
            </line>
            <line>
              <![CDATA[Successfully waited for Rating Scale Added How likely is it that you would recommend our company to a friend or colleague? to be present on page.]]>
            </line>
            <line>
              <![CDATA[Successfully waited for Rating Scale Added How likely is it that you would recommend our company to a friend or colleague? to be present on page.]]>
            </line>
            <line>
              <![CDATA[Successfully waited for Symbol Rating Scale Button to be present on page.]]>
            </line>
            <line>
              <![CDATA[Successfully double clicked on Symbol Rating Scale Button element.]]>
            </line>
            <line>
              <![CDATA[Successfully waited for loader to disappear.]]>
            </line>
            <line>
              <![CDATA[Successfully waited for Iframe Button to be present on page.]]>
            </line>
            <line>
              <![CDATA[Successfully waited for Description Text Input to be present on page.]]>
            </line>
            <line>
              <![CDATA[Successfully entered Please indicate the extent to which you agree with the following statements. in Description Text Input textbox.]]>
            </line>
            <line>
              <![CDATA[Successfully waited for Increase SRS Question Button to be present on page.]]>
            </line>
            <line>
              <![CDATA[Successfully clicked on Increase SRS Question Button element.]]>
            </line>
            <line>
              <![CDATA[Successfully clicked on Increase SRS Question Button element.]]>
            </line>
            <line>
              <![CDATA[Successfully clicked on Increase SRS Question Button element.]]>
            </line>
            <line>
              <![CDATA[Successfully clicked on Increase SRS Question Button element.]]>
            </line>
            <line>
              <![CDATA[Successfully clicked on Increase SRS Question Button element.]]>
            </line>
            <line>
              <![CDATA[Successfully waited for Sub Question 1 to be present on page.]]>
            </line>
            <line>
              <![CDATA[Successfully entered The company clearly conveys its mission to its employees. in Sub Question 1 textbox.]]>
            </line>
            <line>
              <![CDATA[Successfully waited for Sub Question 1 Scale to be present on page.]]>
            </line>
            <line>
              <![CDATA[Successfully waited for Sub Question 2 to be present on page.]]>
            </line>
            <line>
              <![CDATA[Successfully entered There is good communication from managers to employees. in Sub Question 2 textbox.]]>
            </line>
            <line>
              <![CDATA[Successfully waited for Sub Question 2 Scale to be present on page.]]>
            </line>
            <line>
              <![CDATA[Successfully waited for Sub Question 3 to be present on page.]]>
            </line>
            <line>
              <![CDATA[Successfully entered I have the tools and resources I need to do my job.  in Sub Question 3 textbox.]]>
            </line>
            <line>
              <![CDATA[Successfully waited for Sub Question 3 Scale to be present on page.]]>
            </line>
            <line>
              <![CDATA[Successfully waited for Sub Question 4 to be present on page.]]>
            </line>
            <line>
              <![CDATA[Successfully entered I have the training I need to do my job.  in Sub Question 4 textbox.]]>
            </line>
            <line>
              <![CDATA[Successfully waited for Sub Question 4 Scale to be present on page.]]>
            </line>
            <line>
              <![CDATA[Successfully waited for Sub Question 5 to be present on page.]]>
            </line>
            <line>
              <![CDATA[Successfully entered I feel underutilized in my job.  in Sub Question 5 textbox.]]>
            </line>
            <line>
              <![CDATA[Successfully waited for Sub Question 5 Scale to be present on page.]]>
            </line>
            <line>
              <![CDATA[Successfully waited for Sub Question 6 to be present on page.]]>
            </line>
            <line>
              <![CDATA[Successfully entered The amount of work expected of me is reasonable.  in Sub Question 6 textbox.]]>
            </line>
            <line>
              <![CDATA[Successfully waited for Sub Question 6 Scale to be present on page.]]>
            </line>
            <line>
              <![CDATA[Successfully waited for Save Button to be present on page.]]>
            </line>
            <line>
              <![CDATA[Successfully clicked on Save Button element.]]>
            </line>
            <line>
              <![CDATA[Successfully waited for loader to disappear.]]>
            </line>
            <line>
              <![CDATA[Successfully waited for Symbol Rating Scale Added Please indicate the extent to which you agree with the following statements. to be present on page.]]>
            </line>
            <line>
              <![CDATA[Successfully waited for Symbol Rating Scale Added Please indicate the extent to which you agree with the following statements. to be present on page.]]>
            </line>
            <line>
              <![CDATA[Successfully waited for Like/Dislike Button to be present on page.]]>
            </line>
            <line>
              <![CDATA[Successfully double clicked on Like/Dislike Button element.]]>
            </line>
            <line>
              <![CDATA[Successfully waited for loader to disappear.]]>
            </line>
            <line>
              <![CDATA[Successfully waited for Iframe Button to be present on page.]]>
            </line>
            <line>
              <![CDATA[Successfully waited for Description Text Input to be present on page.]]>
            </line>
            <line>
              <![CDATA[Successfully entered Do you use THE PRODUCT all of the time or rarely when PERFORMING THE FUNCTION FOR WHICH ITS DESIGNED? in Description Text Input textbox.]]>
            </line>
            <line>
              <![CDATA[Successfully waited for Save Button to be present on page.]]>
            </line>
            <line>
              <![CDATA[Successfully clicked on Save Button element.]]>
            </line>
            <line>
              <![CDATA[Successfully waited for loader to disappear.]]>
            </line>
            <line>
              <![CDATA[Successfully waited for loader to disappear.]]>
            </line>
            <line>
              <![CDATA[Successfully waited for Like/Dislike Added Do you use THE PRODUCT all of the time or rarely when PERFORMING THE FUNCTION FOR WHICH ITS DESIGNED? to be present on page.]]>
            </line>
            <line>
              <![CDATA[Successfully waited for Like/Dislike Added Do you use THE PRODUCT all of the time or rarely when PERFORMING THE FUNCTION FOR WHICH ITS DESIGNED? to be present on page.]]>
            </line>
            <line>
              <![CDATA[Successfully waited for Ranking Button to be present on page.]]>
            </line>
            <line>
              <![CDATA[Successfully double clicked on Ranking Button element.]]>
            </line>
            <line>
              <![CDATA[Successfully waited for loader to disappear.]]>
            </line>
            <line>
              <![CDATA[Successfully waited for Iframe Button to be present on page.]]>
            </line>
            <line>
              <![CDATA[Successfully waited for Description Text Input to be present on page.]]>
            </line>
            <line>
              <![CDATA[Successfully entered Which Product/Service type do you want to provide your feedback about in Description Text Input textbox.]]>
            </line>
            <line>
              <![CDATA[Successfully waited for Answer Library Button to be present on page.]]>
            </line>
            <line>
              <![CDATA[Successfully clicked on Answer Library Button element.]]>
            </line>
            <line>
              <![CDATA[Successfully waited for Get Answer Options from Answer Library Button to be present on page.]]>
            </line>
            <line>
              <![CDATA[Successfully clicked on Get Answer Options from Answer Library Button element.]]>
            </line>
            <line>
              <![CDATA[Successfully waited for Ansers Library Button to be present on page.]]>
            </line>
            <line>
              <![CDATA[Successfully waited for Iframe Answer Options to be present on page.]]>
            </line>
            <line>
              <![CDATA[Successfully waited for loader to disappear.]]>
            </line>
            <line>
              <![CDATA[Successfully waited for loader to disappear.]]>
            </line>
            <line>
              <![CDATA[Successfully waited for Qualification to be present on page.]]>
            </line>
            <line>
              <![CDATA[Successfully clicked on Qualification element.]]>
            </line>
            <line>
              <![CDATA[Successfully waited for Use this list Button to be present on page.]]>
            </line>
            <line>
              <![CDATA[Successfully clicked on Use this list Button element.]]>
            </line>
            <line>
              <![CDATA[Successfully waited for Save Button to be present on page.]]>
            </line>
            <line>
              <![CDATA[Successfully clicked on Save Button element.]]>
            </line>
            <line>
              <![CDATA[Successfully waited for loader to disappear.]]>
            </line>
            <line>
              <![CDATA[Successfully waited for loader to disappear.]]>
            </line>
            <line>
              <![CDATA[Successfully waited for Ranking Added Which Product/Service type do you want to provide your feedback about to be present on page.]]>
            </line>
            <line>
              <![CDATA[Successfully waited for Ranking Added Which Product/Service type do you want to provide your feedback about to be present on page.]]>
            </line>
            <line>
              <![CDATA[Successfully waited for Date Button to be present on page.]]>
            </line>
            <line>
              <![CDATA[Successfully double clicked on Date Button element.]]>
            </line>
            <line>
              <![CDATA[Successfully waited for loader to disappear.]]>
            </line>
            <line>
              <![CDATA[Successfully waited for Iframe Button to be present on page.]]>
            </line>
            <line>
              <![CDATA[Successfully waited for Description Text Input to be present on page.]]>
            </line>
            <line>
              <![CDATA[Successfully entered Please enter the date of birth in Description Text Input textbox.]]>
            </line>
            <line>
              <![CDATA[Successfully waited for Save Button to be present on page.]]>
            </line>
            <line>
              <![CDATA[Successfully clicked on Save Button element.]]>
            </line>
            <line>
              <![CDATA[Successfully waited for loader to disappear.]]>
            </line>
            <line>
              <![CDATA[Successfully waited for loader to disappear.]]>
            </line>
            <line>
              <![CDATA[Successfully waited for Date Added Please enter the date of birth to be present on page.]]>
            </line>
            <line>
              <![CDATA[Successfully waited for Date Added Please enter the date of birth to be present on page.]]>
            </line>
            <line>
              <![CDATA[Successfully waited for Image Choice Button to be present on page.]]>
            </line>
            <line>
              <![CDATA[Successfully double clicked on Image Choice Button element.]]>
            </line>
            <line>
              <![CDATA[Successfully waited for loader to disappear.]]>
            </line>
            <line>
              <![CDATA[Successfully waited for Iframe Button to be present on page.]]>
            </line>
            <line>
              <![CDATA[Successfully waited for Description Text Input to be present on page.]]>
            </line>
            <line>
              <![CDATA[Successfully entered Where you like to travel from the below place in Description Text Input textbox.]]>
            </line>
            <line>
              <![CDATA[Successfully waited for Add Image to be present on page.]]>
            </line>
            <line>
              <![CDATA[Successfully clicked on Add Image element.]]>
            </line>
            <line>
              <![CDATA[Successfully waited for Iframe Questions Options to be present on page.]]>
            </line>
          </reporter-output>
        </test-method> <!-- Smoke_TC2 -->
        <test-method is-config="true" signature="reporterDataResults(org.testng.ITestResult)[pri:0, instance:com.research.smoke.smxpage.SMXPage_TC@383dc82c]" started-at="2021-11-23T15:06:18Z" name="reporterDataResults" finished-at="2021-11-23T15:06:30Z" duration-ms="12175" status="FAIL">
          <params>
            <param index="0">
              <value>
                <![CDATA[[TestResult name=Smoke_TC2 status=FAILURE method=SMXPage_TC.Smoke_TC2(java.util.LinkedHashMap)[pri:0, instance:com.research.smoke.smxpage.SMXPage_TC@383dc82c] output=Successfully waited for User Name to be present on page.]]]>
              </value>
            </param>
          </params>
          <exception class="org.openqa.selenium.WebDriverException">
            <message>
              <![CDATA[chrome not reachable
  (Session info: chrome=96.0.4664.45)
Build info: version: '3.141.59', revision: 'e82be7d358', time: '2018-11-14T08:17:03'
System info: host: 'DESKTOP-BKEKTO6', ip: '172.16.4.4', os.name: 'Windows 10', os.arch: 'amd64', os.version: '10.0', java.version: '14.0.2'
Driver info: org.openqa.selenium.chrome.ChromeDriver
Capabilities {acceptInsecureCerts: false, browserName: chrome, browserVersion: 96.0.4664.45, chrome: {chromedriverVersion: 96.0.4664.45 (76e4c1bb2ab46..., userDataDir: C:\Users\ZARCAI~1\AppData\L...}, goog:chromeOptions: {debuggerAddress: localhost:60093}, javascriptEnabled: true, networkConnectionEnabled: false, pageLoadStrategy: normal, platform: WINDOWS, platformName: WINDOWS, proxy: Proxy(), setWindowRect: true, strictFileInteractability: false, timeouts: {implicit: 0, pageLoad: 300000, script: 30000}, unhandledPromptBehavior: accept, webauthn:extension:credBlob: true, webauthn:extension:largeBlob: true, webauthn:virtualAuthenticators: true}
Session ID: 88d4dd87cc6e3cb8ad5ec64d6bfe3838]]>
            </message>
            <full-stacktrace>
              <![CDATA[org.openqa.selenium.WebDriverException: chrome not reachable
  (Session info: chrome=96.0.4664.45)
Build info: version: '3.141.59', revision: 'e82be7d358', time: '2018-11-14T08:17:03'
System info: host: 'DESKTOP-BKEKTO6', ip: '172.16.4.4', os.name: 'Windows 10', os.arch: 'amd64', os.version: '10.0', java.version: '14.0.2'
Driver info: org.openqa.selenium.chrome.ChromeDriver
Capabilities {acceptInsecureCerts: false, browserName: chrome, browserVersion: 96.0.4664.45, chrome: {chromedriverVersion: 96.0.4664.45 (76e4c1bb2ab46..., userDataDir: C:\Users\ZARCAI~1\AppData\L...}, goog:chromeOptions: {debuggerAddress: localhost:60093}, javascriptEnabled: true, networkConnectionEnabled: false, pageLoadStrategy: normal, platform: WINDOWS, platformName: WINDOWS, proxy: Proxy(), setWindowRect: true, strictFileInteractability: false, timeouts: {implicit: 0, pageLoad: 300000, script: 30000}, unhandledPromptBehavior: accept, webauthn:extension:credBlob: true, webauthn:extension:largeBlob: true, webauthn:virtualAuthenticators: true}
Session ID: 88d4dd87cc6e3cb8ad5ec64d6bfe3838
at java.base/jdk.internal.reflect.NativeConstructorAccessorImpl.newInstance0(Native Method)
at java.base/jdk.internal.reflect.NativeConstructorAccessorImpl.newInstance(NativeConstructorAccessorImpl.java:62)
at java.base/jdk.internal.reflect.DelegatingConstructorAccessorImpl.newInstance(DelegatingConstructorAccessorImpl.java:45)
at java.base/java.lang.reflect.Constructor.newInstanceWithCaller(Constructor.java:500)
at java.base/java.lang.reflect.Constructor.newInstance(Constructor.java:481)
at org.openqa.selenium.remote.http.W3CHttpResponseCodec.createException(W3CHttpResponseCodec.java:187)
at org.openqa.selenium.remote.http.W3CHttpResponseCodec.decode(W3CHttpResponseCodec.java:122)
at org.openqa.selenium.remote.http.W3CHttpResponseCodec.decode(W3CHttpResponseCodec.java:49)
at org.openqa.selenium.remote.HttpCommandExecutor.execute(HttpCommandExecutor.java:158)
at org.openqa.selenium.remote.service.DriverCommandExecutor.execute(DriverCommandExecutor.java:83)
at org.openqa.selenium.remote.RemoteWebDriver.execute(RemoteWebDriver.java:552)
at org.openqa.selenium.remote.RemoteWebDriver.execute(RemoteWebDriver.java:609)
at org.openqa.selenium.remote.RemoteWebDriver.getScreenshotAs(RemoteWebDriver.java:295)
at testsuitebase.SuiteBase.captureScreenShot(SuiteBase.java:279)
at com.research.smoke.smxpage.SMXPage_TC.reporterDataResults(SMXPage_TC.java:133)
at java.base/jdk.internal.reflect.NativeMethodAccessorImpl.invoke0(Native Method)
at java.base/jdk.internal.reflect.NativeMethodAccessorImpl.invoke(NativeMethodAccessorImpl.java:62)
at java.base/jdk.internal.reflect.DelegatingMethodAccessorImpl.invoke(DelegatingMethodAccessorImpl.java:43)
at java.base/java.lang.reflect.Method.invoke(Method.java:564)
at org.testng.internal.MethodInvocationHelper.invokeMethod(MethodInvocationHelper.java:124)
at org.testng.internal.MethodInvocationHelper.invokeMethodConsideringTimeout(MethodInvocationHelper.java:59)
at org.testng.internal.Invoker.invokeConfigurationMethod(Invoker.java:458)
at org.testng.internal.Invoker.invokeConfigurations(Invoker.java:222)
at org.testng.internal.Invoker.invokeMethod(Invoker.java:646)
at org.testng.internal.Invoker.invokeTestMethod(Invoker.java:719)
at org.testng.internal.Invoker.invokeTestMethods(Invoker.java:989)
at org.testng.internal.TestMethodWorker.invokeTestMethods(TestMethodWorker.java:125)
at org.testng.internal.TestMethodWorker.run(TestMethodWorker.java:109)
at org.testng.TestRunner.privateRun(TestRunner.java:648)
at org.testng.TestRunner.run(TestRunner.java:505)
at org.testng.SuiteRunner.runTest(SuiteRunner.java:455)
at org.testng.SuiteRunner.runSequentially(SuiteRunner.java:450)
at org.testng.SuiteRunner.privateRun(SuiteRunner.java:415)
at org.testng.SuiteRunner.run(SuiteRunner.java:364)
at org.testng.SuiteRunnerWorker.runSuite(SuiteRunnerWorker.java:52)
at org.testng.SuiteRunnerWorker.run(SuiteRunnerWorker.java:84)
at org.testng.TestNG.runSuitesSequentially(TestNG.java:1208)
at org.testng.TestNG.runSuitesLocally(TestNG.java:1137)
at org.testng.TestNG.runSuites(TestNG.java:1049)
at org.testng.TestNG.run(TestNG.java:1017)
at org.testng.remote.AbstractRemoteTestNG.run(AbstractRemoteTestNG.java:115)
at org.testng.remote.RemoteTestNG.initAndRun(RemoteTestNG.java:251)
at org.testng.remote.RemoteTestNG.main(RemoteTestNG.java:77)
]]>
            </full-stacktrace>
          </exception> <!-- org.openqa.selenium.WebDriverException -->
          <reporter-output>
          </reporter-output>
        </test-method> <!-- reporterDataResults -->
      </class> <!-- com.research.smoke.smxpage.SMXPage_TC -->
    </test> <!-- Default test -->
  </suite> <!-- Default suite -->
</testng-results>
