<?xml version="1.0" encoding="UTF-8"?>
<testsuite xmlns:xsi="http://www.w3.org/2001/XMLSchema-instance" xsi:noNamespaceSchemaLocation="https://maven.apache.org/surefire/maven-surefire-plugin/xsd/surefire-test-report-3.0.xsd" version="3.0" name="TestSuite" time="379.552" tests="3" errors="0" skipped="1" failures="2">
  <properties>
[...]
</properties>
  <testcase name="Smoke_TC1" classname="com.sogo.smoke.surveypage.SurveyPage_TC" time="0">
    <skipped message="CaseToRun = N for Smoke_TC1So skipping Exceution."/>
    <system-out><![CDATA[Call Init.
 INFO [TestNG-tests-1] (SuiteBase.java:82) - Excel file initialized successfully.
 INFO [TestNG-tests-1] (SuiteBase.java:87) - Config.properties file Loaded successfully.
After Init.
CaseToRun = N for Smoke_TC1So skipping Exceution.
]]></system-out>
  </testcase>
  <testcase name="Smoke_TC2" classname="com.sogo.smoke.smxpage.SMXPage_TC" time="315.839">
    <failure type="java.lang.AssertionError:">java.lang.AssertionError: null
	at com.sogo.smoke.smxpage.SMXPage_TC.Smoke_TC2(SMXPage_TC.java:116)
</failure>
    <system-out><![CDATA[ INFO [TestNG-tests-1] (SurveyPage_TC.java:81) - Smoke_TC1 is SKIPPED.
Call Init.
 INFO [TestNG-tests-1] (SuiteBase.java:82) - Excel file initialized successfully.
 INFO [TestNG-tests-1] (SuiteBase.java:87) - Config.properties file Loaded successfully.
After Init.
https://www.sogosurvey.com/
 INFO [TestNG-tests-1] (SuiteBase.java:139) - Chrome Driver instance loaded successfully.
 INFO [TestNG-tests-1] (SeleniumUtils.java:214) - Successfully waited for Login Button Static to be present on page.
 INFO [TestNG-tests-1] (SeleniumUtils.java:37) - Successfully clicked on Login Button Static element.
 INFO [TestNG-tests-1] (SeleniumUtils.java:214) - Successfully waited for SoGo Static Login Image to be present on page.
 INFO [TestNG-tests-1] (SeleniumUtils.java:214) - Successfully waited for User Name to be present on page.
 INFO [TestNG-tests-1] (SeleniumUtils.java:132) - Successfully entered sogo_gmail110 in User Name textbox.
 INFO [TestNG-tests-1] (SeleniumUtils.java:132) - Successfully entered Eighth8# in User Password textbox.
 INFO [TestNG-tests-1] (SeleniumUtils.java:37) - Successfully clicked on Login element.
 INFO [TestNG-tests-1] (SeleniumUtils.java:214) - Successfully waited for Sogo Account to be present on page.
 INFO [TestNG-tests-1] (SeleniumUtils.java:214) - Successfully waited for Create Project Button to be present on page.
 INFO [TestNG-tests-1] (SeleniumUtils.java:37) - Successfully clicked on Create Project Button element.
 INFO [TestNG-tests-1] (SeleniumUtils.java:620) - Successfully waited for loader to disappear.
 INFO [TestNG-tests-1] (SeleniumUtils.java:626) - Successfully waited for loader to disappear.
 INFO [TestNG-tests-1] (SeleniumUtils.java:214) - Successfully waited for Where would you like to begin? to be present on page.
 INFO [TestNG-tests-1] (SeleniumUtils.java:260) - Successfully waited for Iframe to be present on page.
 INFO [TestNG-tests-1] (SeleniumUtils.java:214) - Successfully waited for Survey Button to be present on page.
 INFO [TestNG-tests-1] (SeleniumUtils.java:37) - Successfully clicked on Survey Button element.
 INFO [TestNG-tests-1] (SeleniumUtils.java:620) - Successfully waited for loader to disappear.
 INFO [TestNG-tests-1] (SeleniumUtils.java:626) - Successfully waited for loader to disappear.
 INFO [TestNG-tests-1] (SeleniumUtils.java:214) - Successfully waited for Start with a Blank Survey Button to be present on page.
 INFO [TestNG-tests-1] (SeleniumUtils.java:37) - Successfully clicked on Start with a Blank Survey Button element.
 INFO [TestNG-tests-1] (SeleniumUtils.java:620) - Successfully waited for loader to disappear.
 INFO [TestNG-tests-1] (SeleniumUtils.java:626) - Successfully waited for loader to disappear.
 INFO [TestNG-tests-1] (SeleniumUtils.java:214) - Successfully waited for Continue Button to be present on page.
 INFO [TestNG-tests-1] (SeleniumUtils.java:37) - Successfully clicked on Continue Button element.
 INFO [TestNG-tests-1] (SeleniumUtils.java:620) - Successfully waited for loader to disappear.
 INFO [TestNG-tests-1] (SeleniumUtils.java:626) - Successfully waited for loader to disappear.
 INFO [TestNG-tests-1] (SeleniumUtils.java:214) - Successfully waited for Create New Survey Label to be present on page.
 INFO [TestNG-tests-1] (SeleniumUtils.java:214) - Successfully waited for Survey Name to be present on page.
 INFO [TestNG-tests-1] (SeleniumUtils.java:132) - Successfully entered SMx DP - 24-Nov-2020 21:13:29 in Survey Name textbox.
 INFO [TestNG-tests-1] (SeleniumUtils.java:214) - Successfully waited for Select Folder to be present on page.
 INFO [TestNG-tests-1] (SeleniumUtils.java:37) - Successfully clicked on Select Folder element.
 INFO [TestNG-tests-1] (SeleniumUtils.java:260) - Successfully waited for Main to be present on page.
 INFO [TestNG-tests-1] (SeleniumUtils.java:81) - Successfully clicked on Main element.
 INFO [TestNG-tests-1] (SeleniumUtils.java:214) - Successfully waited for Primary Langugage Drop down to be present on page.
 INFO [TestNG-tests-1] (SeleniumUtils.java:44) - Successfully clicked on Secondary Language Switch element.
 INFO [TestNG-tests-1] (SeleniumUtils.java:214) - Successfully waited for Secondary Langugage Drop down to be present on page.
 INFO [TestNG-tests-1] (SeleniumUtils.java:37) - Successfully clicked on Secondary Langugage Drop down element.
 INFO [TestNG-tests-1] (SeleniumUtils.java:214) - Successfully waited for Secondary Langugage Drop down Search to be present on page.
 INFO [TestNG-tests-1] (SeleniumUtils.java:132) - Successfully entered Spanish in Secondary Langugage Drop down Search textbox.
 INFO [TestNG-tests-1] (SeleniumUtils.java:260) - Successfully waited for Spanish to be present on page.
 INFO [TestNG-tests-1] (SeleniumUtils.java:81) - Successfully clicked on Spanish element.
 INFO [TestNG-tests-1] (SeleniumUtils.java:214) - Successfully waited for Start Button to be present on page.
 INFO [TestNG-tests-1] (SeleniumUtils.java:37) - Successfully clicked on Start Button element.
 INFO [TestNG-tests-1] (SeleniumUtils.java:620) - Successfully waited for loader to disappear.
 INFO [TestNG-tests-1] (SeleniumUtils.java:626) - Successfully waited for loader to disappear.
 INFO [TestNG-tests-1] (SeleniumUtils.java:260) - Successfully waited for SMx DP - 24-Nov-2020 21:13:29 to be present on page.
 INFO [TestNG-tests-1] (SeleniumUtils.java:214) - Successfully waited for Description Button to be present on page.
 INFO [TestNG-tests-1] (SeleniumUtils.java:64) - Successfully double clicked on Description Button element.
 INFO [TestNG-tests-1] (SeleniumUtils.java:626) - Successfully waited for loader to disappear.
 INFO [TestNG-tests-1] (SeleniumUtils.java:214) - Successfully waited for Iframe Button to be present on page.
 INFO [TestNG-tests-1] (SeleniumUtils.java:214) - Successfully waited for Description Text Input to be present on page.
 INFO [TestNG-tests-1] (SeleniumUtils.java:132) - Successfully entered This survey is for manufacturers and product distributors to get a sense of how current and prospective customers responded to a particular product. in Description Text Input textbox.
 INFO [TestNG-tests-1] (SeleniumUtils.java:214) - Successfully waited for Save Button to be present on page.
 INFO [TestNG-tests-1] (SeleniumUtils.java:37) - Successfully clicked on Save Button element.
 INFO [TestNG-tests-1] (SeleniumUtils.java:620) - Successfully waited for loader to disappear.
 INFO [TestNG-tests-1] (SeleniumUtils.java:626) - Successfully waited for loader to disappear.
 INFO [TestNG-tests-1] (SeleniumUtils.java:260) - Successfully waited for Description Added This survey is for manufacturers and product distributors to get a sense of how current and prospective customers responded to a particular product. to be present on page.
 INFO [TestNG-tests-1] (SeleniumUtils.java:214) - Successfully waited for Net Promoter Button to be present on page.
 INFO [TestNG-tests-1] (SeleniumUtils.java:64) - Successfully double clicked on Net Promoter Button element.
 INFO [TestNG-tests-1] (SeleniumUtils.java:626) - Successfully waited for loader to disappear.
 INFO [TestNG-tests-1] (SeleniumUtils.java:214) - Successfully waited for Iframe Button to be present on page.
 INFO [TestNG-tests-1] (SeleniumUtils.java:214) - Successfully waited for Description Text Input to be present on page.
 INFO [TestNG-tests-1] (SeleniumUtils.java:420) - Successfully fetched text How likely is it that you would recommend [company / brand / product / service] to a friend or colleague? from Description Text Input
 INFO [TestNG-tests-1] (SeleniumUtils.java:214) - Successfully waited for Save Button to be present on page.
 INFO [TestNG-tests-1] (SeleniumUtils.java:37) - Successfully clicked on Save Button element.
 INFO [TestNG-tests-1] (SeleniumUtils.java:626) - Successfully waited for loader to disappear.
 INFO [TestNG-tests-1] (SeleniumUtils.java:260) - Successfully waited for Net Promoter Label Added How likely is it that you would recommend [company / brand / product / service] to a friend or colleague? to be present on page.
 INFO [TestNG-tests-1] (SeleniumUtils.java:260) - Successfully waited for Net Promoter Label Added How likely is it that you would recommend [company / brand / product / service] to a friend or colleague? to be present on page.
 INFO [TestNG-tests-1] (SeleniumUtils.java:214) - Successfully waited for Text Box Button to be present on page.
 INFO [TestNG-tests-1] (SeleniumUtils.java:64) - Successfully double clicked on Text Box Button element.
 INFO [TestNG-tests-1] (SeleniumUtils.java:626) - Successfully waited for loader to disappear.
 INFO [TestNG-tests-1] (SeleniumUtils.java:214) - Successfully waited for Iframe Button to be present on page.
 INFO [TestNG-tests-1] (SeleniumUtils.java:214) - Successfully waited for Description Text Input to be present on page.
 INFO [TestNG-tests-1] (SeleniumUtils.java:132) - Successfully entered What are the specific details of the product / service. in Description Text Input textbox.
 INFO [TestNG-tests-1] (SeleniumUtils.java:214) - Successfully waited for Save Button to be present on page.
 INFO [TestNG-tests-1] (SeleniumUtils.java:37) - Successfully clicked on Save Button element.
 INFO [TestNG-tests-1] (SeleniumUtils.java:626) - Successfully waited for loader to disappear.
 INFO [TestNG-tests-1] (SeleniumUtils.java:260) - Successfully waited for Text Box Label Added What are the specific details of the product / service. to be present on page.
 INFO [TestNG-tests-1] (SeleniumUtils.java:260) - Successfully waited for Text Box Added What are the specific details of the product / service. to be present on page.
 INFO [TestNG-tests-1] (SeleniumUtils.java:214) - Successfully waited for Radio Button to be present on page.
 INFO [TestNG-tests-1] (SeleniumUtils.java:64) - Successfully double clicked on Radio Button element.
 INFO [TestNG-tests-1] (SeleniumUtils.java:626) - Successfully waited for loader to disappear.
 INFO [TestNG-tests-1] (SeleniumUtils.java:214) - Successfully waited for Iframe Button to be present on page.
 INFO [TestNG-tests-1] (SeleniumUtils.java:214) - Successfully waited for Description Text Input to be present on page.
 INFO [TestNG-tests-1] (SeleniumUtils.java:132) - Successfully entered Where did you last purchase THE PRODUCT? in Description Text Input textbox.
 INFO [TestNG-tests-1] (SeleniumUtils.java:214) - Successfully waited for Answer Library Button to be present on page.
 INFO [TestNG-tests-1] (SeleniumUtils.java:37) - Successfully clicked on Answer Library Button element.
 INFO [TestNG-tests-1] (SeleniumUtils.java:214) - Successfully waited for Get Answer Options from Answer Library Button to be present on page.
 INFO [TestNG-tests-1] (SeleniumUtils.java:37) - Successfully clicked on Get Answer Options from Answer Library Button element.
 INFO [TestNG-tests-1] (SeleniumUtils.java:214) - Successfully waited for Ansers Library Button to be present on page.
 INFO [TestNG-tests-1] (SeleniumUtils.java:214) - Successfully waited for Iframe Answer Options to be present on page.
 INFO [TestNG-tests-1] (SeleniumUtils.java:260) - Successfully waited for Endorsement to be present on page.
 INFO [TestNG-tests-1] (SeleniumUtils.java:81) - Successfully clicked on Endorsement element.
 INFO [TestNG-tests-1] (SeleniumUtils.java:214) - Successfully waited for Use this list Button to be present on page.
 INFO [TestNG-tests-1] (SeleniumUtils.java:37) - Successfully clicked on Use this list Button element.
 INFO [TestNG-tests-1] (SeleniumUtils.java:214) - Successfully waited for Other checkbox to be present on page.
 INFO [TestNG-tests-1] (SeleniumUtils.java:37) - Successfully clicked on Other checkbox element.
 INFO [TestNG-tests-1] (SeleniumUtils.java:214) - Successfully waited for Save Button to be present on page.
 INFO [TestNG-tests-1] (SeleniumUtils.java:37) - Successfully clicked on Save Button element.
 INFO [TestNG-tests-1] (SeleniumUtils.java:620) - Successfully waited for loader to disappear.
 INFO [TestNG-tests-1] (SeleniumUtils.java:626) - Successfully waited for loader to disappear.
 INFO [TestNG-tests-1] (SeleniumUtils.java:260) - Successfully waited for Radio Buttons Label Added Where did you last purchase THE PRODUCT? to be present on page.
 INFO [TestNG-tests-1] (SeleniumUtils.java:260) - Successfully waited for Radio Buttons Added Where did you last purchase THE PRODUCT? to be present on page.
 INFO [TestNG-tests-1] (SeleniumUtils.java:214) - Successfully waited for Check Box Button to be present on page.
 INFO [TestNG-tests-1] (SeleniumUtils.java:64) - Successfully double clicked on Check Box Button element.
 INFO [TestNG-tests-1] (SeleniumUtils.java:626) - Successfully waited for loader to disappear.
 INFO [TestNG-tests-1] (SeleniumUtils.java:214) - Successfully waited for Iframe Button to be present on page.
 INFO [TestNG-tests-1] (SeleniumUtils.java:214) - Successfully waited for Description Text Input to be present on page.
 INFO [TestNG-tests-1] (SeleniumUtils.java:132) - Successfully entered Please select your choices from the list in Description Text Input textbox.
 INFO [TestNG-tests-1] (SeleniumUtils.java:214) - Successfully waited for Answer Library Button to be present on page.
 INFO [TestNG-tests-1] (SeleniumUtils.java:37) - Successfully clicked on Answer Library Button element.
 INFO [TestNG-tests-1] (SeleniumUtils.java:214) - Successfully waited for Get Answer Options from Answer Library Button to be present on page.
 INFO [TestNG-tests-1] (SeleniumUtils.java:37) - Successfully clicked on Get Answer Options from Answer Library Button element.
 INFO [TestNG-tests-1] (SeleniumUtils.java:214) - Successfully waited for Ansers Library Button to be present on page.
 INFO [TestNG-tests-1] (SeleniumUtils.java:214) - Successfully waited for Iframe Answer Options to be present on page.
 INFO [TestNG-tests-1] (SeleniumUtils.java:260) - Successfully waited for Endorsement to be present on page.
 INFO [TestNG-tests-1] (SeleniumUtils.java:81) - Successfully clicked on Endorsement element.
 INFO [TestNG-tests-1] (SeleniumUtils.java:214) - Successfully waited for Use this list Button to be present on page.
 INFO [TestNG-tests-1] (SeleniumUtils.java:37) - Successfully clicked on Use this list Button element.
 INFO [TestNG-tests-1] (SeleniumUtils.java:214) - Successfully waited for None of Above to be present on page.
 INFO [TestNG-tests-1] (SeleniumUtils.java:37) - Successfully clicked on None of Above element.
 INFO [TestNG-tests-1] (SeleniumUtils.java:214) - Successfully waited for Save Button to be present on page.
 INFO [TestNG-tests-1] (SeleniumUtils.java:37) - Successfully clicked on Save Button element.
 INFO [TestNG-tests-1] (SeleniumUtils.java:620) - Successfully waited for loader to disappear.
 INFO [TestNG-tests-1] (SeleniumUtils.java:626) - Successfully waited for loader to disappear.
 INFO [TestNG-tests-1] (SeleniumUtils.java:260) - Successfully waited for Check Box Label Added Please select your choices from the list to be present on page.
 INFO [TestNG-tests-1] (SeleniumUtils.java:260) - Successfully waited for Check Box Added Please select your choices from the list to be present on page.
 INFO [TestNG-tests-1] (SeleniumUtils.java:214) - Successfully waited for Drop Down Button to be present on page.
 INFO [TestNG-tests-1] (SeleniumUtils.java:64) - Successfully double clicked on Drop Down Button element.
 INFO [TestNG-tests-1] (SeleniumUtils.java:626) - Successfully waited for loader to disappear.
 INFO [TestNG-tests-1] (SeleniumUtils.java:214) - Successfully waited for Iframe Button to be present on page.
 INFO [TestNG-tests-1] (SeleniumUtils.java:214) - Successfully waited for Description Text Input to be present on page.
 INFO [TestNG-tests-1] (SeleniumUtils.java:132) - Successfully entered How long have you been our customer? in Description Text Input textbox.
 INFO [TestNG-tests-1] (SeleniumUtils.java:214) - Successfully waited for Answer Library Button to be present on page.
 INFO [TestNG-tests-1] (SeleniumUtils.java:37) - Successfully clicked on Answer Library Button element.
 INFO [TestNG-tests-1] (SeleniumUtils.java:214) - Successfully waited for Get Answer Options from Answer Library Button to be present on page.
 INFO [TestNG-tests-1] (SeleniumUtils.java:37) - Successfully clicked on Get Answer Options from Answer Library Button element.
 INFO [TestNG-tests-1] (SeleniumUtils.java:214) - Successfully waited for Ansers Library Button to be present on page.
 INFO [TestNG-tests-1] (SeleniumUtils.java:214) - Successfully waited for Iframe Answer Options to be present on page.
 INFO [TestNG-tests-1] (SeleniumUtils.java:260) - Successfully waited for Endorsement to be present on page.
 INFO [TestNG-tests-1] (SeleniumUtils.java:81) - Successfully clicked on Endorsement element.
 INFO [TestNG-tests-1] (SeleniumUtils.java:214) - Successfully waited for Use this list Button to be present on page.
 INFO [TestNG-tests-1] (SeleniumUtils.java:37) - Successfully clicked on Use this list Button element.
 INFO [TestNG-tests-1] (SeleniumUtils.java:214) - Successfully waited for Other checkbox to be present on page.
 INFO [TestNG-tests-1] (SeleniumUtils.java:37) - Successfully clicked on Other checkbox element.
 INFO [TestNG-tests-1] (SeleniumUtils.java:214) - Successfully waited for Save Button to be present on page.
 INFO [TestNG-tests-1] (SeleniumUtils.java:37) - Successfully clicked on Save Button element.
 INFO [TestNG-tests-1] (SeleniumUtils.java:626) - Successfully waited for loader to disappear.
 INFO [TestNG-tests-1] (SeleniumUtils.java:260) - Successfully waited for Drop Down Label Added How long have you been our customer? to be present on page.
 INFO [TestNG-tests-1] (SeleniumUtils.java:260) - Successfully waited for Drop Down Added How long have you been our customer? to be present on page.
 INFO [TestNG-tests-1] (SeleniumUtils.java:214) - Successfully waited for Demographics Button to be present on page.
 INFO [TestNG-tests-1] (SeleniumUtils.java:64) - Successfully double clicked on Demographics Button element.
 INFO [TestNG-tests-1] (SeleniumUtils.java:626) - Successfully waited for loader to disappear.
 INFO [TestNG-tests-1] (SeleniumUtils.java:214) - Successfully waited for Iframe Button to be present on page.
 INFO [TestNG-tests-1] (SeleniumUtils.java:214) - Successfully waited for Description Text Input to be present on page.
 INFO [TestNG-tests-1] (SeleniumUtils.java:132) - Successfully entered Please fill below information. in Description Text Input textbox.
 INFO [TestNG-tests-1] (SeleniumUtils.java:214) - Successfully waited for Demographics Name to be present on page.
 INFO [TestNG-tests-1] (SeleniumUtils.java:37) - Successfully clicked on Demographics Name element.
 INFO [TestNG-tests-1] (SeleniumUtils.java:214) - Successfully waited for Demographics Name: Title to be present on page.
 INFO [TestNG-tests-1] (SeleniumUtils.java:37) - Successfully clicked on Demographics Name: Title element.
 INFO [TestNG-tests-1] (SeleniumUtils.java:214) - Successfully waited for Demographics Name: First Name to be present on page.
 INFO [TestNG-tests-1] (SeleniumUtils.java:37) - Successfully clicked on Demographics Name: First Name element.
 INFO [TestNG-tests-1] (SeleniumUtils.java:214) - Successfully waited for Demographics Name: Middle Name to be present on page.
 INFO [TestNG-tests-1] (SeleniumUtils.java:37) - Successfully clicked on Demographics Name: Middle Name element.
 INFO [TestNG-tests-1] (SeleniumUtils.java:214) - Successfully waited for Demographics Name: Last Name to be present on page.
 INFO [TestNG-tests-1] (SeleniumUtils.java:37) - Successfully clicked on Demographics Name: Last Name element.
 INFO [TestNG-tests-1] (SeleniumUtils.java:214) - Successfully waited for Demographics Gender to be present on page.
 INFO [TestNG-tests-1] (SeleniumUtils.java:37) - Successfully clicked on Demographics Gender element.
 INFO [TestNG-tests-1] (SeleniumUtils.java:214) - Successfully waited for Demographics Date of Birth to be present on page.
 INFO [TestNG-tests-1] (SeleniumUtils.java:37) - Successfully clicked on Demographics Date of Birth element.
 INFO [TestNG-tests-1] (SeleniumUtils.java:214) - Successfully waited for Demographics Address to be present on page.
 INFO [TestNG-tests-1] (SeleniumUtils.java:37) - Successfully clicked on Demographics Address element.
 INFO [TestNG-tests-1] (SeleniumUtils.java:214) - Successfully waited for Demographics Address: Street 1 to be present on page.
 INFO [TestNG-tests-1] (SeleniumUtils.java:37) - Successfully clicked on Demographics Address: Street 1 element.
 INFO [TestNG-tests-1] (SeleniumUtils.java:214) - Successfully waited for Demographics Address: Street 2 to be present on page.
 INFO [TestNG-tests-1] (SeleniumUtils.java:37) - Successfully clicked on Demographics Address: Street 2 element.
 INFO [TestNG-tests-1] (SeleniumUtils.java:214) - Successfully waited for Demographics Address: City to be present on page.
 INFO [TestNG-tests-1] (SeleniumUtils.java:37) - Successfully clicked on Demographics Address: City element.
 INFO [TestNG-tests-1] (SeleniumUtils.java:214) - Successfully waited for Demographics Address: Country to be present on page.
 INFO [TestNG-tests-1] (SeleniumUtils.java:37) - Successfully clicked on Demographics Address: Country element.
 INFO [TestNG-tests-1] (SeleniumUtils.java:214) - Successfully waited for Demographics Address: State to be present on page.
 INFO [TestNG-tests-1] (SeleniumUtils.java:37) - Successfully clicked on Demographics Address: State element.
 INFO [TestNG-tests-1] (SeleniumUtils.java:214) - Successfully waited for Demographics Address: ZIP to be present on page.
 INFO [TestNG-tests-1] (SeleniumUtils.java:37) - Successfully clicked on Demographics Address: ZIP element.
 INFO [TestNG-tests-1] (SeleniumUtils.java:214) - Successfully waited for Demographics Telephone/FAX to be present on page.
 INFO [TestNG-tests-1] (SeleniumUtils.java:37) - Successfully clicked on Demographics Telephone/FAX element.
 INFO [TestNG-tests-1] (SeleniumUtils.java:214) - Successfully waited for Demographics Telephone/FAX: Telephone to be present on page.
 INFO [TestNG-tests-1] (SeleniumUtils.java:37) - Successfully clicked on Demographics Telephone/FAX: Telephone element.
 INFO [TestNG-tests-1] (SeleniumUtils.java:214) - Successfully waited for Demographics Telephone/FAX: Extension to be present on page.
 INFO [TestNG-tests-1] (SeleniumUtils.java:37) - Successfully clicked on Demographics Telephone/FAX: Extension element.
 INFO [TestNG-tests-1] (SeleniumUtils.java:214) - Successfully waited for Demographics Telephone/FAX: Fax to be present on page.
 INFO [TestNG-tests-1] (SeleniumUtils.java:37) - Successfully clicked on Demographics Telephone/FAX: Fax element.
 INFO [TestNG-tests-1] (SeleniumUtils.java:214) - Successfully waited for Demographics Email Address to be present on page.
 INFO [TestNG-tests-1] (SeleniumUtils.java:37) - Successfully clicked on Demographics Email Address element.
 INFO [TestNG-tests-1] (SeleniumUtils.java:214) - Successfully waited for Demographics Require to re-enter email address to be present on page.
 INFO [TestNG-tests-1] (SeleniumUtils.java:37) - Successfully clicked on Demographics Require to re-enter email address element.
 INFO [TestNG-tests-1] (SeleniumUtils.java:214) - Successfully waited for Save Button to be present on page.
 INFO [TestNG-tests-1] (SeleniumUtils.java:37) - Successfully clicked on Save Button element.
 INFO [TestNG-tests-1] (SeleniumUtils.java:626) - Successfully waited for loader to disappear.
 INFO [TestNG-tests-1] (SeleniumUtils.java:260) - Successfully waited for Demographics Label Added Please fill below information. to be present on page.
 INFO [TestNG-tests-1] (SeleniumUtils.java:260) - Successfully waited for Demographics Added Please fill below information. to be present on page.
 INFO [TestNG-tests-1] (SeleniumUtils.java:214) - Successfully waited for Rating Scale Button to be present on page.
 INFO [TestNG-tests-1] (SeleniumUtils.java:64) - Successfully double clicked on Rating Scale Button element.
 INFO [TestNG-tests-1] (SeleniumUtils.java:626) - Successfully waited for loader to disappear.
 INFO [TestNG-tests-1] (SeleniumUtils.java:214) - Successfully waited for Iframe Button to be present on page.
 INFO [TestNG-tests-1] (SeleniumUtils.java:214) - Successfully waited for Description Text Input to be present on page.
 INFO [TestNG-tests-1] (SeleniumUtils.java:132) - Successfully entered How likely is it that you would recommend our company to a friend or colleague? in Description Text Input textbox.
 INFO [TestNG-tests-1] (SeleniumUtils.java:214) - Successfully waited for Show N/A option to be present on page.
 INFO [TestNG-tests-1] (SeleniumUtils.java:37) - Successfully clicked on Show N/A option element.
 INFO [TestNG-tests-1] (SeleniumUtils.java:214) - Successfully waited for Show scale in reverse order to be present on page.
 INFO [TestNG-tests-1] (SeleniumUtils.java:37) - Successfully clicked on Show scale in reverse order element.
 INFO [TestNG-tests-1] (SeleniumUtils.java:214) - Successfully waited for Show participant rating field to be present on page.
 INFO [TestNG-tests-1] (SeleniumUtils.java:37) - Successfully clicked on Show participant rating field element.
 INFO [TestNG-tests-1] (SeleniumUtils.java:214) - Successfully waited for Save Button to be present on page.
 INFO [TestNG-tests-1] (SeleniumUtils.java:37) - Successfully clicked on Save Button element.
 INFO [TestNG-tests-1] (SeleniumUtils.java:626) - Successfully waited for loader to disappear.
 INFO [TestNG-tests-1] (SeleniumUtils.java:260) - Successfully waited for Rating Scale Added How likely is it that you would recommend our company to a friend or colleague? to be present on page.
 INFO [TestNG-tests-1] (SeleniumUtils.java:260) - Successfully waited for Rating Scale Added How likely is it that you would recommend our company to a friend or colleague? to be present on page.
 INFO [TestNG-tests-1] (SeleniumUtils.java:214) - Successfully waited for Symbol Rating Scale Button to be present on page.
 INFO [TestNG-tests-1] (SeleniumUtils.java:64) - Successfully double clicked on Symbol Rating Scale Button element.
 INFO [TestNG-tests-1] (SeleniumUtils.java:626) - Successfully waited for loader to disappear.
 INFO [TestNG-tests-1] (SeleniumUtils.java:214) - Successfully waited for Iframe Button to be present on page.
 INFO [TestNG-tests-1] (SeleniumUtils.java:214) - Successfully waited for Description Text Input to be present on page.
 INFO [TestNG-tests-1] (SeleniumUtils.java:132) - Successfully entered Please indicate the extent to which you agree with the following statements. in Description Text Input textbox.
 INFO [TestNG-tests-1] (SeleniumUtils.java:214) - Successfully waited for Number of Sub Questions to be present on page.
 INFO [TestNG-tests-1] (SeleniumUtils.java:260) - Successfully waited for Sub Question 1 to be present on page.
 INFO [TestNG-tests-1] (SeleniumUtils.java:155) - Successfully entered The company clearly conveys its mission to its employees. in Sub Question 1 textbox.
 INFO [TestNG-tests-1] (SeleniumUtils.java:260) - Successfully waited for Sub Question 1 Scale to be present on page.
 INFO [TestNG-tests-1] (SeleniumUtils.java:260) - Successfully waited for Sub Question 2 to be present on page.
 INFO [TestNG-tests-1] (SeleniumUtils.java:155) - Successfully entered There is good communication from managers to employees. in Sub Question 2 textbox.
 INFO [TestNG-tests-1] (SeleniumUtils.java:260) - Successfully waited for Sub Question 2 Scale to be present on page.
 INFO [TestNG-tests-1] (SeleniumUtils.java:260) - Successfully waited for Sub Question 3 to be present on page.
 INFO [TestNG-tests-1] (SeleniumUtils.java:155) - Successfully entered I have the tools and resources I need to do my job.  in Sub Question 3 textbox.
 INFO [TestNG-tests-1] (SeleniumUtils.java:260) - Successfully waited for Sub Question 3 Scale to be present on page.
 INFO [TestNG-tests-1] (SeleniumUtils.java:260) - Successfully waited for Sub Question 4 to be present on page.
 INFO [TestNG-tests-1] (SeleniumUtils.java:155) - Successfully entered I have the training I need to do my job.  in Sub Question 4 textbox.
 INFO [TestNG-tests-1] (SeleniumUtils.java:260) - Successfully waited for Sub Question 4 Scale to be present on page.
 INFO [TestNG-tests-1] (SeleniumUtils.java:260) - Successfully waited for Sub Question 5 to be present on page.
 INFO [TestNG-tests-1] (SeleniumUtils.java:155) - Successfully entered I feel underutilized in my job.  in Sub Question 5 textbox.
 INFO [TestNG-tests-1] (SeleniumUtils.java:260) - Successfully waited for Sub Question 5 Scale to be present on page.
 INFO [TestNG-tests-1] (SeleniumUtils.java:260) - Successfully waited for Sub Question 6 to be present on page.
 INFO [TestNG-tests-1] (SeleniumUtils.java:155) - Successfully entered The amount of work expected of me is reasonable.  in Sub Question 6 textbox.
 INFO [TestNG-tests-1] (SeleniumUtils.java:260) - Successfully waited for Sub Question 6 Scale to be present on page.
 INFO [TestNG-tests-1] (SeleniumUtils.java:214) - Successfully waited for Save Button to be present on page.
 INFO [TestNG-tests-1] (SeleniumUtils.java:37) - Successfully clicked on Save Button element.
 INFO [TestNG-tests-1] (SeleniumUtils.java:626) - Successfully waited for loader to disappear.
 INFO [TestNG-tests-1] (SeleniumUtils.java:260) - Successfully waited for Symbol Rating Scale Added Please indicate the extent to which you agree with the following statements. to be present on page.
 INFO [TestNG-tests-1] (SeleniumUtils.java:260) - Successfully waited for Symbol Rating Scale Added Please indicate the extent to which you agree with the following statements. to be present on page.
 INFO [TestNG-tests-1] (SeleniumUtils.java:214) - Successfully waited for Like/Dislike Button to be present on page.
 INFO [TestNG-tests-1] (SeleniumUtils.java:64) - Successfully double clicked on Like/Dislike Button element.
 INFO [TestNG-tests-1] (SeleniumUtils.java:626) - Successfully waited for loader to disappear.
 INFO [TestNG-tests-1] (SeleniumUtils.java:214) - Successfully waited for Iframe Button to be present on page.
 INFO [TestNG-tests-1] (SeleniumUtils.java:214) - Successfully waited for Description Text Input to be present on page.
 INFO [TestNG-tests-1] (SeleniumUtils.java:132) - Successfully entered Do you use THE PRODUCT all of the time or rarely when PERFORMING THE FUNCTION FOR WHICH ITS DESIGNED? in Description Text Input textbox.
 INFO [TestNG-tests-1] (SeleniumUtils.java:214) - Successfully waited for Save Button to be present on page.
 INFO [TestNG-tests-1] (SeleniumUtils.java:37) - Successfully clicked on Save Button element.
 INFO [TestNG-tests-1] (SeleniumUtils.java:626) - Successfully waited for loader to disappear.
 INFO [TestNG-tests-1] (SeleniumUtils.java:260) - Successfully waited for Like/Dislike Added Do you use THE PRODUCT all of the time or rarely when PERFORMING THE FUNCTION FOR WHICH ITS DESIGNED? to be present on page.
 INFO [TestNG-tests-1] (SeleniumUtils.java:260) - Successfully waited for Like/Dislike Added Do you use THE PRODUCT all of the time or rarely when PERFORMING THE FUNCTION FOR WHICH ITS DESIGNED? to be present on page.
 INFO [TestNG-tests-1] (SeleniumUtils.java:214) - Successfully waited for Ranking Button to be present on page.
 INFO [TestNG-tests-1] (SeleniumUtils.java:64) - Successfully double clicked on Ranking Button element.
 INFO [TestNG-tests-1] (SeleniumUtils.java:626) - Successfully waited for loader to disappear.
 INFO [TestNG-tests-1] (SeleniumUtils.java:214) - Successfully waited for Iframe Button to be present on page.
 INFO [TestNG-tests-1] (SeleniumUtils.java:214) - Successfully waited for Description Text Input to be present on page.
 INFO [TestNG-tests-1] (SeleniumUtils.java:132) - Successfully entered Which Product/Service type do you want to provide your feedback about in Description Text Input textbox.
 INFO [TestNG-tests-1] (SeleniumUtils.java:214) - Successfully waited for Answer Library Button to be present on page.
 INFO [TestNG-tests-1] (SeleniumUtils.java:37) - Successfully clicked on Answer Library Button element.
 INFO [TestNG-tests-1] (SeleniumUtils.java:214) - Successfully waited for Get Answer Options from Answer Library Button to be present on page.
 INFO [TestNG-tests-1] (SeleniumUtils.java:37) - Successfully clicked on Get Answer Options from Answer Library Button element.
 INFO [TestNG-tests-1] (SeleniumUtils.java:214) - Successfully waited for Ansers Library Button to be present on page.
 INFO [TestNG-tests-1] (SeleniumUtils.java:214) - Successfully waited for Iframe Answer Options to be present on page.
 INFO [TestNG-tests-1] (SeleniumUtils.java:260) - Successfully waited for Qualification to be present on page.
 INFO [TestNG-tests-1] (SeleniumUtils.java:81) - Successfully clicked on Qualification element.
 INFO [TestNG-tests-1] (SeleniumUtils.java:214) - Successfully waited for Use this list Button to be present on page.
 INFO [TestNG-tests-1] (SeleniumUtils.java:37) - Successfully clicked on Use this list Button element.
 INFO [TestNG-tests-1] (SeleniumUtils.java:214) - Successfully waited for Save Button to be present on page.
 INFO [TestNG-tests-1] (SeleniumUtils.java:37) - Successfully clicked on Save Button element.
 INFO [TestNG-tests-1] (SeleniumUtils.java:626) - Successfully waited for loader to disappear.
 INFO [TestNG-tests-1] (SeleniumUtils.java:260) - Successfully waited for Ranking Added Which Product/Service type do you want to provide your feedback about to be present on page.
 INFO [TestNG-tests-1] (SeleniumUtils.java:260) - Successfully waited for Ranking Added Which Product/Service type do you want to provide your feedback about to be present on page.
 INFO [TestNG-tests-1] (SeleniumUtils.java:214) - Successfully waited for Date Button to be present on page.
 INFO [TestNG-tests-1] (SeleniumUtils.java:64) - Successfully double clicked on Date Button element.
 INFO [TestNG-tests-1] (SeleniumUtils.java:626) - Successfully waited for loader to disappear.
 INFO [TestNG-tests-1] (SeleniumUtils.java:214) - Successfully waited for Iframe Button to be present on page.
 INFO [TestNG-tests-1] (SeleniumUtils.java:214) - Successfully waited for Description Text Input to be present on page.
 INFO [TestNG-tests-1] (SeleniumUtils.java:132) - Successfully entered Please enter the date of birth in Description Text Input textbox.
 INFO [TestNG-tests-1] (SeleniumUtils.java:214) - Successfully waited for Save Button to be present on page.
 INFO [TestNG-tests-1] (SeleniumUtils.java:37) - Successfully clicked on Save Button element.
 INFO [TestNG-tests-1] (SeleniumUtils.java:626) - Successfully waited for loader to disappear.
 INFO [TestNG-tests-1] (SeleniumUtils.java:260) - Successfully waited for Date Added Please enter the date of birth to be present on page.
 INFO [TestNG-tests-1] (SeleniumUtils.java:260) - Successfully waited for Date Added Please enter the date of birth to be present on page.
 INFO [TestNG-tests-1] (SeleniumUtils.java:214) - Successfully waited for Image Choice Button to be present on page.
 INFO [TestNG-tests-1] (SeleniumUtils.java:64) - Successfully double clicked on Image Choice Button element.
 INFO [TestNG-tests-1] (SeleniumUtils.java:626) - Successfully waited for loader to disappear.
 INFO [TestNG-tests-1] (SeleniumUtils.java:214) - Successfully waited for Iframe Button to be present on page.
 INFO [TestNG-tests-1] (SeleniumUtils.java:214) - Successfully waited for Description Text Input to be present on page.
 INFO [TestNG-tests-1] (SeleniumUtils.java:132) - Successfully entered Where you like to travel from the below place in Description Text Input textbox.
 INFO [TestNG-tests-1] (SeleniumUtils.java:214) - Successfully waited for Add Image to be present on page.
 INFO [TestNG-tests-1] (SeleniumUtils.java:37) - Successfully clicked on Add Image element.
 INFO [TestNG-tests-1] (SeleniumUtils.java:214) - Successfully waited for Iframe Questions Options to be present on page.
 INFO [TestNG-tests-1] (SeleniumUtils.java:620) - Successfully waited for loader to disappear.
 INFO [TestNG-tests-1] (SeleniumUtils.java:626) - Successfully waited for loader to disappear.
 INFO [TestNG-tests-1] (SeleniumUtils.java:620) - Successfully waited for loader to disappear.
 INFO [TestNG-tests-1] (SeleniumUtils.java:626) - Successfully waited for loader to disappear.
 INFO [TestNG-tests-1] (SeleniumUtils.java:214) - Successfully waited for Reporting Value to be present on page.
 INFO [TestNG-tests-1] (SeleniumUtils.java:132) - Successfully entered 6 in Reporting Value textbox.
 INFO [TestNG-tests-1] (SeleniumUtils.java:214) - Successfully waited for Add Image to be present on page.
 INFO [TestNG-tests-1] (SeleniumUtils.java:37) - Successfully clicked on Add Image element.
 INFO [TestNG-tests-1] (SeleniumUtils.java:620) - Successfully waited for loader to disappear.
 INFO [TestNG-tests-1] (SeleniumUtils.java:626) - Successfully waited for loader to disappear.
 INFO [TestNG-tests-1] (SeleniumUtils.java:620) - Successfully waited for loader to disappear.
 INFO [TestNG-tests-1] (SeleniumUtils.java:626) - Successfully waited for loader to disappear.
 INFO [TestNG-tests-1] (SeleniumUtils.java:214) - Successfully waited for Reporting Value to be present on page.
 INFO [TestNG-tests-1] (SeleniumUtils.java:132) - Successfully entered 7 in Reporting Value textbox.
 INFO [TestNG-tests-1] (SeleniumUtils.java:214) - Successfully waited for Save Button to be present on page.
 INFO [TestNG-tests-1] (SeleniumUtils.java:37) - Successfully clicked on Save Button element.
 INFO [TestNG-tests-1] (SeleniumUtils.java:620) - Successfully waited for loader to disappear.
 INFO [TestNG-tests-1] (SeleniumUtils.java:626) - Successfully waited for loader to disappear.
 INFO [TestNG-tests-1] (SeleniumUtils.java:214) - Successfully waited for Save Button to be present on page.
 INFO [TestNG-tests-1] (SeleniumUtils.java:37) - Successfully clicked on Save Button element.
 INFO [TestNG-tests-1] (SeleniumUtils.java:626) - Successfully waited for loader to disappear.
 INFO [TestNG-tests-1] (SeleniumUtils.java:260) - Successfully waited for Image Choice Added Where you like to travel from the below place to be present on page.
 INFO [TestNG-tests-1] (SeleniumUtils.java:260) - Successfully waited for Image Choice Added Where you like to travel from the below place to be present on page.
 INFO [TestNG-tests-1] (SeleniumUtils.java:597) - Image choice options added in the survey
 INFO [TestNG-tests-1] (SeleniumUtils.java:214) - Successfully waited for Multiple Textbox Button to be present on page.
 INFO [TestNG-tests-1] (SeleniumUtils.java:64) - Successfully double clicked on Multiple Textbox Button element.
 INFO [TestNG-tests-1] (SeleniumUtils.java:626) - Successfully waited for loader to disappear.
 INFO [TestNG-tests-1] (SeleniumUtils.java:214) - Successfully waited for Iframe Button to be present on page.
 INFO [TestNG-tests-1] (SeleniumUtils.java:214) - Successfully waited for Description Text Input to be present on page.
 INFO [TestNG-tests-1] (SeleniumUtils.java:132) - Successfully entered Please enter your qualification details below in Description Text Input textbox.
 INFO [TestNG-tests-1] (SeleniumUtils.java:214) - Successfully waited for Multi Textbox 1 Input to be present on page.
 INFO [TestNG-tests-1] (SeleniumUtils.java:132) - Successfully entered PHD in Multi Textbox 1 Input textbox.
 INFO [TestNG-tests-1] (SeleniumUtils.java:214) - Successfully waited for Multi Textbox 2 Input to be present on page.
 INFO [TestNG-tests-1] (SeleniumUtils.java:132) - Successfully entered Degree in Multi Textbox 2 Input textbox.
 INFO [TestNG-tests-1] (SeleniumUtils.java:214) - Successfully waited for Save Button to be present on page.
 INFO [TestNG-tests-1] (SeleniumUtils.java:37) - Successfully clicked on Save Button element.
 INFO [TestNG-tests-1] (SeleniumUtils.java:626) - Successfully waited for loader to disappear.
 INFO [TestNG-tests-1] (SeleniumUtils.java:260) - Successfully waited for Multi Text Box Added Please enter your qualification details below to be present on page.
 INFO [TestNG-tests-1] (SeleniumUtils.java:260) - Successfully waited for Multi Text Box Added Please enter your qualification details below to be present on page.
 INFO [TestNG-tests-1] (SeleniumUtils.java:597) - Multi Text Box options added in the survey
 INFO [TestNG-tests-1] (SeleniumUtils.java:214) - Successfully waited for Multiple DropDown Button to be present on page.
 INFO [TestNG-tests-1] (SeleniumUtils.java:64) - Successfully double clicked on Multiple DropDown Button element.
 INFO [TestNG-tests-1] (SeleniumUtils.java:626) - Successfully waited for loader to disappear.
 INFO [TestNG-tests-1] (SeleniumUtils.java:214) - Successfully waited for Iframe Button to be present on page.
 INFO [TestNG-tests-1] (SeleniumUtils.java:214) - Successfully waited for Description Text Input to be present on page.
 INFO [TestNG-tests-1] (SeleniumUtils.java:132) - Successfully entered To what extent do you think that THE PRODUCT is worth the price? in Description Text Input textbox.
 INFO [TestNG-tests-1] (SeleniumUtils.java:214) - Successfully waited for Answer Library Button to be present on page.
 INFO [TestNG-tests-1] (SeleniumUtils.java:37) - Successfully clicked on Answer Library Button element.
 INFO [TestNG-tests-1] (SeleniumUtils.java:620) - Successfully waited for loader to disappear.
 INFO [TestNG-tests-1] (SeleniumUtils.java:626) - Successfully waited for loader to disappear.
 INFO [TestNG-tests-1] (SeleniumUtils.java:218) - Get Answer Options from Answer Library Button not present on page.
]]></system-out>
    <system-err><![CDATA[Nov 24, 2020 9:12:52 PM org.openqa.selenium.remote.DesiredCapabilities chrome
INFO: Using `new ChromeOptions()` is preferred to `DesiredCapabilities.chrome()`
Starting ChromeDriver 87.0.4280.20 (c99e81631faa0b2a448e658c0dbd8311fb04ddbd-refs/branch-heads/4280@{#355}) on port 4269
Only local connections are allowed.
Please see https://chromedriver.chromium.org/security-considerations for suggestions on keeping ChromeDriver safe.
ChromeDriver was started successfully.
[1606232574.102][WARNING]: Deprecated chrome option is ignored: useAutomationExtension
[1606232574.102][WARNING]: Deprecated chrome option is ignored: useAutomationExtension
Nov 24, 2020 9:12:56 PM org.openqa.selenium.remote.ProtocolHandshake createSession
INFO: Detected dialect: W3C
]]></system-err>
  </testcase>
  <testcase name="reporterDataResults" classname="com.sogo.smoke.smxpage.SMXPage_TC" time="376.251">
    <failure message="timeout: Timed out receiving message from renderer: 10.000&#10;  (Session info: chrome=87.0.4280.66)&#10;Build info: version: &apos;3.141.59&apos;, revision: &apos;e82be7d358&apos;, time: &apos;2018-11-14T08:17:03&apos;&#10;System info: host: &apos;SANKET-PC&apos;, ip: &apos;192.168.1.18&apos;, os.name: &apos;Windows 10&apos;, os.arch: &apos;amd64&apos;, os.version: &apos;10.0&apos;, java.version: &apos;1.8.0_144&apos;&#10;Driver info: org.openqa.selenium.chrome.ChromeDriver&#10;Capabilities {acceptInsecureCerts: false, browserName: chrome, browserVersion: 87.0.4280.66, chrome: {chromedriverVersion: 87.0.4280.20 (c99e81631faa0..., userDataDir: C:\Users\Shanks\AppData\Loc...}, goog:chromeOptions: {debuggerAddress: localhost:19776}, javascriptEnabled: true, networkConnectionEnabled: false, pageLoadStrategy: normal, platform: WINDOWS, platformName: WINDOWS, proxy: Proxy(), setWindowRect: true, strictFileInteractability: false, timeouts: {implicit: 0, pageLoad: 300000, script: 30000}, unhandledPromptBehavior: accept, webauthn:virtualAuthenticators: true}&#10;Session ID: 7e5edabd0df25860381d57edc11d503e" type="org.openqa.selenium.TimeoutException">org.openqa.selenium.TimeoutException: 
timeout: Timed out receiving message from renderer: 10.000
  (Session info: chrome=87.0.4280.66)
Build info: version: '3.141.59', revision: 'e82be7d358', time: '2018-11-14T08:17:03'
System info: host: 'SANKET-PC', ip: '192.168.1.18', os.name: 'Windows 10', os.arch: 'amd64', os.version: '10.0', java.version: '1.8.0_144'
Driver info: org.openqa.selenium.chrome.ChromeDriver
Capabilities {acceptInsecureCerts: false, browserName: chrome, browserVersion: 87.0.4280.66, chrome: {chromedriverVersion: 87.0.4280.20 (c99e81631faa0..., userDataDir: C:\Users\Shanks\AppData\Loc...}, goog:chromeOptions: {debuggerAddress: localhost:19776}, javascriptEnabled: true, networkConnectionEnabled: false, pageLoadStrategy: normal, platform: WINDOWS, platformName: WINDOWS, proxy: Proxy(), setWindowRect: true, strictFileInteractability: false, timeouts: {implicit: 0, pageLoad: 300000, script: 30000}, unhandledPromptBehavior: accept, webauthn:virtualAuthenticators: true}
Session ID: 7e5edabd0df25860381d57edc11d503e
	at com.sogo.smoke.smxpage.SMXPage_TC.reporterDataResults(SMXPage_TC.java:133)
</failure>
    <system-err><![CDATA[[1606232898.687][SEVERE]: Timed out receiving message from renderer: 10.000
[1606232898.687][WARNING]: screenshot failed, retrying timeout: Timed out receiving message from renderer: 10.000
[1606232908.696][SEVERE]: Timed out receiving message from renderer: 10.000
[1606232918.719][SEVERE]: Timed out receiving message from renderer: 10.000
[1606232918.720][WARNING]: screenshot failed, retrying timeout: Timed out receiving message from renderer: 10.000
[1606232928.724][SEVERE]: Timed out receiving message from renderer: 10.000
[1606232938.734][SEVERE]: Timed out receiving message from renderer: 10.000
[1606232938.734][WARNING]: screenshot failed, retrying timeout: Timed out receiving message from renderer: 10.000
[1606232948.742][SEVERE]: Timed out receiving message from renderer: 10.000
]]></system-err>
  </testcase>
</testsuite>