-------------------------------------------------------------------------------
Test set: TestSuite
-------------------------------------------------------------------------------
Tests run: 2, Failures: 1, Errors: 0, Skipped: 1, Time elapsed: 192.941 s <<< FAILURE! - in TestSuite
Smoke_TC2(com.research.smoke.smxpage.SMXPage_TC)  Time elapsed: 188.24 s  <<< FAILURE!
java.lang.AssertionError: Image choice options not added in the survey
	at com.research.smoke.smxpage.SMXPage_TC.Smoke_TC2(SMXPage_TC.java:116)

